Log file open, 06/24/22 12:29:53
LogWindows: Failed to load 'aqProf.dll' (GetLastError=126)
LogWindows: File 'aqProf.dll' does not exist
LogWindows: Failed to load 'VtuneApi.dll' (GetLastError=126)
LogWindows: File 'VtuneApi.dll' does not exist
LogWindows: Failed to load 'VtuneApi32e.dll' (GetLastError=126)
LogWindows: File 'VtuneApi32e.dll' does not exist
LogConsoleResponse: Display: Failed to find resolution value strings in scalability ini. Falling back to default.
LogConsoleResponse: Display: Failed to find resolution value strings in scalability ini. Falling back to default.
LogInit: Display: Running engine for game: UEStudyForMMO
LogPlatformFile: Not using cached read wrapper
LogTaskGraph: Started task graph with 5 named threads and 23 total threads with 3 sets of task threads.
LogStats: Stats thread started at 0.352961
LogICUInternationalization: ICU TimeZone Detection - Raw Offset: +9:00, Platform Override: ''
LogInit: Display: Loading text-based GConfig....
LogPluginManager: Mounting plugin MeshPainting
LogPluginManager: Mounting plugin XGEController
LogPluginManager: Mounting plugin AISupport
LogPluginManager: Mounting plugin Paper2D
LogPluginManager: Mounting plugin EnvironmentQueryEditor
LogPluginManager: Mounting plugin LightPropagationVolume
LogPluginManager: Mounting plugin CameraShakePreviewer
LogPluginManager: Mounting plugin GameplayCameras
LogPluginManager: Mounting plugin OodleData
LogPluginManager: Mounting plugin OodleNetwork
LogPluginManager: Mounting plugin AnimationSharing
LogPluginManager: Mounting plugin CLionSourceCodeAccess
LogPluginManager: Mounting plugin CodeLiteSourceCodeAccess
LogPluginManager: Mounting plugin KDevelopSourceCodeAccess
LogPluginManager: Mounting plugin GitSourceControl
LogPluginManager: Mounting plugin NullSourceCodeAccess
LogPluginManager: Mounting plugin PerforceSourceControl
LogPluginManager: Mounting plugin PixWinPlugin
LogPluginManager: Mounting plugin PlasticSourceControl
LogPluginManager: Mounting plugin PluginUtils
LogPluginManager: Mounting plugin RiderSourceCodeAccess
LogPluginManager: Mounting plugin PropertyAccessNode
LogPluginManager: Mounting plugin SubversionSourceControl
LogPluginManager: Mounting plugin TextureFormatOodle
LogPluginManager: Mounting plugin UObjectPlugin
LogPluginManager: Mounting plugin VisualStudioCodeSourceCodeAccess
LogPluginManager: Mounting plugin VisualStudioSourceCodeAccess
LogPluginManager: Mounting plugin AssetManagerEditor
LogPluginManager: Mounting plugin XCodeSourceCodeAccess
LogPluginManager: Mounting plugin CryptoKeys
LogPluginManager: Mounting plugin CurveEditorTools
LogPluginManager: Mounting plugin DataValidation
LogPluginManager: Mounting plugin FacialAnimation
LogPluginManager: Mounting plugin GeometryMode
LogPluginManager: Mounting plugin GameplayTagsEditor
LogPluginManager: Mounting plugin MaterialAnalyzer
LogPluginManager: Mounting plugin MacGraphicsSwitching
LogPluginManager: Mounting plugin MobileLauncherProfileWizard
LogPluginManager: Mounting plugin PluginBrowser
LogPluginManager: Mounting plugin SpeedTreeImporter
LogPluginManager: Mounting plugin DatasmithContent
LogPluginManager: Mounting plugin VariantManagerContent
LogPluginManager: Mounting plugin Niagara
LogPluginManager: Mounting plugin AlembicImporter
LogPluginManager: Mounting plugin AutomationUtils
LogPluginManager: Mounting plugin BackChannel
LogPluginManager: Mounting plugin ChaosCloth
LogPluginManager: Mounting plugin ChaosClothEditor
LogPluginManager: Mounting plugin ChaosEditor
LogPluginManager: Mounting plugin ChaosNiagara
LogPluginManager: Mounting plugin ChaosSolverPlugin
LogPluginManager: Mounting plugin CharacterAI
LogPluginManager: Mounting plugin GeometryCache
LogPluginManager: Mounting plugin GeometryCollectionPlugin
LogPluginManager: Mounting plugin GeometryProcessing
LogPluginManager: Mounting plugin OpenImageDenoise
LogPluginManager: Mounting plugin PlanarCut
LogPluginManager: Mounting plugin PlatformCrypto
LogPluginManager: Mounting plugin ProxyLODPlugin
LogPluginManager: Mounting plugin MotoSynth
LogPluginManager: Mounting plugin PythonScriptPlugin
LogPluginManager: Mounting plugin SkeletalReduction
LogPluginManager: Mounting plugin AndroidMedia
LogPluginManager: Mounting plugin AvfMedia
LogPluginManager: Mounting plugin ImgMedia
LogPluginManager: Mounting plugin MediaCompositing
LogPluginManager: Mounting plugin MediaPlayerEditor
LogPluginManager: Mounting plugin LuminPlatformFeatures
LogPluginManager: Mounting plugin MagicLeap
LogPluginManager: Mounting plugin MagicLeapLightEstimation
LogPluginManager: Mounting plugin MagicLeapMedia
LogPluginManager: Mounting plugin WebMMedia
LogPluginManager: Mounting plugin MagicLeapPassableWorld
LogPluginManager: Mounting plugin WmfMedia
LogPluginManager: Mounting plugin MLSDK
LogPluginManager: Mounting plugin TcpMessaging
LogPluginManager: Mounting plugin UdpMessaging
LogPluginManager: Mounting plugin ActorSequence
LogPluginManager: Mounting plugin LevelSequenceEditor
LogPluginManager: Mounting plugin MatineeToLevelSequence
LogPluginManager: Mounting plugin TemplateSequence
LogPluginManager: Mounting plugin OnlineSubsystem
LogPluginManager: Mounting plugin OnlineSubsystemNull
LogPluginManager: Mounting plugin OnlineSubsystemUtils
LogPluginManager: Mounting plugin LauncherChunkInstaller
LogPluginManager: Mounting plugin ActorLayerUtilities
LogPluginManager: Mounting plugin AndroidDeviceProfileSelector
LogPluginManager: Mounting plugin AndroidMoviePlayer
LogPluginManager: Mounting plugin AndroidPermission
LogPluginManager: Mounting plugin AppleImageUtils
LogPluginManager: Mounting plugin AppleMoviePlayer
LogPluginManager: Mounting plugin AssetTags
LogPluginManager: Mounting plugin AudioCapture
LogPluginManager: Mounting plugin AudioSynesthesia
LogPluginManager: Mounting plugin ArchVisCharacter
LogPluginManager: Mounting plugin CableComponent
LogPluginManager: Mounting plugin ChunkDownloader
LogPluginManager: Mounting plugin CustomMeshComponent
LogPluginManager: Mounting plugin EditableMesh
LogPluginManager: Mounting plugin ExampleDeviceProfileSelector
LogPluginManager: Mounting plugin GoogleCloudMessaging
LogPluginManager: Mounting plugin GooglePAD
LogPluginManager: Mounting plugin ScreenshotTools
LogPluginManager: Mounting plugin IOSDeviceProfileSelector
LogPluginManager: Mounting plugin LinuxDeviceProfileSelector
LogPluginManager: Mounting plugin LocationServicesBPLibrary
LogPluginManager: Mounting plugin MobilePatchingUtils
LogPluginManager: Mounting plugin OpenXR
LogPluginManager: Mounting plugin OpenXREyeTracker
LogPluginManager: Mounting plugin OpenXRHandTracking
LogPluginManager: Mounting plugin PhysXVehicles
LogPluginManager: Mounting plugin ProceduralMeshComponent
LogPluginManager: Mounting plugin PostSplashScreen
LogPluginManager: Mounting plugin PropertyAccessEditor
LogPluginManager: Mounting plugin SignificanceManager
LogPluginManager: Mounting plugin SoundFields
LogPluginManager: Mounting plugin Synthesis
LogPluginManager: Mounting plugin WebMMoviePlayer
LogPluginManager: Mounting plugin RuntimePhysXCooking
LogPluginManager: Mounting plugin WindowsMoviePlayer
LogPluginManager: Mounting plugin Takes
LogPluginManager: Mounting plugin LiveLink
LogPluginManager: Mounting plugin ContentBrowserAssetDataSource
LogPluginManager: Mounting plugin ContentBrowserClassDataSource
LogPluginManager: Mounting plugin ContentBrowserFileDataSource
LogPluginManager: Mounting plugin OnlineSubsystemGooglePlay
LogPluginManager: Mounting plugin OnlineSubsystemIOS
LogPluginManager: Mounting plugin OculusVR
LogPluginManager: Mounting plugin SteamVR
PixWinPlugin: PIX capture plugin failed to initialize! Check that the process is launched from PIX.
LogInit: Using libcurl 7.55.1-DEV
LogInit:  - built for x86_64-pc-win32
LogInit:  - supports SSL with OpenSSL/1.1.1
LogInit:  - supports HTTP deflate (compression) using libz 1.2.8
LogInit:  - other features:
LogInit:      CURL_VERSION_SSL
LogInit:      CURL_VERSION_LIBZ
LogInit:      CURL_VERSION_IPV6
LogInit:      CURL_VERSION_ASYNCHDNS
LogInit:      CURL_VERSION_LARGEFILE
LogInit:      CURL_VERSION_IDN
LogInit:  CurlRequestOptions (configurable via config and command line):
LogInit:  - bVerifyPeer = true  - Libcurl will verify peer certificate
LogInit:  - bUseHttpProxy = false  - Libcurl will NOT use HTTP proxy
LogInit:  - bDontReuseConnections = false  - Libcurl will reuse connections
LogInit:  - MaxHostConnections = 16  - Libcurl will limit the number of connections to a host
LogInit:  - LocalHostAddr = Default
LogInit:  - BufferSize = 65536
LogOnline: OSS: Creating online subsystem instance for: NULL
LogInit: WinSock: version 1.1 (2.2), MaxSocks=32767, MaxUdp=65467
LogOnline: OSS: TryLoadSubsystemAndSetDefault: Loaded subsystem for module [NULL]
LogOculusPluginWrapper: OculusPlugin initialized successfully
LogHMD: Failed initializing OVRPlugin 1.59.0
LogInit: Build: ++UE4+Release-4.27-CL-18319896
LogInit: Engine Version: 4.27.2-18319896+++UE4+Release-4.27
LogInit: Compatible Engine Version: 4.27.0-17155196+++UE4+Release-4.27
LogInit: Net CL: 17155196
LogInit: OS: Windows 10 (Release 2009) (), CPU: Intel(R) Core(TM) i5-10300H CPU @ 2.50GHz, GPU: Intel(R) UHD Graphics
LogInit: Compiled (64-bit): Nov 30 2021 07:12:08
LogInit: Compiled with Visual C++: 19.24.28315.00
LogInit: Build Configuration: Development
LogInit: Branch Name: ++UE4+Release-4.27
LogInit: Command Line:  -skipcompile
LogInit: Base Directory: C:/Program Files/Epic Games/UE_4.27/Engine/Binaries/Win64/
LogInit: Allocator: TBB
LogInit: Installed Engine Build: 1
LogDevObjectVersion: Number of dev versions registered: 29
LogDevObjectVersion:   Dev-Blueprints (B0D832E4-1F89-4F0D-ACCF-7EB736FD4AA2): 10
LogDevObjectVersion:   Dev-Build (E1C64328-A22C-4D53-A36C-8E866417BD8C): 0
LogDevObjectVersion:   Dev-Core (375EC13C-06E4-48FB-B500-84F0262A717E): 4
LogDevObjectVersion:   Dev-Editor (E4B068ED-F494-42E9-A231-DA0B2E46BB41): 40
LogDevObjectVersion:   Dev-Framework (CFFC743F-43B0-4480-9391-14DF171D2073): 37
LogDevObjectVersion:   Dev-Mobile (B02B49B5-BB20-44E9-A304-32B752E40360): 3
LogDevObjectVersion:   Dev-Networking (A4E4105C-59A1-49B5-A7C5-40C4547EDFEE): 0
LogDevObjectVersion:   Dev-Online (39C831C9-5AE6-47DC-9A44-9C173E1C8E7C): 0
LogDevObjectVersion:   Dev-Physics (78F01B33-EBEA-4F98-B9B4-84EACCB95AA2): 14
LogDevObjectVersion:   Dev-Platform (6631380F-2D4D-43E0-8009-CF276956A95A): 0
LogDevObjectVersion:   Dev-Rendering (12F88B9F-8875-4AFC-A67C-D90C383ABD29): 45
LogDevObjectVersion:   Dev-Sequencer (7B5AE74C-D270-4C10-A958-57980B212A5A): 13
LogDevObjectVersion:   Dev-VR (D7296918-1DD6-4BDD-9DE2-64A83CC13884): 3
LogDevObjectVersion:   Dev-LoadTimes (C2A15278-BFE7-4AFE-6C17-90FF531DF755): 1
LogDevObjectVersion:   Private-Geometry (6EACA3D4-40EC-4CC1-B786-8BED09428FC5): 3
LogDevObjectVersion:   Dev-AnimPhys (29E575DD-E0A3-4627-9D10-D276232CDCEA): 17
LogDevObjectVersion:   Dev-Anim (AF43A65D-7FD3-4947-9873-3E8ED9C1BB05): 15
LogDevObjectVersion:   Dev-ReflectionCapture (6B266CEC-1EC7-4B8F-A30B-E4D90942FC07): 1
LogDevObjectVersion:   Dev-Automation (0DF73D61-A23F-47EA-B727-89E90C41499A): 1
LogDevObjectVersion:   FortniteMain (601D1886-AC64-4F84-AA16-D3DE0DEAC7D6): 47
LogDevObjectVersion:   FortniteRelease (E7086368-6B23-4C58-8439-1B7016265E91): 1
LogDevObjectVersion:   Dev-Enterprise (9DFFBCD6-494F-0158-E221-12823C92A888): 10
LogDevObjectVersion:   Dev-Niagara (F2AED0AC-9AFE-416F-8664-AA7FFA26D6FC): 1
LogDevObjectVersion:   Dev-Destruction (174F1F0B-B4C6-45A5-B13F-2EE8D0FB917D): 10
LogDevObjectVersion:   Dev-Physics-Ext (35F94A83-E258-406C-A318-09F59610247C): 41
LogDevObjectVersion:   Dev-PhysicsMaterial-Chaos (B68FC16E-8B1B-42E2-B453-215C058844FE): 1
LogDevObjectVersion:   Dev-CineCamera (B2E18506-4273-CFC2-A54E-F4BB758BBA07): 1
LogDevObjectVersion:   Dev-VirtualProduction (64F58936-FD1B-42BA-BA96-7289D5D0FA4E): 1
LogDevObjectVersion:   Dev-MediaFramework (6F0ED827-A609-4895-9C91-998D90180EA4): 2
LogInit: Presizing for max 25165824 objects, including 0 objects not considered by GC, pre-allocating 0 bytes for permanent pool.
LogConfig: Applying CVar settings from Section [/Script/Engine.StreamingSettings] File [C:/Users/dltkd/UE4_Study_MMO/UEStudyForMMO/Saved/Config/Windows/Engine.ini]
LogConfig: Setting CVar [[s.MinBulkDataSizeForAsyncLoading:131072]]
LogConfig: Setting CVar [[s.AsyncLoadingThreadEnabled:0]]
LogConfig: Setting CVar [[s.EventDrivenLoaderEnabled:1]]
LogConfig: Setting CVar [[s.WarnIfTimeLimitExceeded:0]]
LogConfig: Setting CVar [[s.TimeLimitExceededMultiplier:1.5]]
LogConfig: Setting CVar [[s.TimeLimitExceededMinTime:0.005]]
LogConfig: Setting CVar [[s.UseBackgroundLevelStreaming:1]]
LogConfig: Setting CVar [[s.PriorityAsyncLoadingExtraTime:15.0]]
LogConfig: Setting CVar [[s.LevelStreamingActorsUpdateTimeLimit:5.0]]
LogConfig: Setting CVar [[s.PriorityLevelStreamingActorsUpdateExtraTime:5.0]]
LogConfig: Setting CVar [[s.LevelStreamingComponentsRegistrationGranularity:10]]
LogConfig: Setting CVar [[s.UnregisterComponentsTimeLimit:1.0]]
LogConfig: Setting CVar [[s.LevelStreamingComponentsUnregistrationGranularity:5]]
LogConfig: Setting CVar [[s.FlushStreamingOnExit:1]]
LogInit: Object subsystem initialized
LogConfig: Setting CVar [[con.DebugEarlyDefault:1]]
LogConfig: Setting CVar [[r.setres:1280x720]]
[2022.06.24-03.29.54:457][  0]LogConfig: Setting CVar [[r.VSync:0]]
[2022.06.24-03.29.54:457][  0]LogConfig: Setting CVar [[r.RHICmdBypass:0]]
[2022.06.24-03.29.54:457][  0]LogConfig: Applying CVar settings from Section [/Script/Engine.RendererSettings] File [C:/Users/dltkd/UE4_Study_MMO/UEStudyForMMO/Saved/Config/Windows/Engine.ini]
[2022.06.24-03.29.54:457][  0]LogConfig: Setting CVar [[r.GPUCrashDebugging:0]]
[2022.06.24-03.29.54:457][  0]LogConfig: Applying CVar settings from Section [/Script/Engine.RendererOverrideSettings] File [C:/Users/dltkd/UE4_Study_MMO/UEStudyForMMO/Saved/Config/Windows/Engine.ini]
[2022.06.24-03.29.54:457][  0]LogConfig: Applying CVar settings from Section [/Script/Engine.StreamingSettings] File [C:/Users/dltkd/UE4_Study_MMO/UEStudyForMMO/Saved/Config/Windows/Engine.ini]
[2022.06.24-03.29.54:457][  0]LogConfig: Setting CVar [[s.MinBulkDataSizeForAsyncLoading:131072]]
[2022.06.24-03.29.54:457][  0]LogConfig: Setting CVar [[s.AsyncLoadingThreadEnabled:0]]
[2022.06.24-03.29.54:457][  0]LogConfig: Setting CVar [[s.EventDrivenLoaderEnabled:1]]
[2022.06.24-03.29.54:457][  0]LogConfig: Setting CVar [[s.WarnIfTimeLimitExceeded:0]]
[2022.06.24-03.29.54:457][  0]LogConfig: Setting CVar [[s.TimeLimitExceededMultiplier:1.5]]
[2022.06.24-03.29.54:457][  0]LogConfig: Setting CVar [[s.TimeLimitExceededMinTime:0.005]]
[2022.06.24-03.29.54:457][  0]LogConfig: Setting CVar [[s.UseBackgroundLevelStreaming:1]]
[2022.06.24-03.29.54:457][  0]LogConfig: Setting CVar [[s.PriorityAsyncLoadingExtraTime:15.0]]
[2022.06.24-03.29.54:457][  0]LogConfig: Setting CVar [[s.LevelStreamingActorsUpdateTimeLimit:5.0]]
[2022.06.24-03.29.54:457][  0]LogConfig: Setting CVar [[s.PriorityLevelStreamingActorsUpdateExtraTime:5.0]]
[2022.06.24-03.29.54:457][  0]LogConfig: Setting CVar [[s.LevelStreamingComponentsRegistrationGranularity:10]]
[2022.06.24-03.29.54:457][  0]LogConfig: Setting CVar [[s.UnregisterComponentsTimeLimit:1.0]]
[2022.06.24-03.29.54:457][  0]LogConfig: Setting CVar [[s.LevelStreamingComponentsUnregistrationGranularity:5]]
[2022.06.24-03.29.54:457][  0]LogConfig: Setting CVar [[s.FlushStreamingOnExit:1]]
[2022.06.24-03.29.54:457][  0]LogConfig: Applying CVar settings from Section [/Script/Engine.GarbageCollectionSettings] File [C:/Users/dltkd/UE4_Study_MMO/UEStudyForMMO/Saved/Config/Windows/Engine.ini]
[2022.06.24-03.29.54:457][  0]LogConfig: Setting CVar [[gc.MaxObjectsNotConsideredByGC:1]]
[2022.06.24-03.29.54:457][  0]LogConfig: Setting CVar [[gc.SizeOfPermanentObjectPool:0]]
[2022.06.24-03.29.54:457][  0]LogConfig: Setting CVar [[gc.FlushStreamingOnGC:0]]
[2022.06.24-03.29.54:457][  0]LogConfig: Setting CVar [[gc.NumRetriesBeforeForcingGC:10]]
[2022.06.24-03.29.54:457][  0]LogConfig: Setting CVar [[gc.AllowParallelGC:1]]
[2022.06.24-03.29.54:457][  0]LogConfig: Setting CVar [[gc.TimeBetweenPurgingPendingKillObjects:61.1]]
[2022.06.24-03.29.54:457][  0]LogConfig: Setting CVar [[gc.MaxObjectsInEditor:25165824]]
[2022.06.24-03.29.54:457][  0]LogConfig: Setting CVar [[gc.IncrementalBeginDestroyEnabled:1]]
[2022.06.24-03.29.54:457][  0]LogConfig: Setting CVar [[gc.CreateGCClusters:1]]
[2022.06.24-03.29.54:457][  0]LogConfig: Setting CVar [[gc.MinGCClusterSize:5]]
[2022.06.24-03.29.54:457][  0]LogConfig: Setting CVar [[gc.ActorClusteringEnabled:0]]
[2022.06.24-03.29.54:457][  0]LogConfig: Setting CVar [[gc.BlueprintClusteringEnabled:0]]
[2022.06.24-03.29.54:457][  0]LogConfig: Setting CVar [[gc.UseDisregardForGCOnDedicatedServers:0]]
[2022.06.24-03.29.54:457][  0]LogConfig: Setting CVar [[gc.MultithreadedDestructionEnabled:1]]
[2022.06.24-03.29.54:457][  0]LogConfig: Applying CVar settings from Section [/Script/Engine.NetworkSettings] File [C:/Users/dltkd/UE4_Study_MMO/UEStudyForMMO/Saved/Config/Windows/Engine.ini]
[2022.06.24-03.29.54:457][  0]LogConfig: Applying CVar settings from Section [/Script/UnrealEd.CookerSettings] File [C:/Users/dltkd/UE4_Study_MMO/UEStudyForMMO/Saved/Config/Windows/Engine.ini]
[2022.06.24-03.29.54:476][  0]LogConfig: Applying CVar settings from Section [ViewDistanceQuality@3] File [C:/Users/dltkd/UE4_Study_MMO/UEStudyForMMO/Saved/Config/Windows/Scalability.ini]
[2022.06.24-03.29.54:476][  0]LogConfig: Setting CVar [[r.SkeletalMeshLODBias:0]]
[2022.06.24-03.29.54:476][  0]LogConfig: Setting CVar [[r.ViewDistanceScale:1.0]]
[2022.06.24-03.29.54:476][  0]LogConfig: Applying CVar settings from Section [AntiAliasingQuality@3] File [C:/Users/dltkd/UE4_Study_MMO/UEStudyForMMO/Saved/Config/Windows/Scalability.ini]
[2022.06.24-03.29.54:476][  0]LogConfig: Setting CVar [[r.PostProcessAAQuality:4]]
[2022.06.24-03.29.54:476][  0]LogConfig: Applying CVar settings from Section [ShadowQuality@3] File [C:/Users/dltkd/UE4_Study_MMO/UEStudyForMMO/Saved/Config/Windows/Scalability.ini]
[2022.06.24-03.29.54:476][  0]LogConfig: Setting CVar [[r.LightFunctionQuality:1]]
[2022.06.24-03.29.54:476][  0]LogConfig: Setting CVar [[r.ShadowQuality:5]]
[2022.06.24-03.29.54:476][  0]LogConfig: Setting CVar [[r.Shadow.CSM.MaxCascades:10]]
[2022.06.24-03.29.54:476][  0]LogConfig: Setting CVar [[r.Shadow.MaxResolution:2048]]
[2022.06.24-03.29.54:476][  0]LogConfig: Setting CVar [[r.Shadow.MaxCSMResolution:2048]]
[2022.06.24-03.29.54:476][  0]LogConfig: Setting CVar [[r.Shadow.RadiusThreshold:0.01]]
[2022.06.24-03.29.54:476][  0]LogConfig: Setting CVar [[r.Shadow.DistanceScale:1.0]]
[2022.06.24-03.29.54:476][  0]LogConfig: Setting CVar [[r.Shadow.CSM.TransitionScale:1.0]]
[2022.06.24-03.29.54:476][  0]LogConfig: Setting CVar [[r.Shadow.PreShadowResolutionFactor:1.0]]
[2022.06.24-03.29.54:476][  0]LogConfig: Setting CVar [[r.DistanceFieldShadowing:1]]
[2022.06.24-03.29.54:476][  0]LogConfig: Setting CVar [[r.DistanceFieldAO:1]]
[2022.06.24-03.29.54:476][  0]LogConfig: Setting CVar [[r.AOQuality:2]]
[2022.06.24-03.29.54:476][  0]LogConfig: Setting CVar [[r.VolumetricFog:1]]
[2022.06.24-03.29.54:476][  0]LogConfig: Setting CVar [[r.VolumetricFog.GridPixelSize:8]]
[2022.06.24-03.29.54:476][  0]LogConfig: Setting CVar [[r.VolumetricFog.GridSizeZ:128]]
[2022.06.24-03.29.54:476][  0]LogConfig: Setting CVar [[r.VolumetricFog.HistoryMissSupersampleCount:4]]
[2022.06.24-03.29.54:476][  0]LogConfig: Setting CVar [[r.LightMaxDrawDistanceScale:1]]
[2022.06.24-03.29.54:476][  0]LogConfig: Setting CVar [[r.CapsuleShadows:1]]
[2022.06.24-03.29.54:476][  0]LogConfig: Applying CVar settings from Section [PostProcessQuality@3] File [C:/Users/dltkd/UE4_Study_MMO/UEStudyForMMO/Saved/Config/Windows/Scalability.ini]
[2022.06.24-03.29.54:476][  0]LogConfig: Setting CVar [[r.MotionBlurQuality:4]]
[2022.06.24-03.29.54:476][  0]LogConfig: Setting CVar [[r.AmbientOcclusionMipLevelFactor:0.4]]
[2022.06.24-03.29.54:476][  0]LogConfig: Setting CVar [[r.AmbientOcclusionMaxQuality:100]]
[2022.06.24-03.29.54:476][  0]LogConfig: Setting CVar [[r.AmbientOcclusionLevels:-1]]
[2022.06.24-03.29.54:476][  0]LogConfig: Setting CVar [[r.AmbientOcclusionRadiusScale:1.0]]
[2022.06.24-03.29.54:476][  0]LogConfig: Setting CVar [[r.DepthOfFieldQuality:2]]
[2022.06.24-03.29.54:476][  0]LogConfig: Setting CVar [[r.RenderTargetPoolMin:400]]
[2022.06.24-03.29.54:476][  0]LogConfig: Setting CVar [[r.LensFlareQuality:2]]
[2022.06.24-03.29.54:476][  0]LogConfig: Setting CVar [[r.SceneColorFringeQuality:1]]
[2022.06.24-03.29.54:476][  0]LogConfig: Setting CVar [[r.EyeAdaptationQuality:2]]
[2022.06.24-03.29.54:476][  0]LogConfig: Setting CVar [[r.BloomQuality:5]]
[2022.06.24-03.29.54:476][  0]LogConfig: Setting CVar [[r.FastBlurThreshold:100]]
[2022.06.24-03.29.54:476][  0]LogConfig: Setting CVar [[r.Upscale.Quality:3]]
[2022.06.24-03.29.54:476][  0]LogConfig: Setting CVar [[r.Tonemapper.GrainQuantization:1]]
[2022.06.24-03.29.54:476][  0]LogConfig: Setting CVar [[r.LightShaftQuality:1]]
[2022.06.24-03.29.54:476][  0]LogConfig: Setting CVar [[r.Filter.SizeScale:1]]
[2022.06.24-03.29.54:476][  0]LogConfig: Setting CVar [[r.Tonemapper.Quality:5]]
[2022.06.24-03.29.54:476][  0]LogConfig: Setting CVar [[r.DOF.Gather.AccumulatorQuality:1        ; higher gathering accumulator quality]]
[2022.06.24-03.29.54:476][  0]LogConfig: Setting CVar [[r.DOF.Gather.PostfilterMethod:1          ; Median3x3 postfilering method]]
[2022.06.24-03.29.54:476][  0]LogConfig: Setting CVar [[r.DOF.Gather.EnableBokehSettings:0       ; no bokeh simulation when gathering]]
[2022.06.24-03.29.54:476][  0]LogConfig: Setting CVar [[r.DOF.Gather.RingCount:4                 ; medium number of samples when gathering]]
[2022.06.24-03.29.54:476][  0]LogConfig: Setting CVar [[r.DOF.Scatter.ForegroundCompositing:1    ; additive foreground scattering]]
[2022.06.24-03.29.54:476][  0]LogConfig: Setting CVar [[r.DOF.Scatter.BackgroundCompositing:2    ; additive background scattering]]
[2022.06.24-03.29.54:476][  0]LogConfig: Setting CVar [[r.DOF.Scatter.EnableBokehSettings:1      ; bokeh simulation when scattering]]
[2022.06.24-03.29.54:476][  0]LogConfig: Setting CVar [[r.DOF.Scatter.MaxSpriteRatio:0.1         ; only a maximum of 10% of scattered bokeh]]
[2022.06.24-03.29.54:477][  0]LogConfig: Setting CVar [[r.DOF.Recombine.Quality:1                ; cheap slight out of focus]]
[2022.06.24-03.29.54:477][  0]LogConfig: Setting CVar [[r.DOF.Recombine.EnableBokehSettings:0    ; no bokeh simulation on slight out of focus]]
[2022.06.24-03.29.54:477][  0]LogConfig: Setting CVar [[r.DOF.TemporalAAQuality:1                ; more stable temporal accumulation]]
[2022.06.24-03.29.54:477][  0]LogConfig: Setting CVar [[r.DOF.Kernel.MaxForegroundRadius:0.025]]
[2022.06.24-03.29.54:477][  0]LogConfig: Setting CVar [[r.DOF.Kernel.MaxBackgroundRadius:0.025]]
[2022.06.24-03.29.54:477][  0]LogConfig: Applying CVar settings from Section [TextureQuality@3] File [C:/Users/dltkd/UE4_Study_MMO/UEStudyForMMO/Saved/Config/Windows/Scalability.ini]
[2022.06.24-03.29.54:477][  0]LogConfig: Setting CVar [[r.Streaming.MipBias:0]]
[2022.06.24-03.29.54:477][  0]LogConfig: Setting CVar [[r.Streaming.AmortizeCPUToGPUCopy:0]]
[2022.06.24-03.29.54:477][  0]LogConfig: Setting CVar [[r.Streaming.MaxNumTexturesToStreamPerFrame:0]]
[2022.06.24-03.29.54:477][  0]LogConfig: Setting CVar [[r.Streaming.Boost:1]]
[2022.06.24-03.29.54:477][  0]LogConfig: Setting CVar [[r.MaxAnisotropy:8]]
[2022.06.24-03.29.54:477][  0]LogConfig: Setting CVar [[r.VT.MaxAnisotropy:8]]
[2022.06.24-03.29.54:477][  0]LogConfig: Setting CVar [[r.Streaming.LimitPoolSizeToVRAM:0]]
[2022.06.24-03.29.54:477][  0]LogConfig: Setting CVar [[r.Streaming.PoolSize:1000]]
[2022.06.24-03.29.54:477][  0]LogConfig: Setting CVar [[r.Streaming.MaxEffectiveScreenSize:0]]
[2022.06.24-03.29.54:477][  0]LogConfig: Applying CVar settings from Section [EffectsQuality@3] File [C:/Users/dltkd/UE4_Study_MMO/UEStudyForMMO/Saved/Config/Windows/Scalability.ini]
[2022.06.24-03.29.54:477][  0]LogConfig: Setting CVar [[r.TranslucencyLightingVolumeDim:64]]
[2022.06.24-03.29.54:477][  0]LogConfig: Setting CVar [[r.RefractionQuality:2]]
[2022.06.24-03.29.54:477][  0]LogConfig: Setting CVar [[r.SSR.Quality:3]]
[2022.06.24-03.29.54:477][  0]LogConfig: Setting CVar [[r.SSR.HalfResSceneColor:0]]
[2022.06.24-03.29.54:477][  0]LogConfig: Setting CVar [[r.SceneColorFormat:4]]
[2022.06.24-03.29.54:477][  0]LogConfig: Setting CVar [[r.DetailMode:2]]
[2022.06.24-03.29.54:477][  0]LogConfig: Setting CVar [[r.TranslucencyVolumeBlur:1]]
[2022.06.24-03.29.54:477][  0]LogConfig: Setting CVar [[r.MaterialQualityLevel:1 ; High quality]]
[2022.06.24-03.29.54:477][  0]LogConfig: Setting CVar [[r.AnisotropicMaterials:1]]
[2022.06.24-03.29.54:477][  0]LogConfig: Setting CVar [[r.SSS.Scale:1]]
[2022.06.24-03.29.54:477][  0]LogConfig: Setting CVar [[r.SSS.SampleSet:2]]
[2022.06.24-03.29.54:477][  0]LogConfig: Setting CVar [[r.SSS.Quality:1]]
[2022.06.24-03.29.54:477][  0]LogConfig: Setting CVar [[r.SSS.HalfRes:0]]
[2022.06.24-03.29.54:477][  0]LogConfig: Setting CVar [[r.SSGI.Quality:3]]
[2022.06.24-03.29.54:477][  0]LogConfig: Setting CVar [[r.EmitterSpawnRateScale:1.0]]
[2022.06.24-03.29.54:477][  0]LogConfig: Setting CVar [[r.ParticleLightQuality:2]]
[2022.06.24-03.29.54:477][  0]LogConfig: Setting CVar [[r.SkyAtmosphere.AerialPerspectiveLUT.FastApplyOnOpaque:1 ; Always have FastSkyLUT 1 in this case to avoid wrong sky]]
[2022.06.24-03.29.54:477][  0]LogConfig: Setting CVar [[r.SkyAtmosphere.AerialPerspectiveLUT.SampleCountMaxPerSlice:4]]
[2022.06.24-03.29.54:477][  0]LogConfig: Setting CVar [[r.SkyAtmosphere.AerialPerspectiveLUT.DepthResolution:16.0]]
[2022.06.24-03.29.54:477][  0]LogConfig: Setting CVar [[r.SkyAtmosphere.FastSkyLUT:1]]
[2022.06.24-03.29.54:477][  0]LogConfig: Setting CVar [[r.SkyAtmosphere.FastSkyLUT.SampleCountMin:4.0]]
[2022.06.24-03.29.54:477][  0]LogConfig: Setting CVar [[r.SkyAtmosphere.FastSkyLUT.SampleCountMax:128.0]]
[2022.06.24-03.29.54:477][  0]LogConfig: Setting CVar [[r.SkyAtmosphere.SampleCountMin:4.0]]
[2022.06.24-03.29.54:477][  0]LogConfig: Setting CVar [[r.SkyAtmosphere.SampleCountMax:128.0]]
[2022.06.24-03.29.54:477][  0]LogConfig: Setting CVar [[r.SkyAtmosphere.TransmittanceLUT.UseSmallFormat:0]]
[2022.06.24-03.29.54:477][  0]LogConfig: Setting CVar [[r.SkyAtmosphere.TransmittanceLUT.SampleCount:10.0]]
[2022.06.24-03.29.54:477][  0]LogConfig: Setting CVar [[r.SkyAtmosphere.MultiScatteringLUT.SampleCount:15.0]]
[2022.06.24-03.29.54:477][  0]LogConfig: Setting CVar [[r.SkyLight.RealTimeReflectionCapture:1]]
[2022.06.24-03.29.54:477][  0]LogConfig: Applying CVar settings from Section [FoliageQuality@3] File [C:/Users/dltkd/UE4_Study_MMO/UEStudyForMMO/Saved/Config/Windows/Scalability.ini]
[2022.06.24-03.29.54:477][  0]LogConfig: Setting CVar [[foliage.DensityScale:1.0]]
[2022.06.24-03.29.54:477][  0]LogConfig: Setting CVar [[grass.DensityScale:1.0]]
[2022.06.24-03.29.54:477][  0]LogConfig: Applying CVar settings from Section [ShadingQuality@3] File [C:/Users/dltkd/UE4_Study_MMO/UEStudyForMMO/Saved/Config/Windows/Scalability.ini]
[2022.06.24-03.29.54:477][  0]LogConfig: Setting CVar [[r.HairStrands.SkyLighting.IntegrationType:2]]
[2022.06.24-03.29.54:477][  0]LogConfig: Setting CVar [[r.HairStrands.SkyAO.SampleCount:4]]
[2022.06.24-03.29.54:477][  0]LogConfig: Setting CVar [[r.HairStrands.Visibility.MSAA.SamplePerPixel:4]]
[2022.06.24-03.29.54:478][  0]LogInit: Selected Device Profile: [Windows]
[2022.06.24-03.29.54:478][  0]LogInit: Applying CVar settings loaded from the selected device profile: [Windows]
[2022.06.24-03.29.54:479][  0]LogHAL: Display: Platform has ~ 8 GB [8403214336 / 8589934592 / 8], which maps to Default [LargestMinGB=32, LargerMinGB=12, DefaultMinGB=8, SmallerMinGB=6, SmallestMinGB=0)
[2022.06.24-03.29.54:479][  0]LogInit: Going up to parent DeviceProfile []
[2022.06.24-03.29.54:479][  0]LogConfig: Applying CVar settings from Section [ViewDistanceQuality@3] File [C:/Users/dltkd/UE4_Study_MMO/UEStudyForMMO/Saved/Config/Windows/Scalability.ini]
[2022.06.24-03.29.54:480][  0]LogConfig: Setting CVar [[r.SkeletalMeshLODBias:0]]
[2022.06.24-03.29.54:480][  0]LogConfig: Setting CVar [[r.ViewDistanceScale:1.0]]
[2022.06.24-03.29.54:480][  0]LogConfig: Applying CVar settings from Section [AntiAliasingQuality@3] File [C:/Users/dltkd/UE4_Study_MMO/UEStudyForMMO/Saved/Config/Windows/Scalability.ini]
[2022.06.24-03.29.54:480][  0]LogConfig: Setting CVar [[r.PostProcessAAQuality:4]]
[2022.06.24-03.29.54:480][  0]LogConfig: Applying CVar settings from Section [ShadowQuality@3] File [C:/Users/dltkd/UE4_Study_MMO/UEStudyForMMO/Saved/Config/Windows/Scalability.ini]
[2022.06.24-03.29.54:480][  0]LogConfig: Setting CVar [[r.LightFunctionQuality:1]]
[2022.06.24-03.29.54:480][  0]LogConfig: Setting CVar [[r.ShadowQuality:5]]
[2022.06.24-03.29.54:480][  0]LogConfig: Setting CVar [[r.Shadow.CSM.MaxCascades:10]]
[2022.06.24-03.29.54:480][  0]LogConfig: Setting CVar [[r.Shadow.MaxResolution:2048]]
[2022.06.24-03.29.54:480][  0]LogConfig: Setting CVar [[r.Shadow.MaxCSMResolution:2048]]
[2022.06.24-03.29.54:480][  0]LogConfig: Setting CVar [[r.Shadow.RadiusThreshold:0.01]]
[2022.06.24-03.29.54:480][  0]LogConfig: Setting CVar [[r.Shadow.DistanceScale:1.0]]
[2022.06.24-03.29.54:480][  0]LogConfig: Setting CVar [[r.Shadow.CSM.TransitionScale:1.0]]
[2022.06.24-03.29.54:480][  0]LogConfig: Setting CVar [[r.Shadow.PreShadowResolutionFactor:1.0]]
[2022.06.24-03.29.54:480][  0]LogConfig: Setting CVar [[r.DistanceFieldShadowing:1]]
[2022.06.24-03.29.54:480][  0]LogConfig: Setting CVar [[r.DistanceFieldAO:1]]
[2022.06.24-03.29.54:480][  0]LogConfig: Setting CVar [[r.AOQuality:2]]
[2022.06.24-03.29.54:480][  0]LogConfig: Setting CVar [[r.VolumetricFog:1]]
[2022.06.24-03.29.54:480][  0]LogConfig: Setting CVar [[r.VolumetricFog.GridPixelSize:8]]
[2022.06.24-03.29.54:480][  0]LogConfig: Setting CVar [[r.VolumetricFog.GridSizeZ:128]]
[2022.06.24-03.29.54:480][  0]LogConfig: Setting CVar [[r.VolumetricFog.HistoryMissSupersampleCount:4]]
[2022.06.24-03.29.54:480][  0]LogConfig: Setting CVar [[r.LightMaxDrawDistanceScale:1]]
[2022.06.24-03.29.54:480][  0]LogConfig: Setting CVar [[r.CapsuleShadows:1]]
[2022.06.24-03.29.54:480][  0]LogConfig: Applying CVar settings from Section [PostProcessQuality@3] File [C:/Users/dltkd/UE4_Study_MMO/UEStudyForMMO/Saved/Config/Windows/Scalability.ini]
[2022.06.24-03.29.54:480][  0]LogConfig: Setting CVar [[r.MotionBlurQuality:4]]
[2022.06.24-03.29.54:480][  0]LogConfig: Setting CVar [[r.AmbientOcclusionMipLevelFactor:0.4]]
[2022.06.24-03.29.54:480][  0]LogConfig: Setting CVar [[r.AmbientOcclusionMaxQuality:100]]
[2022.06.24-03.29.54:480][  0]LogConfig: Setting CVar [[r.AmbientOcclusionLevels:-1]]
[2022.06.24-03.29.54:480][  0]LogConfig: Setting CVar [[r.AmbientOcclusionRadiusScale:1.0]]
[2022.06.24-03.29.54:480][  0]LogConfig: Setting CVar [[r.DepthOfFieldQuality:2]]
[2022.06.24-03.29.54:480][  0]LogConfig: Setting CVar [[r.RenderTargetPoolMin:400]]
[2022.06.24-03.29.54:480][  0]LogConfig: Setting CVar [[r.LensFlareQuality:2]]
[2022.06.24-03.29.54:480][  0]LogConfig: Setting CVar [[r.SceneColorFringeQuality:1]]
[2022.06.24-03.29.54:480][  0]LogConfig: Setting CVar [[r.EyeAdaptationQuality:2]]
[2022.06.24-03.29.54:480][  0]LogConfig: Setting CVar [[r.BloomQuality:5]]
[2022.06.24-03.29.54:480][  0]LogConfig: Setting CVar [[r.FastBlurThreshold:100]]
[2022.06.24-03.29.54:480][  0]LogConfig: Setting CVar [[r.Upscale.Quality:3]]
[2022.06.24-03.29.54:480][  0]LogConfig: Setting CVar [[r.Tonemapper.GrainQuantization:1]]
[2022.06.24-03.29.54:480][  0]LogConfig: Setting CVar [[r.LightShaftQuality:1]]
[2022.06.24-03.29.54:480][  0]LogConfig: Setting CVar [[r.Filter.SizeScale:1]]
[2022.06.24-03.29.54:480][  0]LogConfig: Setting CVar [[r.Tonemapper.Quality:5]]
[2022.06.24-03.29.54:480][  0]LogConfig: Setting CVar [[r.DOF.Gather.AccumulatorQuality:1        ; higher gathering accumulator quality]]
[2022.06.24-03.29.54:480][  0]LogConfig: Setting CVar [[r.DOF.Gather.PostfilterMethod:1          ; Median3x3 postfilering method]]
[2022.06.24-03.29.54:480][  0]LogConfig: Setting CVar [[r.DOF.Gather.EnableBokehSettings:0       ; no bokeh simulation when gathering]]
[2022.06.24-03.29.54:480][  0]LogConfig: Setting CVar [[r.DOF.Gather.RingCount:4                 ; medium number of samples when gathering]]
[2022.06.24-03.29.54:480][  0]LogConfig: Setting CVar [[r.DOF.Scatter.ForegroundCompositing:1    ; additive foreground scattering]]
[2022.06.24-03.29.54:480][  0]LogConfig: Setting CVar [[r.DOF.Scatter.BackgroundCompositing:2    ; additive background scattering]]
[2022.06.24-03.29.54:480][  0]LogConfig: Setting CVar [[r.DOF.Scatter.EnableBokehSettings:1      ; bokeh simulation when scattering]]
[2022.06.24-03.29.54:480][  0]LogConfig: Setting CVar [[r.DOF.Scatter.MaxSpriteRatio:0.1         ; only a maximum of 10% of scattered bokeh]]
[2022.06.24-03.29.54:480][  0]LogConfig: Setting CVar [[r.DOF.Recombine.Quality:1                ; cheap slight out of focus]]
[2022.06.24-03.29.54:480][  0]LogConfig: Setting CVar [[r.DOF.Recombine.EnableBokehSettings:0    ; no bokeh simulation on slight out of focus]]
[2022.06.24-03.29.54:480][  0]LogConfig: Setting CVar [[r.DOF.TemporalAAQuality:1                ; more stable temporal accumulation]]
[2022.06.24-03.29.54:480][  0]LogConfig: Setting CVar [[r.DOF.Kernel.MaxForegroundRadius:0.025]]
[2022.06.24-03.29.54:480][  0]LogConfig: Setting CVar [[r.DOF.Kernel.MaxBackgroundRadius:0.025]]
[2022.06.24-03.29.54:480][  0]LogConfig: Applying CVar settings from Section [TextureQuality@3] File [C:/Users/dltkd/UE4_Study_MMO/UEStudyForMMO/Saved/Config/Windows/Scalability.ini]
[2022.06.24-03.29.54:480][  0]LogConfig: Setting CVar [[r.Streaming.MipBias:0]]
[2022.06.24-03.29.54:480][  0]LogConfig: Setting CVar [[r.Streaming.AmortizeCPUToGPUCopy:0]]
[2022.06.24-03.29.54:480][  0]LogConfig: Setting CVar [[r.Streaming.MaxNumTexturesToStreamPerFrame:0]]
[2022.06.24-03.29.54:480][  0]LogConfig: Setting CVar [[r.Streaming.Boost:1]]
[2022.06.24-03.29.54:480][  0]LogConfig: Setting CVar [[r.MaxAnisotropy:8]]
[2022.06.24-03.29.54:480][  0]LogConfig: Setting CVar [[r.VT.MaxAnisotropy:8]]
[2022.06.24-03.29.54:480][  0]LogConfig: Setting CVar [[r.Streaming.LimitPoolSizeToVRAM:0]]
[2022.06.24-03.29.54:480][  0]LogConfig: Setting CVar [[r.Streaming.PoolSize:1000]]
[2022.06.24-03.29.54:480][  0]LogConfig: Setting CVar [[r.Streaming.MaxEffectiveScreenSize:0]]
[2022.06.24-03.29.54:480][  0]LogConfig: Applying CVar settings from Section [EffectsQuality@3] File [C:/Users/dltkd/UE4_Study_MMO/UEStudyForMMO/Saved/Config/Windows/Scalability.ini]
[2022.06.24-03.29.54:480][  0]LogConfig: Setting CVar [[r.TranslucencyLightingVolumeDim:64]]
[2022.06.24-03.29.54:480][  0]LogConfig: Setting CVar [[r.RefractionQuality:2]]
[2022.06.24-03.29.54:480][  0]LogConfig: Setting CVar [[r.SSR.Quality:3]]
[2022.06.24-03.29.54:480][  0]LogConfig: Setting CVar [[r.SSR.HalfResSceneColor:0]]
[2022.06.24-03.29.54:480][  0]LogConfig: Setting CVar [[r.SceneColorFormat:4]]
[2022.06.24-03.29.54:480][  0]LogConfig: Setting CVar [[r.DetailMode:2]]
[2022.06.24-03.29.54:480][  0]LogConfig: Setting CVar [[r.TranslucencyVolumeBlur:1]]
[2022.06.24-03.29.54:480][  0]LogConfig: Setting CVar [[r.MaterialQualityLevel:1 ; High quality]]
[2022.06.24-03.29.54:480][  0]LogConfig: Setting CVar [[r.AnisotropicMaterials:1]]
[2022.06.24-03.29.54:480][  0]LogConfig: Setting CVar [[r.SSS.Scale:1]]
[2022.06.24-03.29.54:480][  0]LogConfig: Setting CVar [[r.SSS.SampleSet:2]]
[2022.06.24-03.29.54:480][  0]LogConfig: Setting CVar [[r.SSS.Quality:1]]
[2022.06.24-03.29.54:480][  0]LogConfig: Setting CVar [[r.SSS.HalfRes:0]]
[2022.06.24-03.29.54:480][  0]LogConfig: Setting CVar [[r.SSGI.Quality:3]]
[2022.06.24-03.29.54:480][  0]LogConfig: Setting CVar [[r.EmitterSpawnRateScale:1.0]]
[2022.06.24-03.29.54:480][  0]LogConfig: Setting CVar [[r.ParticleLightQuality:2]]
[2022.06.24-03.29.54:480][  0]LogConfig: Setting CVar [[r.SkyAtmosphere.AerialPerspectiveLUT.FastApplyOnOpaque:1 ; Always have FastSkyLUT 1 in this case to avoid wrong sky]]
[2022.06.24-03.29.54:480][  0]LogConfig: Setting CVar [[r.SkyAtmosphere.AerialPerspectiveLUT.SampleCountMaxPerSlice:4]]
[2022.06.24-03.29.54:480][  0]LogConfig: Setting CVar [[r.SkyAtmosphere.AerialPerspectiveLUT.DepthResolution:16.0]]
[2022.06.24-03.29.54:480][  0]LogConfig: Setting CVar [[r.SkyAtmosphere.FastSkyLUT:1]]
[2022.06.24-03.29.54:480][  0]LogConfig: Setting CVar [[r.SkyAtmosphere.FastSkyLUT.SampleCountMin:4.0]]
[2022.06.24-03.29.54:480][  0]LogConfig: Setting CVar [[r.SkyAtmosphere.FastSkyLUT.SampleCountMax:128.0]]
[2022.06.24-03.29.54:480][  0]LogConfig: Setting CVar [[r.SkyAtmosphere.SampleCountMin:4.0]]
[2022.06.24-03.29.54:480][  0]LogConfig: Setting CVar [[r.SkyAtmosphere.SampleCountMax:128.0]]
[2022.06.24-03.29.54:480][  0]LogConfig: Setting CVar [[r.SkyAtmosphere.TransmittanceLUT.UseSmallFormat:0]]
[2022.06.24-03.29.54:480][  0]LogConfig: Setting CVar [[r.SkyAtmosphere.TransmittanceLUT.SampleCount:10.0]]
[2022.06.24-03.29.54:480][  0]LogConfig: Setting CVar [[r.SkyAtmosphere.MultiScatteringLUT.SampleCount:15.0]]
[2022.06.24-03.29.54:480][  0]LogConfig: Setting CVar [[r.SkyLight.RealTimeReflectionCapture:1]]
[2022.06.24-03.29.54:480][  0]LogConfig: Applying CVar settings from Section [FoliageQuality@3] File [C:/Users/dltkd/UE4_Study_MMO/UEStudyForMMO/Saved/Config/Windows/Scalability.ini]
[2022.06.24-03.29.54:480][  0]LogConfig: Setting CVar [[foliage.DensityScale:1.0]]
[2022.06.24-03.29.54:481][  0]LogConfig: Setting CVar [[grass.DensityScale:1.0]]
[2022.06.24-03.29.54:481][  0]LogConfig: Applying CVar settings from Section [ShadingQuality@3] File [C:/Users/dltkd/UE4_Study_MMO/UEStudyForMMO/Saved/Config/Windows/Scalability.ini]
[2022.06.24-03.29.54:481][  0]LogConfig: Setting CVar [[r.HairStrands.SkyLighting.IntegrationType:2]]
[2022.06.24-03.29.54:481][  0]LogConfig: Setting CVar [[r.HairStrands.SkyAO.SampleCount:4]]
[2022.06.24-03.29.54:481][  0]LogConfig: Setting CVar [[r.HairStrands.Visibility.MSAA.SamplePerPixel:4]]
[2022.06.24-03.29.54:481][  0]LogConfig: Applying CVar settings from Section [Startup] File [../../../Engine/Config/ConsoleVariables.ini]
[2022.06.24-03.29.54:481][  0]LogConfig: Setting CVar [[net.UseAdaptiveNetUpdateFrequency:0]]
[2022.06.24-03.29.54:481][  0]LogConfig: Setting CVar [[p.chaos.AllowCreatePhysxBodies:1]]
[2022.06.24-03.29.54:481][  0]LogConfig: Setting CVar [[fx.SkipVectorVMBackendOptimizations:1]]
[2022.06.24-03.29.54:481][  0]LogConfig: Applying CVar settings from Section [ConsoleVariables] File [C:/Users/dltkd/UE4_Study_MMO/UEStudyForMMO/Saved/Config/Windows/Engine.ini]
[2022.06.24-03.29.54:481][  0]LogConfig: Applying CVar settings from Section [ConsoleVariables] File [C:/Users/dltkd/UE4_Study_MMO/UEStudyForMMO/Saved/Config/Windows/Editor.ini]
[2022.06.24-03.29.54:482][  0]LogInit: Computer: MSI
[2022.06.24-03.29.54:482][  0]LogInit: User: dltkd
[2022.06.24-03.29.54:482][  0]LogInit: CPU Page size=4096, Cores=4
[2022.06.24-03.29.54:482][  0]LogInit: High frequency timer resolution =10.000000 MHz
[2022.06.24-03.29.54:482][  0]LogMemory: Memory total: Physical=7.8GB (8GB approx)
[2022.06.24-03.29.54:482][  0]LogMemory: Platform Memory Stats for Windows
[2022.06.24-03.29.54:482][  0]LogMemory: Process Physical Memory: 145.16 MB used, 145.16 MB peak
[2022.06.24-03.29.54:482][  0]LogMemory: Process Virtual Memory: 114.60 MB used, 114.60 MB peak
[2022.06.24-03.29.54:482][  0]LogMemory: Physical Memory: 5947.52 MB used,  2066.41 MB free, 8013.93 MB total
[2022.06.24-03.29.54:482][  0]LogMemory: Virtual Memory: 134213200.00 MB used,  4526.42 MB free, 134217728.00 MB total
[2022.06.24-03.29.54:510][  0]LogWindows: WindowsPlatformFeatures enabled
[2022.06.24-03.29.54:699][  0]LogInit: Physics initialised using underlying interface: PhysX
[2022.06.24-03.29.54:703][  0]LogInit: Using OS detected language (ko-KR).
[2022.06.24-03.29.54:703][  0]LogInit: Using OS detected locale (ko-KR).
[2022.06.24-03.29.54:724][  0]LogTextLocalizationManager: No specific localization for 'ko-KR' exists, so the 'ko' localization will be used.
[2022.06.24-03.29.54:911][  0]LogInit: Setting process to per monitor DPI aware
[2022.06.24-03.29.54:975][  0]LogWindowsTextInputMethodSystem: Display: IME system deactivated.
[2022.06.24-03.29.55:025][  0]LogSlate: New Slate User Created.  User Index 0, Is Virtual User: 0
[2022.06.24-03.29.55:025][  0]LogSlate: Slate User Registered.  User Index 0, Is Virtual User: 0
[2022.06.24-03.29.55:474][  0]LogD3D11RHI: Loaded GFSDK_Aftermath_Lib.x64.dll
[2022.06.24-03.29.55:498][  0]LogHMD: Failed to initialize OpenVR with code 110
[2022.06.24-03.29.55:498][  0]LogD3D11RHI: D3D11 min allowed feature level: 11_0
[2022.06.24-03.29.55:498][  0]LogD3D11RHI: D3D11 max allowed feature level: 11_0
[2022.06.24-03.29.55:498][  0]LogD3D11RHI: D3D11 adapters:
[2022.06.24-03.29.56:091][  0]LogD3D11RHI:    0. 'NVIDIA GeForce GTX 1650 with Max-Q Design' (Feature Level 11_0)
[2022.06.24-03.29.56:091][  0]LogD3D11RHI:       3962/0/4006 MB DedicatedVideo/DedicatedSystem/SharedSystem, Outputs:1, VendorId:0x10de
[2022.06.24-03.29.56:257][  0]LogD3D11RHI:    1. 'Intel(R) UHD Graphics' (Feature Level 11_0)
[2022.06.24-03.29.56:257][  0]LogD3D11RHI:       128/0/4006 MB DedicatedVideo/DedicatedSystem/SharedSystem, Outputs:0, VendorId:0x8086
[2022.06.24-03.29.56:276][  0]LogD3D11RHI:    2. 'Microsoft Basic Render Driver' (Feature Level 11_0)
[2022.06.24-03.29.56:276][  0]LogD3D11RHI:       0/0/4006 MB DedicatedVideo/DedicatedSystem/SharedSystem, Outputs:0, VendorId:0x1414
[2022.06.24-03.29.56:276][  0]LogD3D11RHI: Chosen D3D11 Adapter:
[2022.06.24-03.29.56:276][  0]LogD3D11RHI:     Description : NVIDIA GeForce GTX 1650 with Max-Q Design
[2022.06.24-03.29.56:276][  0]LogD3D11RHI:     VendorId    : 10de
[2022.06.24-03.29.56:276][  0]LogD3D11RHI:     DeviceId    : 1f9d
[2022.06.24-03.29.56:276][  0]LogD3D11RHI:     SubSysId    : 12f41462
[2022.06.24-03.29.56:276][  0]LogD3D11RHI:     Revision    : 00a1
[2022.06.24-03.29.56:276][  0]LogD3D11RHI:     DedicatedVideoMemory : 4154458112 bytes
[2022.06.24-03.29.56:276][  0]LogD3D11RHI:     DedicatedSystemMemory : 0 bytes
[2022.06.24-03.29.56:276][  0]LogD3D11RHI:     SharedSystemMemory : 4201607168 bytes
[2022.06.24-03.29.56:276][  0]LogD3D11RHI:     AdapterLuid : 0 65133
[2022.06.24-03.29.56:282][  0]LogD3D11RHI: Creating new Direct3DDevice
[2022.06.24-03.29.56:282][  0]LogD3D11RHI:     GPU DeviceId: 0x1f9d (for the marketing name, search the web for "GPU Device Id")
[2022.06.24-03.29.56:282][  0]LogWindows: EnumDisplayDevices:
[2022.06.24-03.29.56:282][  0]LogWindows:    0. 'Intel(R) UHD Graphics' (P:1 D:1)
[2022.06.24-03.29.56:282][  0]LogWindows:    1. 'Intel(R) UHD Graphics' (P:0 D:0)
[2022.06.24-03.29.56:283][  0]LogWindows:    2. 'Intel(R) UHD Graphics' (P:0 D:0)
[2022.06.24-03.29.56:283][  0]LogWindows: DebugString: PrimaryIsNotTheChoosenAdapter PrimaryIsNotTheChoosenAdapter PrimaryIsNotTheChoosenAdapter FoundDriverCount:0 
[2022.06.24-03.29.56:283][  0]LogD3D11RHI:     Adapter Name: NVIDIA GeForce GTX 1650 with Max-Q Design
[2022.06.24-03.29.56:283][  0]LogD3D11RHI:   Driver Version: Unknown (internal:Unknown, unified:Unknown)
[2022.06.24-03.29.56:283][  0]LogD3D11RHI:      Driver Date: Unknown
[2022.06.24-03.29.56:283][  0]LogRHI: Texture pool is 2773 MB (70% of 3962 MB)
[2022.06.24-03.29.56:283][  0]LogD3D11RHI: Creating D3DDevice using adapter:
[2022.06.24-03.29.56:283][  0]LogD3D11RHI:     Description : NVIDIA GeForce GTX 1650 with Max-Q Design
[2022.06.24-03.29.56:283][  0]LogD3D11RHI:     VendorId    : 10de
[2022.06.24-03.29.56:283][  0]LogD3D11RHI:     DeviceId    : 1f9d
[2022.06.24-03.29.56:283][  0]LogD3D11RHI:     SubSysId    : 12f41462
[2022.06.24-03.29.56:283][  0]LogD3D11RHI:     Revision    : 00a1
[2022.06.24-03.29.56:283][  0]LogD3D11RHI:     DedicatedVideoMemory : 4154458112 bytes
[2022.06.24-03.29.56:284][  0]LogD3D11RHI:     DedicatedSystemMemory : 0 bytes
[2022.06.24-03.29.56:284][  0]LogD3D11RHI:     SharedSystemMemory : 4201607168 bytes
[2022.06.24-03.29.56:284][  0]LogD3D11RHI:     AdapterLuid : 0 65133
[2022.06.24-03.29.56:348][  0]LogD3D11RHI: RHI has support for 64 bit atomics
[2022.06.24-03.29.56:348][  0]LogD3D11RHI: Async texture creation enabled
[2022.06.24-03.29.56:348][  0]LogD3D11RHI: Array index from any shader is supported
[2022.06.24-03.29.56:427][  0]LogD3D11RHI: GPU Timing Frequency: 1000.000000 (Debug: 2 1)
[2022.06.24-03.29.56:487][  0]LogRHI: GeForceNow SDK initialized: 1
[2022.06.24-03.29.56:808][  0]LogTargetPlatformManager: Display: Loaded TargetPlatform 'AllDesktop'
[2022.06.24-03.29.56:837][  0]LogTargetPlatformManager: Display: Loaded TargetPlatform 'Android'
[2022.06.24-03.29.56:837][  0]LogTargetPlatformManager: Display: Loaded TargetPlatform 'Android_ASTC'
[2022.06.24-03.29.56:837][  0]LogTargetPlatformManager: Display: Loaded TargetPlatform 'Android_DXT'
[2022.06.24-03.29.56:837][  0]LogTargetPlatformManager: Display: Loaded TargetPlatform 'Android_ETC2'
[2022.06.24-03.29.56:837][  0]LogTargetPlatformManager: Display: Loaded TargetPlatform 'AndroidClient'
[2022.06.24-03.29.56:837][  0]LogTargetPlatformManager: Display: Loaded TargetPlatform 'Android_ASTCClient'
[2022.06.24-03.29.56:837][  0]LogTargetPlatformManager: Display: Loaded TargetPlatform 'Android_DXTClient'
[2022.06.24-03.29.56:837][  0]LogTargetPlatformManager: Display: Loaded TargetPlatform 'Android_ETC2Client'
[2022.06.24-03.29.56:837][  0]LogTargetPlatformManager: Display: Loaded TargetPlatform 'Android_Multi'
[2022.06.24-03.29.56:837][  0]LogTargetPlatformManager: Display: Loaded TargetPlatform 'Android_MultiClient'
[2022.06.24-03.29.56:861][  0]LogTargetPlatformManager: Display: Loaded TargetPlatform 'IOSClient'
[2022.06.24-03.29.56:861][  0]LogTargetPlatformManager: Display: Loaded TargetPlatform 'IOS'
[2022.06.24-03.29.56:876][  0]LogTargetPlatformManager: Display: Loaded TargetPlatform 'Linux'
[2022.06.24-03.29.56:884][  0]LogTargetPlatformManager: Display: Loaded TargetPlatform 'LinuxNoEditor'
[2022.06.24-03.29.56:890][  0]LogTargetPlatformManager: Display: Loaded TargetPlatform 'LinuxClient'
[2022.06.24-03.29.56:896][  0]LogTargetPlatformManager: Display: Loaded TargetPlatform 'LinuxServer'
[2022.06.24-03.29.56:910][  0]LogTargetPlatformManager: Display: Loaded TargetPlatform 'LinuxAArch64NoEditor'
[2022.06.24-03.29.56:916][  0]LogTargetPlatformManager: Display: Loaded TargetPlatform 'LinuxAArch64Client'
[2022.06.24-03.29.56:922][  0]LogTargetPlatformManager: Display: Loaded TargetPlatform 'LinuxAArch64Server'
[2022.06.24-03.29.56:953][  0]LogTargetPlatformManager: Display: Loaded TargetPlatform 'Lumin'
[2022.06.24-03.29.56:953][  0]LogTargetPlatformManager: Display: Loaded TargetPlatform 'LuminClient'
[2022.06.24-03.29.56:965][  0]LogTargetPlatformManager: Display: Loaded TargetPlatform 'MacNoEditor'
[2022.06.24-03.29.56:970][  0]LogTargetPlatformManager: Display: Loaded TargetPlatform 'Mac'
[2022.06.24-03.29.56:976][  0]LogTargetPlatformManager: Display: Loaded TargetPlatform 'MacClient'
[2022.06.24-03.29.56:981][  0]LogTargetPlatformManager: Display: Loaded TargetPlatform 'MacServer'
[2022.06.24-03.29.56:993][  0]LogTargetPlatformManager: Display: Loaded TargetPlatform 'TVOSClient'
[2022.06.24-03.29.56:993][  0]LogTargetPlatformManager: Display: Loaded TargetPlatform 'TVOS'
[2022.06.24-03.29.57:010][  0]LogTargetPlatformManager: Display: Loaded TargetPlatform 'WindowsNoEditor'
[2022.06.24-03.29.57:016][  0]LogTargetPlatformManager: Display: Loaded TargetPlatform 'Windows'
[2022.06.24-03.29.57:022][  0]LogTargetPlatformManager: Display: Loaded TargetPlatform 'WindowsClient'
[2022.06.24-03.29.57:028][  0]LogTargetPlatformManager: Display: Loaded TargetPlatform 'WindowsServer'
[2022.06.24-03.29.57:028][  0]LogTargetPlatformManager: Display: Building Assets For Windows
[2022.06.24-03.29.57:046][  0]LogAudioDebug: Display: Lib vorbis DLL was dynamically loaded.
[2022.06.24-03.29.57:126][  0]LogTextureFormatOodle: Display: Oodle Texture 2.9.0 init RDO Off
[2022.06.24-03.29.57:251][  0]LogRendererCore: Ray tracing is disabled. Reason: r.RayTracing=0.
[2022.06.24-03.29.57:254][  0]LogShaderCompilers: Guid format shader working directory is -12 characters bigger than the processId version (../../../../../../Users/dltkd/UE4_Study_MMO/UEStudyForMMO/Intermediate/Shaders/WorkingDirectory/13884/).
[2022.06.24-03.29.57:254][  0]LogShaderCompilers: Cleaned the shader compiler working directory 'C:/Users/dltkd/AppData/Local/Temp/UnrealShaderWorkingDir/355E6EF74DCE731A2C937E94341D0F5D/'.
[2022.06.24-03.29.57:255][  0]LogXGEController: Cannot use XGE Controller as Incredibuild is not installed on this machine.
[2022.06.24-03.29.57:255][  0]LogShaderCompilers: Cannot use XGE Shader Compiler as Incredibuild is not installed on this machine.
[2022.06.24-03.29.57:256][  0]LogShaderCompilers: Display: Using Local Shader Compiler.
[2022.06.24-03.29.58:200][  0]LogDerivedDataCache: Display: Max Cache Size: 512 MB
[2022.06.24-03.29.58:320][  0]LogDerivedDataCache: Loaded boot cache 0.12s 95MB C:/Users/dltkd/AppData/Local/UnrealEngine/4.27/DerivedDataCache/Boot.ddc.
[2022.06.24-03.29.58:320][  0]LogDerivedDataCache: Display: Loaded Boot cache: C:/Users/dltkd/AppData/Local/UnrealEngine/4.27/DerivedDataCache/Boot.ddc
[2022.06.24-03.29.58:320][  0]LogDerivedDataCache: FDerivedDataBackendGraph:  Pak pak cache file ../../../../../../Users/dltkd/UE4_Study_MMO/UEStudyForMMO/DerivedDataCache/DDC.ddp not found, will not use a pak cache.
[2022.06.24-03.29.58:320][  0]LogDerivedDataCache: Unable to find inner node Pak for hierarchical cache Hierarchy.
[2022.06.24-03.29.58:321][  0]LogDerivedDataCache: FDerivedDataBackendGraph:  CompressedPak pak cache file ../../../../../../Users/dltkd/UE4_Study_MMO/UEStudyForMMO/DerivedDataCache/Compressed.ddp not found, will not use a pak cache.
[2022.06.24-03.29.58:321][  0]LogDerivedDataCache: Unable to find inner node CompressedPak for hierarchical cache Hierarchy.
[2022.06.24-03.29.58:337][  0]LogDerivedDataCache: Display: Pak cache opened for reading ../../../Engine/DerivedDataCache/Compressed.ddp.
[2022.06.24-03.29.58:337][  0]LogDerivedDataCache: FDerivedDataBackendGraph:  EnterprisePak pak cache file ../../../Enterprise/DerivedDataCache/Compressed.ddp not found, will not use a pak cache.
[2022.06.24-03.29.58:338][  0]LogDerivedDataCache: Unable to find inner node EnterprisePak for hierarchical cache Hierarchy.
[2022.06.24-03.29.58:358][  0]LogDerivedDataCache: Speed tests for C:/Users/dltkd/AppData/Local/UnrealEngine/Common/DerivedDataCache took 0.02 seconds
[2022.06.24-03.29.58:358][  0]LogDerivedDataCache: Display: Performance to C:/Users/dltkd/AppData/Local/UnrealEngine/Common/DerivedDataCache: Latency=0.30ms. RandomReadSpeed=94.70MBs, RandomWriteSpeed=129.08MBs. Assigned SpeedClass 'Local'
[2022.06.24-03.29.58:359][  0]LogDerivedDataCache: Using Local data cache path C:/Users/dltkd/AppData/Local/UnrealEngine/Common/DerivedDataCache: Writable
[2022.06.24-03.29.58:359][  0]LogDerivedDataCache: Shared data cache path not found in *engine.ini, will not use an Shared cache.
[2022.06.24-03.29.58:359][  0]LogDerivedDataCache: Unable to find inner node Shared for hierarchical cache Hierarchy.
[2022.06.24-03.29.58:410][  0]LogSlate: Using FreeType 2.10.0
[2022.06.24-03.29.58:414][  0]LogSlate: SlateFontServices - WITH_FREETYPE: 1, WITH_HARFBUZZ: 1
[2022.06.24-03.29.58:492][  0]LogAssetRegistry: FAssetRegistry took 0.0099 seconds to start up
[2022.06.24-03.29.59:024][  0]LogInit: Selected Device Profile: [Windows]
[2022.06.24-03.29.59:024][  0]LogInit: Active device profile: [0000017360593A00][0000017355FE9140 49] Windows
[2022.06.24-03.29.59:024][  0]LogInit: Profiles: [0000017360593A00][0000017355FE9140 49] Windows, [000001736058C800][0000017355FF12C0 49] WindowsNoEditor, [0000017360590800][0000017355FF5440 49] WindowsServer, [000001736058EF00][0000017355FF95C0 49] WindowsClient, [0000017360592F00][0000017350745740 49] IOS, [000001736058D300][00000173507498C0 49] iPadAir, [0000017360591200][000001735074DA40 49] iPadAir2, [0000017360547B00][0000017350754180 49] IPadPro, [0000017360547C00][00000173507501C0 49] iPadAir3, [0000017360593000][0000017350758340 49] iPadAir4, [0000017360544D00][000001735075C4C0 49] iPadMini2, [0000017360593100][0000017350760640 49] iPadMini3, [0000017360546A00][00000173507647C0 49] iPadMini4, [0000017360591300][0000017350768940 49] iPadMini5, [000001736057F400][000001735E6F8B80 49] iPhone6, [000001736057F500][0000017355FECBC0 49] iPodTouch6, [0000017360546100][000001735E708E40 49] iPhone7, [0000017360546200][000001735E700E80 49] iPodTouch7, [000001736057CC00][000001735E725000 49] iPhone5S, [0000017360545400][000001735E729180 49] iPhone6Plus, [000001736057EB00][000001735E72D300 49] iPhone6S, [0000017360545900][000001735BFE1480 49] iPhone6SPlus, [000001736057FF00][0000017360B6B600 49] iPhone7Plus, [0000017360545F00][000001735E6FD780 49] iPhoneSE, [000001736057CD00][0000017360B77900 49] iPhone8, [0000017360545B00][0000017360877A80 49] iPhone8Plus, [000001736057E900][000001736087BC00 49] iPhoneX, [0000017360547600][000001735BFF8200 49] iPhoneXS, [000001736057C500][000001735BFFC380 49] iPhoneXSMax, [0000017360547900][000001735C000500 49] iPhoneXR, [000001736057D400][000001735C004680 49] iPhone11, [0000017360544A00][000001735C008800 49] iPhone11Pro, [000001736057D200][000001735E690980 49] iPhone11ProMax, [0000017360544100][000001735E694B00 49] iPhoneSE2, [000001736057C600][000001735E704C40 49] iPhone12Mini, [0000017360545600][000001735E69CD80 49] iPhone12, [000001736057CE00][000001735E6A4EC0 49] iPhone12Pro, [0000017360547500][000001735E6B1040 49] iPhone12ProMax, [000001736057EE00][000001735E6B51C0 49] iPadPro105, [0000017360545200][000001735E6DF340 49] iPadPro129, [000001736057F100][000001735E6E74C0 49] iPadPro97, [0000017360546D00][0000017360B15640 49] iPadPro2_129, [000001736057E300][000001735E6E37C0 49] iPad5, [0000017360546700][0000017360B33940 49] iPad6, [000001736057DA00][000001735C5A3AC0 49] iPad7, [0000017360547400][000001735C5A60C0 49] iPad8, [000001736057F700][000001735C5AA240 49] iPadPro11, [0000017360546400][0000017360B623C0 49] iPadPro2_11, [000001736057C900][0000017360B66540 49] iPadPro3_129, [0000017360546900][00000173608466C0 49] iPadPro4_129, [000001736057F300][000001736084A840 49] AppleTV, [0000017360547E00][00000173608529C0 49] AppleTV4K, [000001736057D000][0000017360856B40 49] TVOS, [0000017360547800][000001736085ACC0 49] Mac, [000001736057E000][000001735E6ACE00 49] MacClient, [0000017360547000][000001736085EF40 49] MacNoEditor, [000001736057C400][000001736086B080 49] MacServer, [0000017360544700][000001736086F1C0 49] Linux, [000001736057D500][0000017340395340 49] LinuxAArch64, [0000017360546600][00000173403994C0 49] LinuxNoEditor, [000001736058E700][000001734039D640 49] LinuxAArch64NoEditor, [00000173606F1400][00000173403A17C0 49] LinuxClient, [000001736058E500][00000173403A5940 49] LinuxAArch64Client, [00000173606F2F00][00000173403A9AC0 49] LinuxServer, [000001736058DA00][00000173403AC0C0 49] LinuxAArch64Server, [00000173606F0900][00000173403B0240 49] Android, [000001736058CF00][00000173403B43C0 49] Android_Low, [00000173606F1F00][00000173403B8540 49] Android_Mid, [000001736058EA00][00000173403BC6C0 49] Android_High, [00000173606F2300][0000017360BDE840 49] Android_Default, [000001736058F100][0000017360BEE9C0 49] Android_Adreno4xx, [00000173606F2200][000001735C562B40 49] Android_Adreno5xx_Low, [000001736058F900][000001735C570CC0 49] Android_Adreno5xx, [00000173606F1A00][000001735C574E40 49] Android_Adreno6xx, [000001736058FF00][0000017340390F80 49] Android_Adreno6xx_Vulkan, [00000173606F1600][000001735C57F0C0 49] Android_Mali_T6xx, [000001736058E400][0000017360E0D200 49] Android_Mali_T7xx, [00000173606F0B00][000001735E6EB340 49] Android_Mali_T8xx, [000001736058C400][000001735C5874C0 49] Android_Mali_G71, [00000173606F0D00][000001735C58B640 49] Android_Mali_G72, [000001736058E900][000001735C5957C0 49] Android_Mali_G72_Vulkan, [00000173606F0500][0000017360E59940 49] Android_Mali_G76, [000001736058C700][0000017360E5DAC0 49] Android_Mali_G76_Vulkan, [00000173606F1500][0000017360E600C0 49] Android_Mali_G77, [0000017360547D00][0000017360E64240 49] Android_Mali_G77_Vulkan, [00000173606F2E00][0000017360E683C0 49] Android_Mali_G78, [0000017360544400][0000017360E6C540 49] Android_Mali_G78_Vulkan, [00000173606F1300][0000017360E746C0 49] Android_Mali_G710, [0000017360544C00][0000017360E78840 49] Android_Mali_G710_Vulkan, [00000173606F0A00][0000017360E869C0 49] Android_Vulkan_SM5, [0000017360546000][0000017360E8AB40 49] Android_PowerVR_G6xxx, [00000173606F0600][0000017360E8ECC0 49] Android_PowerVR_GT7xxx, [0000017360547100][0000017360E92E40 49] Android_PowerVR_GE8xxx, [00000173606F2100][0000017360BFEFC0 49] Android_PowerVR_GM9xxx, [0000017360547200][0000017360C03140 49] Android_PowerVR_GM9xxx_Vulkan, [00000173606F3300][000001735C583280 49] Android_TegraK1, [0000017360545800][0000017360E7D3C0 49] Android_Unknown_Vulkan, [00000173606F2500][0000017360E71500 49] Lumin, [0000017360545000][0000017360785680 49] Lumin_Desktop, [00000173606F1B00][0000017360789800 49] HoloLens, 
[2022.06.24-03.29.59:267][  0]LogMeshReduction: Using QuadricMeshReduction for automatic static mesh reduction
[2022.06.24-03.29.59:267][  0]LogMeshReduction: Using SimplygonMeshReduction for automatic skeletal mesh reduction
[2022.06.24-03.29.59:267][  0]LogMeshReduction: Using ProxyLODMeshReduction for automatic mesh merging
[2022.06.24-03.29.59:267][  0]LogMeshReduction: No distributed automatic mesh merging module available
[2022.06.24-03.29.59:267][  0]LogMeshMerging: No distributed automatic mesh merging module available
[2022.06.24-03.29.59:326][  0]LogNetVersion: UEStudyForMMO 1.0.0, NetCL: 17155196, EngineNetVer: 17, GameNetVer: 0 (Checksum: 1811843857)
[2022.06.24-03.30.00:424][  0]LogTexture: Default maximum texture size for cubemaps generated from long-lat sources has been changed from 512 to unlimited. In order to preserve old behaiour for '/Engine/MapTemplates/Sky/DaylightAmbientCubemap.DaylightAmbientCubemap', its maximum texture size has been explicitly set to 512.
[2022.06.24-03.30.00:533][  0]LogHMD: PokeAHoleMaterial loaded successfully
[2022.06.24-03.30.00:543][  0]LogUObjectArray: 17178 objects as part of root set at end of initial load.
[2022.06.24-03.30.00:543][  0]LogUObjectAllocator: 4302048 out of 0 bytes used by permanent object pool.
[2022.06.24-03.30.00:543][  0]LogUObjectArray: CloseDisregardForGC: 0/0 objects in disregard for GC pool
[2022.06.24-03.30.01:275][  0]LogNiagaraDebuggerClient: Niagara Debugger Client Initialized | Session: CB009A84488EA76E3C1E8DAF3188A2FB | Instance: 86FCB98D437A04D33889318A6159F178 (MSI-13884).
[2022.06.24-03.30.01:425][  0]LogPython: Using Python 3.7.7
[2022.06.24-03.30.02:176][  0]LogTcpMessaging: Initializing TcpMessaging bridge
[2022.06.24-03.30.02:185][  0]LogUdpMessaging: Initializing bridge on interface 0.0.0.0:0 to multicast group 230.0.0.1:6666.
[2022.06.24-03.30.02:734][  0]LogTemp: Warning: WeaponSocket is exist
[2022.06.24-03.30.04:164][  0]LogWindows: Error: === Critical error: ===
[2022.06.24-03.30.04:164][  0]LogWindows: Error: 
[2022.06.24-03.30.04:164][  0]LogWindows: Error: Fatal error!
[2022.06.24-03.30.04:164][  0]LogWindows: Error: 
[2022.06.24-03.30.04:164][  0]LogWindows: Error: Unhandled Exception: EXCEPTION_ACCESS_VIOLATION reading address 0x0000000000000508
[2022.06.24-03.30.04:164][  0]LogWindows: Error: 
[2022.06.24-03.30.04:164][  0]LogWindows: Error: [Callstack] 0x00007ffada4d978f UE4Editor-UMG.dll!UnknownFunction []
[2022.06.24-03.30.04:164][  0]LogWindows: Error: [Callstack] 0x00007ffab30d484e UE4Editor-UEStudyForMMO.dll!AMyCharacter::AMyCharacter() [C:\Users\dltkd\UE4_Study_MMO\UEStudyForMMO\Source\UEStudyForMMO\MyCharacter.cpp:24]
[2022.06.24-03.30.04:164][  0]LogWindows: Error: [Callstack] 0x00007ffae23c61d3 UE4Editor-CoreUObject.dll!UnknownFunction []
[2022.06.24-03.30.04:164][  0]LogWindows: Error: [Callstack] 0x00007ffae26e8faf UE4Editor-CoreUObject.dll!UnknownFunction []
[2022.06.24-03.30.04:164][  0]LogWindows: Error: [Callstack] 0x00007ffae26c5411 UE4Editor-CoreUObject.dll!UnknownFunction []
[2022.06.24-03.30.04:164][  0]LogWindows: Error: [Callstack] 0x00007ffae258ddc5 UE4Editor-CoreUObject.dll!UnknownFunction []
[2022.06.24-03.30.04:164][  0]LogWindows: Error: [Callstack] 0x00007ffacec51bea UE4Editor-Core.dll!UnknownFunction []
[2022.06.24-03.30.04:164][  0]LogWindows: Error: [Callstack] 0x00007ffacec715a3 UE4Editor-Core.dll!UnknownFunction []
[2022.06.24-03.30.04:164][  0]LogWindows: Error: [Callstack] 0x00007ffb2cf96433 UE4Editor-Projects.dll!UnknownFunction []
[2022.06.24-03.30.04:164][  0]LogWindows: Error: [Callstack] 0x00007ffb2cf9674f UE4Editor-Projects.dll!UnknownFunction []
[2022.06.24-03.30.04:164][  0]LogWindows: Error: [Callstack] 0x00007ff6d9205642 UE4Editor.exe!UnknownFunction []
[2022.06.24-03.30.04:164][  0]LogWindows: Error: [Callstack] 0x00007ff6d9209000 UE4Editor.exe!UnknownFunction []
[2022.06.24-03.30.04:164][  0]LogWindows: Error: [Callstack] 0x00007ff6d9200d2c UE4Editor.exe!UnknownFunction []
[2022.06.24-03.30.04:164][  0]LogWindows: Error: [Callstack] 0x00007ff6d92010ba UE4Editor.exe!UnknownFunction []
[2022.06.24-03.30.04:164][  0]LogWindows: Error: [Callstack] 0x00007ff6d92040dd UE4Editor.exe!UnknownFunction []
[2022.06.24-03.30.04:164][  0]LogWindows: Error: [Callstack] 0x00007ff6d9215984 UE4Editor.exe!UnknownFunction []
[2022.06.24-03.30.04:165][  0]LogWindows: Error: [Callstack] 0x00007ff6d921853a UE4Editor.exe!UnknownFunction []
[2022.06.24-03.30.04:165][  0]LogWindows: Error: [Callstack] 0x00007ffb6aef7034 KERNEL32.DLL!UnknownFunction []
[2022.06.24-03.30.04:165][  0]LogWindows: Error: [Callstack] 0x00007ffb6ce82651 ntdll.dll!UnknownFunction []
[2022.06.24-03.30.04:165][  0]LogWindows: Error: 
[2022.06.24-03.30.04:177][  0]LogExit: Executing StaticShutdownAfterError
[2022.06.24-03.30.04:191][  0]LogWindows: FPlatformMisc::RequestExit(1)
[2022.06.24-03.30.04:191][  0]LogWindows: FPlatformMisc::RequestExitWithStatus(1, 3)
[2022.06.24-03.30.04:191][  0]LogCore: Engine exit requested (reason: Win RequestExit)
[2022.06.24-03.30.04:201][  0]Log file closed, 06/24/22 12:30:04
