Log file open, 07/07/22 16:33:16
LogWindows: Failed to load 'aqProf.dll' (GetLastError=126)
LogWindows: File 'aqProf.dll' does not exist
LogWindows: Failed to load 'VtuneApi.dll' (GetLastError=126)
LogWindows: File 'VtuneApi.dll' does not exist
LogWindows: Failed to load 'VtuneApi32e.dll' (GetLastError=126)
LogWindows: File 'VtuneApi32e.dll' does not exist
LogConsoleResponse: Display: Failed to find resolution value strings in scalability ini. Falling back to default.
LogConsoleResponse: Display: Failed to find resolution value strings in scalability ini. Falling back to default.
LogInit: Display: Running engine for game: UEStudyForMMO
LogPlatformFile: Not using cached read wrapper
LogTaskGraph: Started task graph with 5 named threads and 47 total threads with 3 sets of task threads.
LogStats: Stats thread started at 0.251535
LogICUInternationalization: ICU TimeZone Detection - Raw Offset: +9:00, Platform Override: ''
LogInit: Display: Loading text-based GConfig....
LogPluginManager: Mounting plugin MeshPainting
LogPluginManager: Mounting plugin XGEController
LogPluginManager: Mounting plugin Paper2D
LogPluginManager: Mounting plugin EnvironmentQueryEditor
LogPluginManager: Mounting plugin AISupport
LogPluginManager: Mounting plugin LiveLink
LogPluginManager: Mounting plugin AnimationSharing
LogPluginManager: Mounting plugin CameraShakePreviewer
LogPluginManager: Mounting plugin OodleData
LogPluginManager: Mounting plugin OodleNetwork
LogPluginManager: Mounting plugin LightPropagationVolume
LogPluginManager: Mounting plugin DatasmithContent
LogPluginManager: Mounting plugin GameplayCameras
LogPluginManager: Mounting plugin CLionSourceCodeAccess
LogPluginManager: Mounting plugin CodeLiteSourceCodeAccess
LogPluginManager: Mounting plugin VariantManagerContent
LogPluginManager: Mounting plugin GitSourceControl
LogPluginManager: Mounting plugin KDevelopSourceCodeAccess
LogPluginManager: Mounting plugin NullSourceCodeAccess
LogPluginManager: Mounting plugin PixWinPlugin
LogPluginManager: Mounting plugin PerforceSourceControl
LogPluginManager: Mounting plugin PlasticSourceControl
LogPluginManager: Mounting plugin PluginUtils
LogPluginManager: Mounting plugin PropertyAccessNode
LogPluginManager: Mounting plugin RiderSourceCodeAccess
LogPluginManager: Mounting plugin TextureFormatOodle
LogPluginManager: Mounting plugin SubversionSourceControl
LogPluginManager: Mounting plugin UObjectPlugin
LogPluginManager: Mounting plugin VisualStudioCodeSourceCodeAccess
LogPluginManager: Mounting plugin XCodeSourceCodeAccess
LogPluginManager: Mounting plugin VisualStudioSourceCodeAccess
LogPluginManager: Mounting plugin Niagara
LogPluginManager: Mounting plugin AndroidMedia
LogPluginManager: Mounting plugin AvfMedia
LogPluginManager: Mounting plugin ImgMedia
LogPluginManager: Mounting plugin MediaCompositing
LogPluginManager: Mounting plugin MediaPlayerEditor
LogPluginManager: Mounting plugin WebMMedia
LogPluginManager: Mounting plugin WmfMedia
LogPluginManager: Mounting plugin ActorSequence
LogPluginManager: Mounting plugin LevelSequenceEditor
LogPluginManager: Mounting plugin MatineeToLevelSequence
LogPluginManager: Mounting plugin MagicLeap
LogPluginManager: Mounting plugin LuminPlatformFeatures
LogPluginManager: Mounting plugin MagicLeapLightEstimation
LogPluginManager: Mounting plugin AlembicImporter
LogPluginManager: Mounting plugin MagicLeapMedia
LogPluginManager: Mounting plugin AutomationUtils
LogPluginManager: Mounting plugin TemplateSequence
LogPluginManager: Mounting plugin BackChannel
LogPluginManager: Mounting plugin MagicLeapPassableWorld
LogPluginManager: Mounting plugin ChaosCloth
LogPluginManager: Mounting plugin MLSDK
LogPluginManager: Mounting plugin ChaosClothEditor
LogPluginManager: Mounting plugin ChaosEditor
LogPluginManager: Mounting plugin ChaosNiagara
LogPluginManager: Mounting plugin ChaosSolverPlugin
LogPluginManager: Mounting plugin CharacterAI
LogPluginManager: Mounting plugin GeometryCollectionPlugin
LogPluginManager: Mounting plugin GeometryCache
LogPluginManager: Mounting plugin TcpMessaging
LogPluginManager: Mounting plugin GeometryProcessing
LogPluginManager: Mounting plugin MotoSynth
LogPluginManager: Mounting plugin OpenImageDenoise
LogPluginManager: Mounting plugin UdpMessaging
LogPluginManager: Mounting plugin PlanarCut
LogPluginManager: Mounting plugin PlatformCrypto
LogPluginManager: Mounting plugin ProxyLODPlugin
LogPluginManager: Mounting plugin PythonScriptPlugin
LogPluginManager: Mounting plugin SkeletalReduction
LogPluginManager: Mounting plugin OnlineSubsystem
LogPluginManager: Mounting plugin ActorLayerUtilities
LogPluginManager: Mounting plugin AndroidDeviceProfileSelector
LogPluginManager: Mounting plugin AndroidPermission
LogPluginManager: Mounting plugin AndroidMoviePlayer
LogPluginManager: Mounting plugin AppleMoviePlayer
LogPluginManager: Mounting plugin AppleImageUtils
LogPluginManager: Mounting plugin ArchVisCharacter
LogPluginManager: Mounting plugin AssetTags
LogPluginManager: Mounting plugin AudioCapture
LogPluginManager: Mounting plugin AudioSynesthesia
LogPluginManager: Mounting plugin CableComponent
LogPluginManager: Mounting plugin ChunkDownloader
LogPluginManager: Mounting plugin CustomMeshComponent
LogPluginManager: Mounting plugin OnlineSubsystemNull
LogPluginManager: Mounting plugin OnlineSubsystemUtils
LogPluginManager: Mounting plugin EditableMesh
LogPluginManager: Mounting plugin ExampleDeviceProfileSelector
LogPluginManager: Mounting plugin GooglePAD
LogPluginManager: Mounting plugin GoogleCloudMessaging
LogPluginManager: Mounting plugin LauncherChunkInstaller
LogPluginManager: Mounting plugin IOSDeviceProfileSelector
LogPluginManager: Mounting plugin LinuxDeviceProfileSelector
LogPluginManager: Mounting plugin LocationServicesBPLibrary
LogPluginManager: Mounting plugin MobilePatchingUtils
LogPluginManager: Mounting plugin OpenXR
LogPluginManager: Mounting plugin OpenXREyeTracker
LogPluginManager: Mounting plugin OpenXRHandTracking
LogPluginManager: Mounting plugin PhysXVehicles
LogPluginManager: Mounting plugin PostSplashScreen
LogPluginManager: Mounting plugin ProceduralMeshComponent
LogPluginManager: Mounting plugin PropertyAccessEditor
LogPluginManager: Mounting plugin SignificanceManager
LogPluginManager: Mounting plugin RuntimePhysXCooking
LogPluginManager: Mounting plugin SoundFields
LogPluginManager: Mounting plugin Synthesis
LogPluginManager: Mounting plugin WebMMoviePlayer
LogPluginManager: Mounting plugin WindowsMoviePlayer
LogPluginManager: Mounting plugin ScreenshotTools
LogPluginManager: Mounting plugin Takes
LogPluginManager: Mounting plugin AssetManagerEditor
LogPluginManager: Mounting plugin CryptoKeys
LogPluginManager: Mounting plugin CurveEditorTools
LogPluginManager: Mounting plugin DataValidation
LogPluginManager: Mounting plugin GameplayTagsEditor
LogPluginManager: Mounting plugin GeometryMode
LogPluginManager: Mounting plugin FacialAnimation
LogPluginManager: Mounting plugin MaterialAnalyzer
LogPluginManager: Mounting plugin MacGraphicsSwitching
LogPluginManager: Mounting plugin MobileLauncherProfileWizard
LogPluginManager: Mounting plugin PluginBrowser
LogPluginManager: Mounting plugin SpeedTreeImporter
LogPluginManager: Mounting plugin OnlineSubsystemGooglePlay
LogPluginManager: Mounting plugin OnlineSubsystemIOS
LogPluginManager: Mounting plugin OculusVR
LogPluginManager: Mounting plugin SteamVR
LogPluginManager: Mounting plugin ContentBrowserAssetDataSource
LogPluginManager: Mounting plugin ContentBrowserFileDataSource
LogPluginManager: Mounting plugin ContentBrowserClassDataSource
PixWinPlugin: PIX capture plugin failed to initialize! Check that the process is launched from PIX.
LogInit: Using libcurl 7.55.1-DEV
LogInit:  - built for x86_64-pc-win32
LogInit:  - supports SSL with OpenSSL/1.1.1
LogInit:  - supports HTTP deflate (compression) using libz 1.2.8
LogInit:  - other features:
LogInit:      CURL_VERSION_SSL
LogInit:      CURL_VERSION_LIBZ
LogInit:      CURL_VERSION_IPV6
LogInit:      CURL_VERSION_ASYNCHDNS
LogInit:      CURL_VERSION_LARGEFILE
LogInit:      CURL_VERSION_IDN
LogInit:  CurlRequestOptions (configurable via config and command line):
LogInit:  - bVerifyPeer = true  - Libcurl will verify peer certificate
LogInit:  - bUseHttpProxy = false  - Libcurl will NOT use HTTP proxy
LogInit:  - bDontReuseConnections = false  - Libcurl will reuse connections
LogInit:  - MaxHostConnections = 16  - Libcurl will limit the number of connections to a host
LogInit:  - LocalHostAddr = Default
LogInit:  - BufferSize = 65536
LogOnline: OSS: Creating online subsystem instance for: NULL
LogInit: WinSock: version 1.1 (2.2), MaxSocks=32767, MaxUdp=65467
LogOnline: OSS: TryLoadSubsystemAndSetDefault: Loaded subsystem for module [NULL]
LogOculusPluginWrapper: OculusPlugin initialized successfully
LogHMD: Failed initializing OVRPlugin 1.59.0
LogInit: Build: ++UE4+Release-4.27-CL-18319896
LogInit: Engine Version: 4.27.2-18319896+++UE4+Release-4.27
LogInit: Compatible Engine Version: 4.27.0-17155196+++UE4+Release-4.27
LogInit: Net CL: 17155196
LogInit: OS: Windows 10 (Release 2009) (), CPU: Intel(R) Core(TM) i7-10700 CPU @ 2.90GHz, GPU: NVIDIA GeForce GTX 1660 SUPER
LogInit: Compiled (64-bit): Nov 30 2021 07:12:08
LogInit: Compiled with Visual C++: 19.24.28315.00
LogInit: Build Configuration: Development
LogInit: Branch Name: ++UE4+Release-4.27
LogInit: Command Line:  -skipcompile
LogInit: Base Directory: C:/Program Files/Epic Games/UE_4.27/Engine/Binaries/Win64/
LogInit: Allocator: TBB
LogInit: Installed Engine Build: 1
LogDevObjectVersion: Number of dev versions registered: 29
LogDevObjectVersion:   Dev-Blueprints (B0D832E4-1F89-4F0D-ACCF-7EB736FD4AA2): 10
LogDevObjectVersion:   Dev-Build (E1C64328-A22C-4D53-A36C-8E866417BD8C): 0
LogDevObjectVersion:   Dev-Core (375EC13C-06E4-48FB-B500-84F0262A717E): 4
LogDevObjectVersion:   Dev-Editor (E4B068ED-F494-42E9-A231-DA0B2E46BB41): 40
LogDevObjectVersion:   Dev-Framework (CFFC743F-43B0-4480-9391-14DF171D2073): 37
LogDevObjectVersion:   Dev-Mobile (B02B49B5-BB20-44E9-A304-32B752E40360): 3
LogDevObjectVersion:   Dev-Networking (A4E4105C-59A1-49B5-A7C5-40C4547EDFEE): 0
LogDevObjectVersion:   Dev-Online (39C831C9-5AE6-47DC-9A44-9C173E1C8E7C): 0
LogDevObjectVersion:   Dev-Physics (78F01B33-EBEA-4F98-B9B4-84EACCB95AA2): 14
LogDevObjectVersion:   Dev-Platform (6631380F-2D4D-43E0-8009-CF276956A95A): 0
LogDevObjectVersion:   Dev-Rendering (12F88B9F-8875-4AFC-A67C-D90C383ABD29): 45
LogDevObjectVersion:   Dev-Sequencer (7B5AE74C-D270-4C10-A958-57980B212A5A): 13
LogDevObjectVersion:   Dev-VR (D7296918-1DD6-4BDD-9DE2-64A83CC13884): 3
LogDevObjectVersion:   Dev-LoadTimes (C2A15278-BFE7-4AFE-6C17-90FF531DF755): 1
LogDevObjectVersion:   Private-Geometry (6EACA3D4-40EC-4CC1-B786-8BED09428FC5): 3
LogDevObjectVersion:   Dev-AnimPhys (29E575DD-E0A3-4627-9D10-D276232CDCEA): 17
LogDevObjectVersion:   Dev-Anim (AF43A65D-7FD3-4947-9873-3E8ED9C1BB05): 15
LogDevObjectVersion:   Dev-ReflectionCapture (6B266CEC-1EC7-4B8F-A30B-E4D90942FC07): 1
LogDevObjectVersion:   Dev-Automation (0DF73D61-A23F-47EA-B727-89E90C41499A): 1
LogDevObjectVersion:   FortniteMain (601D1886-AC64-4F84-AA16-D3DE0DEAC7D6): 47
LogDevObjectVersion:   FortniteRelease (E7086368-6B23-4C58-8439-1B7016265E91): 1
LogDevObjectVersion:   Dev-Enterprise (9DFFBCD6-494F-0158-E221-12823C92A888): 10
LogDevObjectVersion:   Dev-Niagara (F2AED0AC-9AFE-416F-8664-AA7FFA26D6FC): 1
LogDevObjectVersion:   Dev-Destruction (174F1F0B-B4C6-45A5-B13F-2EE8D0FB917D): 10
LogDevObjectVersion:   Dev-Physics-Ext (35F94A83-E258-406C-A318-09F59610247C): 41
LogDevObjectVersion:   Dev-PhysicsMaterial-Chaos (B68FC16E-8B1B-42E2-B453-215C058844FE): 1
LogDevObjectVersion:   Dev-CineCamera (B2E18506-4273-CFC2-A54E-F4BB758BBA07): 1
LogDevObjectVersion:   Dev-VirtualProduction (64F58936-FD1B-42BA-BA96-7289D5D0FA4E): 1
LogDevObjectVersion:   Dev-MediaFramework (6F0ED827-A609-4895-9C91-998D90180EA4): 2
LogInit: Presizing for max 25165824 objects, including 0 objects not considered by GC, pre-allocating 0 bytes for permanent pool.
LogConfig: Applying CVar settings from Section [/Script/Engine.StreamingSettings] File [C:/Users/user1/UE4_Study_MMO/UEStudyForMMO/Saved/Config/Windows/Engine.ini]
LogConfig: Setting CVar [[s.MinBulkDataSizeForAsyncLoading:131072]]
LogConfig: Setting CVar [[s.AsyncLoadingThreadEnabled:0]]
LogConfig: Setting CVar [[s.EventDrivenLoaderEnabled:1]]
LogConfig: Setting CVar [[s.WarnIfTimeLimitExceeded:0]]
LogConfig: Setting CVar [[s.TimeLimitExceededMultiplier:1.5]]
LogConfig: Setting CVar [[s.TimeLimitExceededMinTime:0.005]]
LogConfig: Setting CVar [[s.UseBackgroundLevelStreaming:1]]
LogConfig: Setting CVar [[s.PriorityAsyncLoadingExtraTime:15.0]]
LogConfig: Setting CVar [[s.LevelStreamingActorsUpdateTimeLimit:5.0]]
LogConfig: Setting CVar [[s.PriorityLevelStreamingActorsUpdateExtraTime:5.0]]
LogConfig: Setting CVar [[s.LevelStreamingComponentsRegistrationGranularity:10]]
LogConfig: Setting CVar [[s.UnregisterComponentsTimeLimit:1.0]]
LogConfig: Setting CVar [[s.LevelStreamingComponentsUnregistrationGranularity:5]]
LogConfig: Setting CVar [[s.FlushStreamingOnExit:1]]
LogInit: Object subsystem initialized
LogConfig: Setting CVar [[con.DebugEarlyDefault:1]]
LogConfig: Setting CVar [[r.setres:1280x720]]
[2022.07.07-07.33.17:662][  0]LogConfig: Setting CVar [[r.VSync:0]]
[2022.07.07-07.33.17:662][  0]LogConfig: Setting CVar [[r.RHICmdBypass:0]]
[2022.07.07-07.33.17:662][  0]LogConfig: Applying CVar settings from Section [/Script/Engine.RendererSettings] File [C:/Users/user1/UE4_Study_MMO/UEStudyForMMO/Saved/Config/Windows/Engine.ini]
[2022.07.07-07.33.17:662][  0]LogConfig: Setting CVar [[r.GPUCrashDebugging:0]]
[2022.07.07-07.33.17:662][  0]LogConfig: Applying CVar settings from Section [/Script/Engine.RendererOverrideSettings] File [C:/Users/user1/UE4_Study_MMO/UEStudyForMMO/Saved/Config/Windows/Engine.ini]
[2022.07.07-07.33.17:662][  0]LogConfig: Applying CVar settings from Section [/Script/Engine.StreamingSettings] File [C:/Users/user1/UE4_Study_MMO/UEStudyForMMO/Saved/Config/Windows/Engine.ini]
[2022.07.07-07.33.17:662][  0]LogConfig: Setting CVar [[s.MinBulkDataSizeForAsyncLoading:131072]]
[2022.07.07-07.33.17:662][  0]LogConfig: Setting CVar [[s.AsyncLoadingThreadEnabled:0]]
[2022.07.07-07.33.17:662][  0]LogConfig: Setting CVar [[s.EventDrivenLoaderEnabled:1]]
[2022.07.07-07.33.17:662][  0]LogConfig: Setting CVar [[s.WarnIfTimeLimitExceeded:0]]
[2022.07.07-07.33.17:662][  0]LogConfig: Setting CVar [[s.TimeLimitExceededMultiplier:1.5]]
[2022.07.07-07.33.17:662][  0]LogConfig: Setting CVar [[s.TimeLimitExceededMinTime:0.005]]
[2022.07.07-07.33.17:662][  0]LogConfig: Setting CVar [[s.UseBackgroundLevelStreaming:1]]
[2022.07.07-07.33.17:662][  0]LogConfig: Setting CVar [[s.PriorityAsyncLoadingExtraTime:15.0]]
[2022.07.07-07.33.17:662][  0]LogConfig: Setting CVar [[s.LevelStreamingActorsUpdateTimeLimit:5.0]]
[2022.07.07-07.33.17:662][  0]LogConfig: Setting CVar [[s.PriorityLevelStreamingActorsUpdateExtraTime:5.0]]
[2022.07.07-07.33.17:662][  0]LogConfig: Setting CVar [[s.LevelStreamingComponentsRegistrationGranularity:10]]
[2022.07.07-07.33.17:662][  0]LogConfig: Setting CVar [[s.UnregisterComponentsTimeLimit:1.0]]
[2022.07.07-07.33.17:662][  0]LogConfig: Setting CVar [[s.LevelStreamingComponentsUnregistrationGranularity:5]]
[2022.07.07-07.33.17:662][  0]LogConfig: Setting CVar [[s.FlushStreamingOnExit:1]]
[2022.07.07-07.33.17:662][  0]LogConfig: Applying CVar settings from Section [/Script/Engine.GarbageCollectionSettings] File [C:/Users/user1/UE4_Study_MMO/UEStudyForMMO/Saved/Config/Windows/Engine.ini]
[2022.07.07-07.33.17:662][  0]LogConfig: Setting CVar [[gc.MaxObjectsNotConsideredByGC:1]]
[2022.07.07-07.33.17:662][  0]LogConfig: Setting CVar [[gc.SizeOfPermanentObjectPool:0]]
[2022.07.07-07.33.17:662][  0]LogConfig: Setting CVar [[gc.FlushStreamingOnGC:0]]
[2022.07.07-07.33.17:662][  0]LogConfig: Setting CVar [[gc.NumRetriesBeforeForcingGC:10]]
[2022.07.07-07.33.17:662][  0]LogConfig: Setting CVar [[gc.AllowParallelGC:1]]
[2022.07.07-07.33.17:662][  0]LogConfig: Setting CVar [[gc.TimeBetweenPurgingPendingKillObjects:61.1]]
[2022.07.07-07.33.17:662][  0]LogConfig: Setting CVar [[gc.MaxObjectsInEditor:25165824]]
[2022.07.07-07.33.17:662][  0]LogConfig: Setting CVar [[gc.IncrementalBeginDestroyEnabled:1]]
[2022.07.07-07.33.17:662][  0]LogConfig: Setting CVar [[gc.CreateGCClusters:1]]
[2022.07.07-07.33.17:662][  0]LogConfig: Setting CVar [[gc.MinGCClusterSize:5]]
[2022.07.07-07.33.17:662][  0]LogConfig: Setting CVar [[gc.ActorClusteringEnabled:0]]
[2022.07.07-07.33.17:662][  0]LogConfig: Setting CVar [[gc.BlueprintClusteringEnabled:0]]
[2022.07.07-07.33.17:662][  0]LogConfig: Setting CVar [[gc.UseDisregardForGCOnDedicatedServers:0]]
[2022.07.07-07.33.17:662][  0]LogConfig: Setting CVar [[gc.MultithreadedDestructionEnabled:1]]
[2022.07.07-07.33.17:662][  0]LogConfig: Applying CVar settings from Section [/Script/Engine.NetworkSettings] File [C:/Users/user1/UE4_Study_MMO/UEStudyForMMO/Saved/Config/Windows/Engine.ini]
[2022.07.07-07.33.17:662][  0]LogConfig: Applying CVar settings from Section [/Script/UnrealEd.CookerSettings] File [C:/Users/user1/UE4_Study_MMO/UEStudyForMMO/Saved/Config/Windows/Engine.ini]
[2022.07.07-07.33.17:669][  0]LogConfig: Applying CVar settings from Section [ViewDistanceQuality@3] File [C:/Users/user1/UE4_Study_MMO/UEStudyForMMO/Saved/Config/Windows/Scalability.ini]
[2022.07.07-07.33.17:669][  0]LogConfig: Setting CVar [[r.SkeletalMeshLODBias:0]]
[2022.07.07-07.33.17:669][  0]LogConfig: Setting CVar [[r.ViewDistanceScale:1.0]]
[2022.07.07-07.33.17:669][  0]LogConfig: Applying CVar settings from Section [AntiAliasingQuality@3] File [C:/Users/user1/UE4_Study_MMO/UEStudyForMMO/Saved/Config/Windows/Scalability.ini]
[2022.07.07-07.33.17:669][  0]LogConfig: Setting CVar [[r.PostProcessAAQuality:4]]
[2022.07.07-07.33.17:669][  0]LogConfig: Applying CVar settings from Section [ShadowQuality@3] File [C:/Users/user1/UE4_Study_MMO/UEStudyForMMO/Saved/Config/Windows/Scalability.ini]
[2022.07.07-07.33.17:669][  0]LogConfig: Setting CVar [[r.LightFunctionQuality:1]]
[2022.07.07-07.33.17:669][  0]LogConfig: Setting CVar [[r.ShadowQuality:5]]
[2022.07.07-07.33.17:669][  0]LogConfig: Setting CVar [[r.Shadow.CSM.MaxCascades:10]]
[2022.07.07-07.33.17:669][  0]LogConfig: Setting CVar [[r.Shadow.MaxResolution:2048]]
[2022.07.07-07.33.17:669][  0]LogConfig: Setting CVar [[r.Shadow.MaxCSMResolution:2048]]
[2022.07.07-07.33.17:669][  0]LogConfig: Setting CVar [[r.Shadow.RadiusThreshold:0.01]]
[2022.07.07-07.33.17:669][  0]LogConfig: Setting CVar [[r.Shadow.DistanceScale:1.0]]
[2022.07.07-07.33.17:669][  0]LogConfig: Setting CVar [[r.Shadow.CSM.TransitionScale:1.0]]
[2022.07.07-07.33.17:669][  0]LogConfig: Setting CVar [[r.Shadow.PreShadowResolutionFactor:1.0]]
[2022.07.07-07.33.17:669][  0]LogConfig: Setting CVar [[r.DistanceFieldShadowing:1]]
[2022.07.07-07.33.17:669][  0]LogConfig: Setting CVar [[r.DistanceFieldAO:1]]
[2022.07.07-07.33.17:669][  0]LogConfig: Setting CVar [[r.AOQuality:2]]
[2022.07.07-07.33.17:669][  0]LogConfig: Setting CVar [[r.VolumetricFog:1]]
[2022.07.07-07.33.17:669][  0]LogConfig: Setting CVar [[r.VolumetricFog.GridPixelSize:8]]
[2022.07.07-07.33.17:669][  0]LogConfig: Setting CVar [[r.VolumetricFog.GridSizeZ:128]]
[2022.07.07-07.33.17:669][  0]LogConfig: Setting CVar [[r.VolumetricFog.HistoryMissSupersampleCount:4]]
[2022.07.07-07.33.17:669][  0]LogConfig: Setting CVar [[r.LightMaxDrawDistanceScale:1]]
[2022.07.07-07.33.17:669][  0]LogConfig: Setting CVar [[r.CapsuleShadows:1]]
[2022.07.07-07.33.17:669][  0]LogConfig: Applying CVar settings from Section [PostProcessQuality@3] File [C:/Users/user1/UE4_Study_MMO/UEStudyForMMO/Saved/Config/Windows/Scalability.ini]
[2022.07.07-07.33.17:669][  0]LogConfig: Setting CVar [[r.MotionBlurQuality:4]]
[2022.07.07-07.33.17:669][  0]LogConfig: Setting CVar [[r.AmbientOcclusionMipLevelFactor:0.4]]
[2022.07.07-07.33.17:669][  0]LogConfig: Setting CVar [[r.AmbientOcclusionMaxQuality:100]]
[2022.07.07-07.33.17:669][  0]LogConfig: Setting CVar [[r.AmbientOcclusionLevels:-1]]
[2022.07.07-07.33.17:669][  0]LogConfig: Setting CVar [[r.AmbientOcclusionRadiusScale:1.0]]
[2022.07.07-07.33.17:669][  0]LogConfig: Setting CVar [[r.DepthOfFieldQuality:2]]
[2022.07.07-07.33.17:669][  0]LogConfig: Setting CVar [[r.RenderTargetPoolMin:400]]
[2022.07.07-07.33.17:669][  0]LogConfig: Setting CVar [[r.LensFlareQuality:2]]
[2022.07.07-07.33.17:669][  0]LogConfig: Setting CVar [[r.SceneColorFringeQuality:1]]
[2022.07.07-07.33.17:669][  0]LogConfig: Setting CVar [[r.EyeAdaptationQuality:2]]
[2022.07.07-07.33.17:669][  0]LogConfig: Setting CVar [[r.BloomQuality:5]]
[2022.07.07-07.33.17:669][  0]LogConfig: Setting CVar [[r.FastBlurThreshold:100]]
[2022.07.07-07.33.17:669][  0]LogConfig: Setting CVar [[r.Upscale.Quality:3]]
[2022.07.07-07.33.17:669][  0]LogConfig: Setting CVar [[r.Tonemapper.GrainQuantization:1]]
[2022.07.07-07.33.17:669][  0]LogConfig: Setting CVar [[r.LightShaftQuality:1]]
[2022.07.07-07.33.17:669][  0]LogConfig: Setting CVar [[r.Filter.SizeScale:1]]
[2022.07.07-07.33.17:669][  0]LogConfig: Setting CVar [[r.Tonemapper.Quality:5]]
[2022.07.07-07.33.17:669][  0]LogConfig: Setting CVar [[r.DOF.Gather.AccumulatorQuality:1        ; higher gathering accumulator quality]]
[2022.07.07-07.33.17:669][  0]LogConfig: Setting CVar [[r.DOF.Gather.PostfilterMethod:1          ; Median3x3 postfilering method]]
[2022.07.07-07.33.17:669][  0]LogConfig: Setting CVar [[r.DOF.Gather.EnableBokehSettings:0       ; no bokeh simulation when gathering]]
[2022.07.07-07.33.17:669][  0]LogConfig: Setting CVar [[r.DOF.Gather.RingCount:4                 ; medium number of samples when gathering]]
[2022.07.07-07.33.17:669][  0]LogConfig: Setting CVar [[r.DOF.Scatter.ForegroundCompositing:1    ; additive foreground scattering]]
[2022.07.07-07.33.17:669][  0]LogConfig: Setting CVar [[r.DOF.Scatter.BackgroundCompositing:2    ; additive background scattering]]
[2022.07.07-07.33.17:669][  0]LogConfig: Setting CVar [[r.DOF.Scatter.EnableBokehSettings:1      ; bokeh simulation when scattering]]
[2022.07.07-07.33.17:669][  0]LogConfig: Setting CVar [[r.DOF.Scatter.MaxSpriteRatio:0.1         ; only a maximum of 10% of scattered bokeh]]
[2022.07.07-07.33.17:669][  0]LogConfig: Setting CVar [[r.DOF.Recombine.Quality:1                ; cheap slight out of focus]]
[2022.07.07-07.33.17:669][  0]LogConfig: Setting CVar [[r.DOF.Recombine.EnableBokehSettings:0    ; no bokeh simulation on slight out of focus]]
[2022.07.07-07.33.17:669][  0]LogConfig: Setting CVar [[r.DOF.TemporalAAQuality:1                ; more stable temporal accumulation]]
[2022.07.07-07.33.17:669][  0]LogConfig: Setting CVar [[r.DOF.Kernel.MaxForegroundRadius:0.025]]
[2022.07.07-07.33.17:669][  0]LogConfig: Setting CVar [[r.DOF.Kernel.MaxBackgroundRadius:0.025]]
[2022.07.07-07.33.17:669][  0]LogConfig: Applying CVar settings from Section [TextureQuality@3] File [C:/Users/user1/UE4_Study_MMO/UEStudyForMMO/Saved/Config/Windows/Scalability.ini]
[2022.07.07-07.33.17:669][  0]LogConfig: Setting CVar [[r.Streaming.MipBias:0]]
[2022.07.07-07.33.17:669][  0]LogConfig: Setting CVar [[r.Streaming.AmortizeCPUToGPUCopy:0]]
[2022.07.07-07.33.17:669][  0]LogConfig: Setting CVar [[r.Streaming.MaxNumTexturesToStreamPerFrame:0]]
[2022.07.07-07.33.17:669][  0]LogConfig: Setting CVar [[r.Streaming.Boost:1]]
[2022.07.07-07.33.17:669][  0]LogConfig: Setting CVar [[r.MaxAnisotropy:8]]
[2022.07.07-07.33.17:669][  0]LogConfig: Setting CVar [[r.VT.MaxAnisotropy:8]]
[2022.07.07-07.33.17:669][  0]LogConfig: Setting CVar [[r.Streaming.LimitPoolSizeToVRAM:0]]
[2022.07.07-07.33.17:669][  0]LogConfig: Setting CVar [[r.Streaming.PoolSize:1000]]
[2022.07.07-07.33.17:669][  0]LogConfig: Setting CVar [[r.Streaming.MaxEffectiveScreenSize:0]]
[2022.07.07-07.33.17:669][  0]LogConfig: Applying CVar settings from Section [EffectsQuality@3] File [C:/Users/user1/UE4_Study_MMO/UEStudyForMMO/Saved/Config/Windows/Scalability.ini]
[2022.07.07-07.33.17:669][  0]LogConfig: Setting CVar [[r.TranslucencyLightingVolumeDim:64]]
[2022.07.07-07.33.17:669][  0]LogConfig: Setting CVar [[r.RefractionQuality:2]]
[2022.07.07-07.33.17:669][  0]LogConfig: Setting CVar [[r.SSR.Quality:3]]
[2022.07.07-07.33.17:669][  0]LogConfig: Setting CVar [[r.SSR.HalfResSceneColor:0]]
[2022.07.07-07.33.17:669][  0]LogConfig: Setting CVar [[r.SceneColorFormat:4]]
[2022.07.07-07.33.17:669][  0]LogConfig: Setting CVar [[r.DetailMode:2]]
[2022.07.07-07.33.17:669][  0]LogConfig: Setting CVar [[r.TranslucencyVolumeBlur:1]]
[2022.07.07-07.33.17:670][  0]LogConfig: Setting CVar [[r.MaterialQualityLevel:1 ; High quality]]
[2022.07.07-07.33.17:670][  0]LogConfig: Setting CVar [[r.AnisotropicMaterials:1]]
[2022.07.07-07.33.17:670][  0]LogConfig: Setting CVar [[r.SSS.Scale:1]]
[2022.07.07-07.33.17:670][  0]LogConfig: Setting CVar [[r.SSS.SampleSet:2]]
[2022.07.07-07.33.17:670][  0]LogConfig: Setting CVar [[r.SSS.Quality:1]]
[2022.07.07-07.33.17:670][  0]LogConfig: Setting CVar [[r.SSS.HalfRes:0]]
[2022.07.07-07.33.17:670][  0]LogConfig: Setting CVar [[r.SSGI.Quality:3]]
[2022.07.07-07.33.17:670][  0]LogConfig: Setting CVar [[r.EmitterSpawnRateScale:1.0]]
[2022.07.07-07.33.17:670][  0]LogConfig: Setting CVar [[r.ParticleLightQuality:2]]
[2022.07.07-07.33.17:670][  0]LogConfig: Setting CVar [[r.SkyAtmosphere.AerialPerspectiveLUT.FastApplyOnOpaque:1 ; Always have FastSkyLUT 1 in this case to avoid wrong sky]]
[2022.07.07-07.33.17:670][  0]LogConfig: Setting CVar [[r.SkyAtmosphere.AerialPerspectiveLUT.SampleCountMaxPerSlice:4]]
[2022.07.07-07.33.17:670][  0]LogConfig: Setting CVar [[r.SkyAtmosphere.AerialPerspectiveLUT.DepthResolution:16.0]]
[2022.07.07-07.33.17:670][  0]LogConfig: Setting CVar [[r.SkyAtmosphere.FastSkyLUT:1]]
[2022.07.07-07.33.17:670][  0]LogConfig: Setting CVar [[r.SkyAtmosphere.FastSkyLUT.SampleCountMin:4.0]]
[2022.07.07-07.33.17:670][  0]LogConfig: Setting CVar [[r.SkyAtmosphere.FastSkyLUT.SampleCountMax:128.0]]
[2022.07.07-07.33.17:670][  0]LogConfig: Setting CVar [[r.SkyAtmosphere.SampleCountMin:4.0]]
[2022.07.07-07.33.17:670][  0]LogConfig: Setting CVar [[r.SkyAtmosphere.SampleCountMax:128.0]]
[2022.07.07-07.33.17:670][  0]LogConfig: Setting CVar [[r.SkyAtmosphere.TransmittanceLUT.UseSmallFormat:0]]
[2022.07.07-07.33.17:670][  0]LogConfig: Setting CVar [[r.SkyAtmosphere.TransmittanceLUT.SampleCount:10.0]]
[2022.07.07-07.33.17:670][  0]LogConfig: Setting CVar [[r.SkyAtmosphere.MultiScatteringLUT.SampleCount:15.0]]
[2022.07.07-07.33.17:670][  0]LogConfig: Setting CVar [[r.SkyLight.RealTimeReflectionCapture:1]]
[2022.07.07-07.33.17:670][  0]LogConfig: Applying CVar settings from Section [FoliageQuality@3] File [C:/Users/user1/UE4_Study_MMO/UEStudyForMMO/Saved/Config/Windows/Scalability.ini]
[2022.07.07-07.33.17:670][  0]LogConfig: Setting CVar [[foliage.DensityScale:1.0]]
[2022.07.07-07.33.17:670][  0]LogConfig: Setting CVar [[grass.DensityScale:1.0]]
[2022.07.07-07.33.17:670][  0]LogConfig: Applying CVar settings from Section [ShadingQuality@3] File [C:/Users/user1/UE4_Study_MMO/UEStudyForMMO/Saved/Config/Windows/Scalability.ini]
[2022.07.07-07.33.17:670][  0]LogConfig: Setting CVar [[r.HairStrands.SkyLighting.IntegrationType:2]]
[2022.07.07-07.33.17:670][  0]LogConfig: Setting CVar [[r.HairStrands.SkyAO.SampleCount:4]]
[2022.07.07-07.33.17:670][  0]LogConfig: Setting CVar [[r.HairStrands.Visibility.MSAA.SamplePerPixel:4]]
[2022.07.07-07.33.17:670][  0]LogInit: Selected Device Profile: [Windows]
[2022.07.07-07.33.17:670][  0]LogInit: Applying CVar settings loaded from the selected device profile: [Windows]
[2022.07.07-07.33.17:670][  0]LogHAL: Display: Platform has ~ 32 GB [34270666752 / 34359738368 / 32], which maps to Largest [LargestMinGB=32, LargerMinGB=12, DefaultMinGB=8, SmallerMinGB=6, SmallestMinGB=0)
[2022.07.07-07.33.17:670][  0]LogInit: Going up to parent DeviceProfile []
[2022.07.07-07.33.17:670][  0]LogConfig: Applying CVar settings from Section [ViewDistanceQuality@3] File [C:/Users/user1/UE4_Study_MMO/UEStudyForMMO/Saved/Config/Windows/Scalability.ini]
[2022.07.07-07.33.17:670][  0]LogConfig: Setting CVar [[r.SkeletalMeshLODBias:0]]
[2022.07.07-07.33.17:670][  0]LogConfig: Setting CVar [[r.ViewDistanceScale:1.0]]
[2022.07.07-07.33.17:670][  0]LogConfig: Applying CVar settings from Section [AntiAliasingQuality@3] File [C:/Users/user1/UE4_Study_MMO/UEStudyForMMO/Saved/Config/Windows/Scalability.ini]
[2022.07.07-07.33.17:670][  0]LogConfig: Setting CVar [[r.PostProcessAAQuality:4]]
[2022.07.07-07.33.17:670][  0]LogConfig: Applying CVar settings from Section [ShadowQuality@3] File [C:/Users/user1/UE4_Study_MMO/UEStudyForMMO/Saved/Config/Windows/Scalability.ini]
[2022.07.07-07.33.17:670][  0]LogConfig: Setting CVar [[r.LightFunctionQuality:1]]
[2022.07.07-07.33.17:670][  0]LogConfig: Setting CVar [[r.ShadowQuality:5]]
[2022.07.07-07.33.17:670][  0]LogConfig: Setting CVar [[r.Shadow.CSM.MaxCascades:10]]
[2022.07.07-07.33.17:670][  0]LogConfig: Setting CVar [[r.Shadow.MaxResolution:2048]]
[2022.07.07-07.33.17:670][  0]LogConfig: Setting CVar [[r.Shadow.MaxCSMResolution:2048]]
[2022.07.07-07.33.17:670][  0]LogConfig: Setting CVar [[r.Shadow.RadiusThreshold:0.01]]
[2022.07.07-07.33.17:670][  0]LogConfig: Setting CVar [[r.Shadow.DistanceScale:1.0]]
[2022.07.07-07.33.17:670][  0]LogConfig: Setting CVar [[r.Shadow.CSM.TransitionScale:1.0]]
[2022.07.07-07.33.17:670][  0]LogConfig: Setting CVar [[r.Shadow.PreShadowResolutionFactor:1.0]]
[2022.07.07-07.33.17:670][  0]LogConfig: Setting CVar [[r.DistanceFieldShadowing:1]]
[2022.07.07-07.33.17:670][  0]LogConfig: Setting CVar [[r.DistanceFieldAO:1]]
[2022.07.07-07.33.17:670][  0]LogConfig: Setting CVar [[r.AOQuality:2]]
[2022.07.07-07.33.17:670][  0]LogConfig: Setting CVar [[r.VolumetricFog:1]]
[2022.07.07-07.33.17:670][  0]LogConfig: Setting CVar [[r.VolumetricFog.GridPixelSize:8]]
[2022.07.07-07.33.17:670][  0]LogConfig: Setting CVar [[r.VolumetricFog.GridSizeZ:128]]
[2022.07.07-07.33.17:670][  0]LogConfig: Setting CVar [[r.VolumetricFog.HistoryMissSupersampleCount:4]]
[2022.07.07-07.33.17:670][  0]LogConfig: Setting CVar [[r.LightMaxDrawDistanceScale:1]]
[2022.07.07-07.33.17:670][  0]LogConfig: Setting CVar [[r.CapsuleShadows:1]]
[2022.07.07-07.33.17:670][  0]LogConfig: Applying CVar settings from Section [PostProcessQuality@3] File [C:/Users/user1/UE4_Study_MMO/UEStudyForMMO/Saved/Config/Windows/Scalability.ini]
[2022.07.07-07.33.17:670][  0]LogConfig: Setting CVar [[r.MotionBlurQuality:4]]
[2022.07.07-07.33.17:670][  0]LogConfig: Setting CVar [[r.AmbientOcclusionMipLevelFactor:0.4]]
[2022.07.07-07.33.17:670][  0]LogConfig: Setting CVar [[r.AmbientOcclusionMaxQuality:100]]
[2022.07.07-07.33.17:670][  0]LogConfig: Setting CVar [[r.AmbientOcclusionLevels:-1]]
[2022.07.07-07.33.17:670][  0]LogConfig: Setting CVar [[r.AmbientOcclusionRadiusScale:1.0]]
[2022.07.07-07.33.17:670][  0]LogConfig: Setting CVar [[r.DepthOfFieldQuality:2]]
[2022.07.07-07.33.17:670][  0]LogConfig: Setting CVar [[r.RenderTargetPoolMin:400]]
[2022.07.07-07.33.17:670][  0]LogConfig: Setting CVar [[r.LensFlareQuality:2]]
[2022.07.07-07.33.17:670][  0]LogConfig: Setting CVar [[r.SceneColorFringeQuality:1]]
[2022.07.07-07.33.17:670][  0]LogConfig: Setting CVar [[r.EyeAdaptationQuality:2]]
[2022.07.07-07.33.17:670][  0]LogConfig: Setting CVar [[r.BloomQuality:5]]
[2022.07.07-07.33.17:670][  0]LogConfig: Setting CVar [[r.FastBlurThreshold:100]]
[2022.07.07-07.33.17:670][  0]LogConfig: Setting CVar [[r.Upscale.Quality:3]]
[2022.07.07-07.33.17:670][  0]LogConfig: Setting CVar [[r.Tonemapper.GrainQuantization:1]]
[2022.07.07-07.33.17:670][  0]LogConfig: Setting CVar [[r.LightShaftQuality:1]]
[2022.07.07-07.33.17:670][  0]LogConfig: Setting CVar [[r.Filter.SizeScale:1]]
[2022.07.07-07.33.17:670][  0]LogConfig: Setting CVar [[r.Tonemapper.Quality:5]]
[2022.07.07-07.33.17:670][  0]LogConfig: Setting CVar [[r.DOF.Gather.AccumulatorQuality:1        ; higher gathering accumulator quality]]
[2022.07.07-07.33.17:670][  0]LogConfig: Setting CVar [[r.DOF.Gather.PostfilterMethod:1          ; Median3x3 postfilering method]]
[2022.07.07-07.33.17:670][  0]LogConfig: Setting CVar [[r.DOF.Gather.EnableBokehSettings:0       ; no bokeh simulation when gathering]]
[2022.07.07-07.33.17:670][  0]LogConfig: Setting CVar [[r.DOF.Gather.RingCount:4                 ; medium number of samples when gathering]]
[2022.07.07-07.33.17:670][  0]LogConfig: Setting CVar [[r.DOF.Scatter.ForegroundCompositing:1    ; additive foreground scattering]]
[2022.07.07-07.33.17:670][  0]LogConfig: Setting CVar [[r.DOF.Scatter.BackgroundCompositing:2    ; additive background scattering]]
[2022.07.07-07.33.17:670][  0]LogConfig: Setting CVar [[r.DOF.Scatter.EnableBokehSettings:1      ; bokeh simulation when scattering]]
[2022.07.07-07.33.17:670][  0]LogConfig: Setting CVar [[r.DOF.Scatter.MaxSpriteRatio:0.1         ; only a maximum of 10% of scattered bokeh]]
[2022.07.07-07.33.17:670][  0]LogConfig: Setting CVar [[r.DOF.Recombine.Quality:1                ; cheap slight out of focus]]
[2022.07.07-07.33.17:670][  0]LogConfig: Setting CVar [[r.DOF.Recombine.EnableBokehSettings:0    ; no bokeh simulation on slight out of focus]]
[2022.07.07-07.33.17:670][  0]LogConfig: Setting CVar [[r.DOF.TemporalAAQuality:1                ; more stable temporal accumulation]]
[2022.07.07-07.33.17:670][  0]LogConfig: Setting CVar [[r.DOF.Kernel.MaxForegroundRadius:0.025]]
[2022.07.07-07.33.17:670][  0]LogConfig: Setting CVar [[r.DOF.Kernel.MaxBackgroundRadius:0.025]]
[2022.07.07-07.33.17:670][  0]LogConfig: Applying CVar settings from Section [TextureQuality@3] File [C:/Users/user1/UE4_Study_MMO/UEStudyForMMO/Saved/Config/Windows/Scalability.ini]
[2022.07.07-07.33.17:670][  0]LogConfig: Setting CVar [[r.Streaming.MipBias:0]]
[2022.07.07-07.33.17:670][  0]LogConfig: Setting CVar [[r.Streaming.AmortizeCPUToGPUCopy:0]]
[2022.07.07-07.33.17:670][  0]LogConfig: Setting CVar [[r.Streaming.MaxNumTexturesToStreamPerFrame:0]]
[2022.07.07-07.33.17:670][  0]LogConfig: Setting CVar [[r.Streaming.Boost:1]]
[2022.07.07-07.33.17:670][  0]LogConfig: Setting CVar [[r.MaxAnisotropy:8]]
[2022.07.07-07.33.17:670][  0]LogConfig: Setting CVar [[r.VT.MaxAnisotropy:8]]
[2022.07.07-07.33.17:670][  0]LogConfig: Setting CVar [[r.Streaming.LimitPoolSizeToVRAM:0]]
[2022.07.07-07.33.17:670][  0]LogConfig: Setting CVar [[r.Streaming.PoolSize:1000]]
[2022.07.07-07.33.17:670][  0]LogConfig: Setting CVar [[r.Streaming.MaxEffectiveScreenSize:0]]
[2022.07.07-07.33.17:670][  0]LogConfig: Applying CVar settings from Section [EffectsQuality@3] File [C:/Users/user1/UE4_Study_MMO/UEStudyForMMO/Saved/Config/Windows/Scalability.ini]
[2022.07.07-07.33.17:670][  0]LogConfig: Setting CVar [[r.TranslucencyLightingVolumeDim:64]]
[2022.07.07-07.33.17:670][  0]LogConfig: Setting CVar [[r.RefractionQuality:2]]
[2022.07.07-07.33.17:670][  0]LogConfig: Setting CVar [[r.SSR.Quality:3]]
[2022.07.07-07.33.17:670][  0]LogConfig: Setting CVar [[r.SSR.HalfResSceneColor:0]]
[2022.07.07-07.33.17:670][  0]LogConfig: Setting CVar [[r.SceneColorFormat:4]]
[2022.07.07-07.33.17:670][  0]LogConfig: Setting CVar [[r.DetailMode:2]]
[2022.07.07-07.33.17:670][  0]LogConfig: Setting CVar [[r.TranslucencyVolumeBlur:1]]
[2022.07.07-07.33.17:670][  0]LogConfig: Setting CVar [[r.MaterialQualityLevel:1 ; High quality]]
[2022.07.07-07.33.17:670][  0]LogConfig: Setting CVar [[r.AnisotropicMaterials:1]]
[2022.07.07-07.33.17:670][  0]LogConfig: Setting CVar [[r.SSS.Scale:1]]
[2022.07.07-07.33.17:671][  0]LogConfig: Setting CVar [[r.SSS.SampleSet:2]]
[2022.07.07-07.33.17:671][  0]LogConfig: Setting CVar [[r.SSS.Quality:1]]
[2022.07.07-07.33.17:671][  0]LogConfig: Setting CVar [[r.SSS.HalfRes:0]]
[2022.07.07-07.33.17:671][  0]LogConfig: Setting CVar [[r.SSGI.Quality:3]]
[2022.07.07-07.33.17:671][  0]LogConfig: Setting CVar [[r.EmitterSpawnRateScale:1.0]]
[2022.07.07-07.33.17:671][  0]LogConfig: Setting CVar [[r.ParticleLightQuality:2]]
[2022.07.07-07.33.17:671][  0]LogConfig: Setting CVar [[r.SkyAtmosphere.AerialPerspectiveLUT.FastApplyOnOpaque:1 ; Always have FastSkyLUT 1 in this case to avoid wrong sky]]
[2022.07.07-07.33.17:671][  0]LogConfig: Setting CVar [[r.SkyAtmosphere.AerialPerspectiveLUT.SampleCountMaxPerSlice:4]]
[2022.07.07-07.33.17:671][  0]LogConfig: Setting CVar [[r.SkyAtmosphere.AerialPerspectiveLUT.DepthResolution:16.0]]
[2022.07.07-07.33.17:671][  0]LogConfig: Setting CVar [[r.SkyAtmosphere.FastSkyLUT:1]]
[2022.07.07-07.33.17:671][  0]LogConfig: Setting CVar [[r.SkyAtmosphere.FastSkyLUT.SampleCountMin:4.0]]
[2022.07.07-07.33.17:671][  0]LogConfig: Setting CVar [[r.SkyAtmosphere.FastSkyLUT.SampleCountMax:128.0]]
[2022.07.07-07.33.17:671][  0]LogConfig: Setting CVar [[r.SkyAtmosphere.SampleCountMin:4.0]]
[2022.07.07-07.33.17:671][  0]LogConfig: Setting CVar [[r.SkyAtmosphere.SampleCountMax:128.0]]
[2022.07.07-07.33.17:671][  0]LogConfig: Setting CVar [[r.SkyAtmosphere.TransmittanceLUT.UseSmallFormat:0]]
[2022.07.07-07.33.17:671][  0]LogConfig: Setting CVar [[r.SkyAtmosphere.TransmittanceLUT.SampleCount:10.0]]
[2022.07.07-07.33.17:671][  0]LogConfig: Setting CVar [[r.SkyAtmosphere.MultiScatteringLUT.SampleCount:15.0]]
[2022.07.07-07.33.17:671][  0]LogConfig: Setting CVar [[r.SkyLight.RealTimeReflectionCapture:1]]
[2022.07.07-07.33.17:671][  0]LogConfig: Applying CVar settings from Section [FoliageQuality@3] File [C:/Users/user1/UE4_Study_MMO/UEStudyForMMO/Saved/Config/Windows/Scalability.ini]
[2022.07.07-07.33.17:671][  0]LogConfig: Setting CVar [[foliage.DensityScale:1.0]]
[2022.07.07-07.33.17:671][  0]LogConfig: Setting CVar [[grass.DensityScale:1.0]]
[2022.07.07-07.33.17:671][  0]LogConfig: Applying CVar settings from Section [ShadingQuality@3] File [C:/Users/user1/UE4_Study_MMO/UEStudyForMMO/Saved/Config/Windows/Scalability.ini]
[2022.07.07-07.33.17:671][  0]LogConfig: Setting CVar [[r.HairStrands.SkyLighting.IntegrationType:2]]
[2022.07.07-07.33.17:671][  0]LogConfig: Setting CVar [[r.HairStrands.SkyAO.SampleCount:4]]
[2022.07.07-07.33.17:671][  0]LogConfig: Setting CVar [[r.HairStrands.Visibility.MSAA.SamplePerPixel:4]]
[2022.07.07-07.33.17:671][  0]LogConfig: Applying CVar settings from Section [Startup] File [../../../Engine/Config/ConsoleVariables.ini]
[2022.07.07-07.33.17:671][  0]LogConfig: Setting CVar [[net.UseAdaptiveNetUpdateFrequency:0]]
[2022.07.07-07.33.17:671][  0]LogConfig: Setting CVar [[p.chaos.AllowCreatePhysxBodies:1]]
[2022.07.07-07.33.17:671][  0]LogConfig: Setting CVar [[fx.SkipVectorVMBackendOptimizations:1]]
[2022.07.07-07.33.17:671][  0]LogConfig: Applying CVar settings from Section [ConsoleVariables] File [C:/Users/user1/UE4_Study_MMO/UEStudyForMMO/Saved/Config/Windows/Engine.ini]
[2022.07.07-07.33.17:671][  0]LogConfig: Applying CVar settings from Section [ConsoleVariables] File [C:/Users/user1/UE4_Study_MMO/UEStudyForMMO/Saved/Config/Windows/Editor.ini]
[2022.07.07-07.33.17:671][  0]LogInit: Computer: DESKTOP-52MEI6H
[2022.07.07-07.33.17:671][  0]LogInit: User: user1
[2022.07.07-07.33.17:671][  0]LogInit: CPU Page size=4096, Cores=8
[2022.07.07-07.33.17:671][  0]LogInit: High frequency timer resolution =10.000000 MHz
[2022.07.07-07.33.17:671][  0]LogMemory: Memory total: Physical=31.9GB (32GB approx)
[2022.07.07-07.33.17:671][  0]LogMemory: Platform Memory Stats for Windows
[2022.07.07-07.33.17:671][  0]LogMemory: Process Physical Memory: 147.69 MB used, 147.70 MB peak
[2022.07.07-07.33.17:671][  0]LogMemory: Process Virtual Memory: 128.27 MB used, 128.27 MB peak
[2022.07.07-07.33.17:671][  0]LogMemory: Physical Memory: 12249.75 MB used,  20433.31 MB free, 32683.05 MB total
[2022.07.07-07.33.17:671][  0]LogMemory: Virtual Memory: 134185016.00 MB used,  32710.45 MB free, 134217728.00 MB total
[2022.07.07-07.33.17:675][  0]LogWindows: WindowsPlatformFeatures enabled
[2022.07.07-07.33.17:839][  0]LogInit: Physics initialised using underlying interface: PhysX
[2022.07.07-07.33.17:840][  0]LogInit: Using OS detected language (ko-KR).
[2022.07.07-07.33.17:840][  0]LogInit: Using OS detected locale (ko-KR).
[2022.07.07-07.33.17:844][  0]LogTextLocalizationManager: No specific localization for 'ko-KR' exists, so the 'ko' localization will be used.
[2022.07.07-07.33.17:976][  0]LogInit: Setting process to per monitor DPI aware
[2022.07.07-07.33.18:001][  0]LogWindowsTextInputMethodSystem: Display: IME system deactivated.
[2022.07.07-07.33.18:070][  0]LogSlate: New Slate User Created.  User Index 0, Is Virtual User: 0
[2022.07.07-07.33.18:070][  0]LogSlate: Slate User Registered.  User Index 0, Is Virtual User: 0
[2022.07.07-07.33.19:739][  0]LogD3D11RHI: Loaded GFSDK_Aftermath_Lib.x64.dll
[2022.07.07-07.33.19:741][  0]LogHMD: Failed to initialize OpenVR with code 110
[2022.07.07-07.33.19:741][  0]LogD3D11RHI: D3D11 min allowed feature level: 11_0
[2022.07.07-07.33.19:741][  0]LogD3D11RHI: D3D11 max allowed feature level: 11_0
[2022.07.07-07.33.19:741][  0]LogD3D11RHI: D3D11 adapters:
[2022.07.07-07.33.19:923][  0]LogD3D11RHI:    0. 'NVIDIA GeForce GTX 1660 SUPER' (Feature Level 11_0)
[2022.07.07-07.33.19:923][  0]LogD3D11RHI:       5991/0/16341 MB DedicatedVideo/DedicatedSystem/SharedSystem, Outputs:2, VendorId:0x10de
[2022.07.07-07.33.19:925][  0]LogD3D11RHI:    1. 'Microsoft Basic Render Driver' (Feature Level 11_0)
[2022.07.07-07.33.19:925][  0]LogD3D11RHI:       0/0/16341 MB DedicatedVideo/DedicatedSystem/SharedSystem, Outputs:0, VendorId:0x1414
[2022.07.07-07.33.19:925][  0]LogD3D11RHI: Chosen D3D11 Adapter:
[2022.07.07-07.33.19:925][  0]LogD3D11RHI:     Description : NVIDIA GeForce GTX 1660 SUPER
[2022.07.07-07.33.19:925][  0]LogD3D11RHI:     VendorId    : 10de
[2022.07.07-07.33.19:925][  0]LogD3D11RHI:     DeviceId    : 21c4
[2022.07.07-07.33.19:925][  0]LogD3D11RHI:     SubSysId    : 13d310de
[2022.07.07-07.33.19:925][  0]LogD3D11RHI:     Revision    : 00a1
[2022.07.07-07.33.19:925][  0]LogD3D11RHI:     DedicatedVideoMemory : 6282018816 bytes
[2022.07.07-07.33.19:925][  0]LogD3D11RHI:     DedicatedSystemMemory : 0 bytes
[2022.07.07-07.33.19:925][  0]LogD3D11RHI:     SharedSystemMemory : 17135333376 bytes
[2022.07.07-07.33.19:925][  0]LogD3D11RHI:     AdapterLuid : 0 65593
[2022.07.07-07.33.19:930][  0]LogD3D11RHI: Creating new Direct3DDevice
[2022.07.07-07.33.19:930][  0]LogD3D11RHI:     GPU DeviceId: 0x21c4 (for the marketing name, search the web for "GPU Device Id")
[2022.07.07-07.33.19:930][  0]LogWindows: EnumDisplayDevices:
[2022.07.07-07.33.19:930][  0]LogWindows:    0. 'NVIDIA GeForce GTX 1660 SUPER' (P:0 D:1)
[2022.07.07-07.33.19:930][  0]LogWindows:    1. 'NVIDIA GeForce GTX 1660 SUPER' (P:1 D:1)
[2022.07.07-07.33.19:930][  0]LogWindows:    2. 'NVIDIA GeForce GTX 1660 SUPER' (P:0 D:0)
[2022.07.07-07.33.19:930][  0]LogWindows:    3. 'NVIDIA GeForce GTX 1660 SUPER' (P:0 D:0)
[2022.07.07-07.33.19:930][  0]LogWindows: DebugString: FoundDriverCount:4 
[2022.07.07-07.33.19:930][  0]LogD3D11RHI:     Adapter Name: NVIDIA GeForce GTX 1660 SUPER
[2022.07.07-07.33.19:930][  0]LogD3D11RHI:   Driver Version: 460.89 (internal:27.21.14.6089, unified:460.89)
[2022.07.07-07.33.19:930][  0]LogD3D11RHI:      Driver Date: 12-11-2020
[2022.07.07-07.33.19:930][  0]LogRHI: Texture pool is 4193 MB (70% of 5991 MB)
[2022.07.07-07.33.19:930][  0]LogD3D11RHI: Creating D3DDevice using adapter:
[2022.07.07-07.33.19:930][  0]LogD3D11RHI:     Description : NVIDIA GeForce GTX 1660 SUPER
[2022.07.07-07.33.19:930][  0]LogD3D11RHI:     VendorId    : 10de
[2022.07.07-07.33.19:930][  0]LogD3D11RHI:     DeviceId    : 21c4
[2022.07.07-07.33.19:930][  0]LogD3D11RHI:     SubSysId    : 13d310de
[2022.07.07-07.33.19:930][  0]LogD3D11RHI:     Revision    : 00a1
[2022.07.07-07.33.19:930][  0]LogD3D11RHI:     DedicatedVideoMemory : 6282018816 bytes
[2022.07.07-07.33.19:930][  0]LogD3D11RHI:     DedicatedSystemMemory : 0 bytes
[2022.07.07-07.33.19:930][  0]LogD3D11RHI:     SharedSystemMemory : 17135333376 bytes
[2022.07.07-07.33.19:930][  0]LogD3D11RHI:     AdapterLuid : 0 65593
[2022.07.07-07.33.19:990][  0]LogD3D11RHI: RHI has support for 64 bit atomics
[2022.07.07-07.33.19:990][  0]LogD3D11RHI: Async texture creation enabled
[2022.07.07-07.33.19:990][  0]LogD3D11RHI: Array index from any shader is supported
[2022.07.07-07.33.20:003][  0]LogD3D11RHI: GPU Timing Frequency: 1000.000000 (Debug: 2 1)
[2022.07.07-07.33.20:063][  0]LogRHI: GeForceNow SDK initialized: 1
[2022.07.07-07.33.20:282][  0]LogTargetPlatformManager: Display: Loaded TargetPlatform 'AllDesktop'
[2022.07.07-07.33.20:313][  0]LogTargetPlatformManager: Display: Loaded TargetPlatform 'Android'
[2022.07.07-07.33.20:313][  0]LogTargetPlatformManager: Display: Loaded TargetPlatform 'Android_ASTC'
[2022.07.07-07.33.20:313][  0]LogTargetPlatformManager: Display: Loaded TargetPlatform 'Android_DXT'
[2022.07.07-07.33.20:313][  0]LogTargetPlatformManager: Display: Loaded TargetPlatform 'Android_ETC2'
[2022.07.07-07.33.20:313][  0]LogTargetPlatformManager: Display: Loaded TargetPlatform 'AndroidClient'
[2022.07.07-07.33.20:313][  0]LogTargetPlatformManager: Display: Loaded TargetPlatform 'Android_ASTCClient'
[2022.07.07-07.33.20:313][  0]LogTargetPlatformManager: Display: Loaded TargetPlatform 'Android_DXTClient'
[2022.07.07-07.33.20:313][  0]LogTargetPlatformManager: Display: Loaded TargetPlatform 'Android_ETC2Client'
[2022.07.07-07.33.20:313][  0]LogTargetPlatformManager: Display: Loaded TargetPlatform 'Android_Multi'
[2022.07.07-07.33.20:313][  0]LogTargetPlatformManager: Display: Loaded TargetPlatform 'Android_MultiClient'
[2022.07.07-07.33.20:362][  0]LogTargetPlatformManager: Display: Loaded TargetPlatform 'IOSClient'
[2022.07.07-07.33.20:362][  0]LogTargetPlatformManager: Display: Loaded TargetPlatform 'IOS'
[2022.07.07-07.33.20:383][  0]LogTargetPlatformManager: Display: Loaded TargetPlatform 'Linux'
[2022.07.07-07.33.20:398][  0]LogTargetPlatformManager: Display: Loaded TargetPlatform 'LinuxNoEditor'
[2022.07.07-07.33.20:413][  0]LogTargetPlatformManager: Display: Loaded TargetPlatform 'LinuxClient'
[2022.07.07-07.33.20:429][  0]LogTargetPlatformManager: Display: Loaded TargetPlatform 'LinuxServer'
[2022.07.07-07.33.20:448][  0]LogTargetPlatformManager: Display: Loaded TargetPlatform 'LinuxAArch64NoEditor'
[2022.07.07-07.33.20:463][  0]LogTargetPlatformManager: Display: Loaded TargetPlatform 'LinuxAArch64Client'
[2022.07.07-07.33.20:478][  0]LogTargetPlatformManager: Display: Loaded TargetPlatform 'LinuxAArch64Server'
[2022.07.07-07.33.20:510][  0]LogTargetPlatformManager: Display: Loaded TargetPlatform 'Lumin'
[2022.07.07-07.33.20:510][  0]LogTargetPlatformManager: Display: Loaded TargetPlatform 'LuminClient'
[2022.07.07-07.33.20:530][  0]LogTargetPlatformManager: Display: Loaded TargetPlatform 'MacNoEditor'
[2022.07.07-07.33.20:545][  0]LogTargetPlatformManager: Display: Loaded TargetPlatform 'Mac'
[2022.07.07-07.33.20:560][  0]LogTargetPlatformManager: Display: Loaded TargetPlatform 'MacClient'
[2022.07.07-07.33.20:574][  0]LogTargetPlatformManager: Display: Loaded TargetPlatform 'MacServer'
[2022.07.07-07.33.20:593][  0]LogTargetPlatformManager: Display: Loaded TargetPlatform 'TVOSClient'
[2022.07.07-07.33.20:593][  0]LogTargetPlatformManager: Display: Loaded TargetPlatform 'TVOS'
[2022.07.07-07.33.20:613][  0]LogTargetPlatformManager: Display: Loaded TargetPlatform 'WindowsNoEditor'
[2022.07.07-07.33.20:629][  0]LogTargetPlatformManager: Display: Loaded TargetPlatform 'Windows'
[2022.07.07-07.33.20:645][  0]LogTargetPlatformManager: Display: Loaded TargetPlatform 'WindowsClient'
[2022.07.07-07.33.20:661][  0]LogTargetPlatformManager: Display: Loaded TargetPlatform 'WindowsServer'
[2022.07.07-07.33.20:661][  0]LogTargetPlatformManager: Display: Building Assets For Windows
[2022.07.07-07.33.20:715][  0]LogAudioDebug: Display: Lib vorbis DLL was dynamically loaded.
[2022.07.07-07.33.20:848][  0]LogTextureFormatOodle: Display: Oodle Texture 2.9.0 init RDO Off
[2022.07.07-07.33.21:032][  0]LogRendererCore: Ray tracing is disabled. Reason: r.RayTracing=0.
[2022.07.07-07.33.21:032][  0]LogShaderCompilers: Guid format shader working directory is -11 characters bigger than the processId version (../../../../../../Users/user1/UE4_Study_MMO/UEStudyForMMO/Intermediate/Shaders/WorkingDirectory/4100/).
[2022.07.07-07.33.21:032][  0]LogShaderCompilers: Cleaned the shader compiler working directory 'C:/Users/user1/AppData/Local/Temp/UnrealShaderWorkingDir/862461284D10F6FDAB6D3A86520B6D42/'.
[2022.07.07-07.33.21:032][  0]LogXGEController: Cannot use XGE Controller as Incredibuild is not installed on this machine.
[2022.07.07-07.33.21:032][  0]LogShaderCompilers: Cannot use XGE Shader Compiler as Incredibuild is not installed on this machine.
[2022.07.07-07.33.21:032][  0]LogShaderCompilers: Display: Using Local Shader Compiler.
[2022.07.07-07.33.23:179][  0]LogDerivedDataCache: Display: Max Cache Size: 512 MB
[2022.07.07-07.33.23:226][  0]LogDerivedDataCache: Loaded boot cache 0.05s 95MB C:/Users/user1/AppData/Local/UnrealEngine/4.27/DerivedDataCache/Boot.ddc.
[2022.07.07-07.33.23:226][  0]LogDerivedDataCache: Display: Loaded Boot cache: C:/Users/user1/AppData/Local/UnrealEngine/4.27/DerivedDataCache/Boot.ddc
[2022.07.07-07.33.23:226][  0]LogDerivedDataCache: FDerivedDataBackendGraph:  Pak pak cache file ../../../../../../Users/user1/UE4_Study_MMO/UEStudyForMMO/DerivedDataCache/DDC.ddp not found, will not use a pak cache.
[2022.07.07-07.33.23:226][  0]LogDerivedDataCache: Unable to find inner node Pak for hierarchical cache Hierarchy.
[2022.07.07-07.33.23:226][  0]LogDerivedDataCache: FDerivedDataBackendGraph:  CompressedPak pak cache file ../../../../../../Users/user1/UE4_Study_MMO/UEStudyForMMO/DerivedDataCache/Compressed.ddp not found, will not use a pak cache.
[2022.07.07-07.33.23:226][  0]LogDerivedDataCache: Unable to find inner node CompressedPak for hierarchical cache Hierarchy.
[2022.07.07-07.33.23:245][  0]LogDerivedDataCache: Display: Pak cache opened for reading ../../../Engine/DerivedDataCache/Compressed.ddp.
[2022.07.07-07.33.23:245][  0]LogDerivedDataCache: FDerivedDataBackendGraph:  EnterprisePak pak cache file ../../../Enterprise/DerivedDataCache/Compressed.ddp not found, will not use a pak cache.
[2022.07.07-07.33.23:245][  0]LogDerivedDataCache: Unable to find inner node EnterprisePak for hierarchical cache Hierarchy.
[2022.07.07-07.33.23:251][  0]LogDerivedDataCache: Speed tests for C:/Users/user1/AppData/Local/UnrealEngine/Common/DerivedDataCache took 0.01 seconds
[2022.07.07-07.33.23:251][  0]LogDerivedDataCache: Display: Performance to C:/Users/user1/AppData/Local/UnrealEngine/Common/DerivedDataCache: Latency=0.02ms. RandomReadSpeed=486.57MBs, RandomWriteSpeed=272.46MBs. Assigned SpeedClass 'Local'
[2022.07.07-07.33.23:252][  0]LogDerivedDataCache: Using Local data cache path C:/Users/user1/AppData/Local/UnrealEngine/Common/DerivedDataCache: Writable
[2022.07.07-07.33.23:252][  0]LogDerivedDataCache: Shared data cache path not found in *engine.ini, will not use an Shared cache.
[2022.07.07-07.33.23:252][  0]LogDerivedDataCache: Unable to find inner node Shared for hierarchical cache Hierarchy.
[2022.07.07-07.33.23:288][  0]LogSlate: Using FreeType 2.10.0
[2022.07.07-07.33.23:294][  0]LogSlate: SlateFontServices - WITH_FREETYPE: 1, WITH_HARFBUZZ: 1
[2022.07.07-07.33.23:321][  0]LogAssetRegistry: FAssetRegistry took 0.0021 seconds to start up
[2022.07.07-07.33.23:498][  0]LogInit: Selected Device Profile: [Windows]
[2022.07.07-07.33.23:498][  0]LogInit: Active device profile: [000001FEDB663700][000001FED26B76C0 49] Windows
[2022.07.07-07.33.23:498][  0]LogInit: Profiles: [000001FEDB663700][000001FED26B76C0 49] Windows, [000001FEDB65CB00][000001FED26BF840 49] WindowsNoEditor, [000001FEDB660B00][000001FED26C39C0 49] WindowsServer, [000001FEDB65EC00][000001FED26C7B40 49] WindowsClient, [000001FEDB662C00][000001FED2486140 49] IOS, [000001FEDB65F600][000001FED248A2C0 49] iPadAir, [000001FEDB663500][000001FED248E440 49] iPadAir2, [000001FEDB60F800][000001FED2496700 49] IPadPro, [000001FEDB60F900][000001FED2492740 49] iPadAir3, [000001FEDB660300][000001FED26BA880 49] iPadAir4, [000001FEDB60D000][000001FED249A9C0 49] iPadMini2, [000001FEDB661A00][000001FED249EB00 49] iPadMini3, [000001FEDB60E700][000001FED24A6C80 49] iPadMini4, [000001FEDB663400][000001FED24AAE00 49] iPadMini5, [000001FEDB657100][000001FED24B30C0 49] iPhone6, [000001FEDB657200][000001FED24AF100 49] iPodTouch6, [000001FEDB60E100][000001FED24BB3C0 49] iPhone7, [000001FEDB60E200][000001FED24B7400 49] iPodTouch7, [000001FEDB654F00][000001FED88BD580 49] iPhone5S, [000001FEDB60DC00][000001FED88C1700 49] iPhone6Plus, [000001FEDB656800][000001FED88C5880 49] iPhone6S, [000001FEDB60EB00][000001FED88C9A00 49] iPhone6SPlus, [000001FEDB657F00][000001FED88CDB80 49] iPhone7Plus, [000001FEDB60DF00][000001FED88D0180 49] iPhoneSE, [000001FEDB655100][000001FED88D4300 49] iPhone8, [000001FEDB60D500][000001FED88D8480 49] iPhone8Plus, [000001FEDB654100][000001FED88DC600 49] iPhoneX, [000001FEDB60F600][000001FED88E0780 49] iPhoneXS, [000001FEDB654800][000001FED88E4900 49] iPhoneXSMax, [000001FEDB60DB00][000001FED24A2A40 49] iPhoneXR, [000001FEDB656D00][000001FED8904B80 49] iPhone11, [000001FEDB60D400][000001FED890CCC0 49] iPhone11Pro, [000001FEDB656400][000001FED891CE40 49] iPhone11ProMax, [000001FEDB60CA00][000001FED4F98FC0 49] iPhoneSE2, [000001FEDB654C00][000001FED502F140 49] iPhone12Mini, [000001FEDB60CB00][000001FED504B2C0 49] iPhone12, [000001FEDB657900][000001FED50ED440 49] iPhone12Pro, [000001FEDB60F300][000001FEDE1315C0 49] iPhone12ProMax, [000001FEDB655200][000001FEDE1E5740 49] iPadPro105, [000001FEDB60FA00][000001FED908B8C0 49] iPadPro129, [000001FEDB656600][000001FED908FA40 49] iPadPro97, [000001FEDB60F100][000001FED909BBC0 49] iPadPro2_129, [000001FEDB656A00][000001FED909E1C0 49] iPad5, [000001FEDB60E400][000001FECD36A340 49] iPad6, [000001FEDB655D00][000001FED4FA04C0 49] iPad7, [000001FEDB60E600][000001FED4FA4640 49] iPad8, [000001FEDB656300][000001FED4FA87C0 49] iPadPro11, [000001FEDB60C700][000001FED4FAC940 49] iPadPro2_11, [000001FEDB657700][000001FED4FB8AC0 49] iPadPro3_129, [000001FEDB60D200][000001FED8918C00 49] iPadPro4_129, [000001FEDB656B00][000001FED4FC4D40 49] AppleTV, [000001FEDB60DA00][000001FED4FC8E80 49] AppleTV4K, [000001FEDB655500][000001FED5020FC0 49] TVOS, [000001FEDB60CD00][000001FED5029140 49] Mac, [000001FEDB65DF00][000001FEDECED2C0 49] MacClient, [000001FEDB6E5100][000001FEDECF1440 49] MacNoEditor, [000001FEDB65C100][000001FEDED055C0 49] MacServer, [000001FEDB6E5C00][000001FEDED0D740 49] Linux, [000001FEDB65CD00][000001FEDED158C0 49] LinuxAArch64, [000001FEDB6E5800][000001FEDED19A40 49] LinuxNoEditor, [000001FEDB65CE00][000001FEDED43BC0 49] LinuxAArch64NoEditor, [000001FEDB6E5900][000001FEDED4A1C0 49] LinuxClient, [000001FEDB65EA00][000001FEDE4D0340 49] LinuxAArch64Client, [000001FEDB6E4900][000001FEDE5044C0 49] LinuxServer, [000001FEDB65C200][000001FEDE514640 49] LinuxAArch64Server, [000001FEDB6E4B00][000001FEDE5187C0 49] Android, [000001FEDB65DA00][000001FEDE51C940 49] Android_Low, [000001FEDB6E6100][000001FED9134AC0 49] Android_Mid, [000001FEDB65D900][000001FEDE520C40 49] Android_High, [000001FEDB6E5F00][000001FED5024D80 49] Android_Default, [000001FEDB65CA00][000001FEDE524EC0 49] Android_Adreno4xx, [000001FEDB6E5600][000001FEDE4A5000 49] Android_Adreno5xx_Low, [000001FEDB65F900][000001FEDE529140 49] Android_Adreno5xx, [000001FEDB6E4C00][000001FED50DD2C0 49] Android_Adreno6xx, [000001FEDB65D600][000001FED50E1440 49] Android_Adreno6xx_Vulkan, [000001FEDB6E4300][000001FED50E55C0 49] Android_Mali_T6xx, [000001FEDB65E400][000001FEDF155740 49] Android_Mali_T7xx, [000001FEDB6E6600][000001FEDF1598C0 49] Android_Mali_T8xx, [000001FEDB60FF00][000001FEDF15DA40 49] Android_Mali_G71, [000001FEDB6E5D00][000001FEDE1CFBC0 49] Android_Mali_G72, [000001FEDB60CF00][000001FEDE1D61C0 49] Android_Mali_G72_Vulkan, [000001FEDB6E4700][000001FEDE1DA340 49] Android_Mali_G76, [000001FEDB60C400][000001FEDE1DE4C0 49] Android_Mali_G76_Vulkan, [000001FEDB6E4A00][000001FED4F7C640 49] Android_Mali_G77, [000001FEDB60E000][000001FED4F807C0 49] Android_Mali_G77_Vulkan, [000001FEDB6E6200][000001FED4F84940 49] Android_Mali_G78, [000001FEDB60DE00][000001FED4F88AC0 49] Android_Mali_G78_Vulkan, [000001FEDB6E5E00][000001FED4F8CC40 49] Android_Mali_G710, [000001FEDB60D700][000001FED4F90DC0 49] Android_Mali_G710_Vulkan, [000001FEDB6E4F00][000001FED4F94F40 49] Android_Vulkan_SM5, [000001FEDB60C100][000001FEDE52D080 49] Android_PowerVR_G6xxx, [000001FEDB6E4800][000001FEDED611C0 49] Android_PowerVR_GT7xxx, [000001FEDB60FC00][000001FEDED65300 49] Android_PowerVR_GE8xxx, [000001FEDB6E5000][000001FEDED6D480 49] Android_PowerVR_GM9xxx, [000001FEDB60C800][000001FED90E5600 49] Android_PowerVR_GM9xxx_Vulkan, [000001FEDB6E5300][000001FED90E9780 49] Android_TegraK1, [000001FEDB60C900][000001FED50E9900 49] Android_Unknown_Vulkan, [000001FEDB6E6300][000001FED90EDA80 49] Lumin, [000001FEDB60C500][000001FED90F1C00 49] Lumin_Desktop, [000001FEDB6E7000][000001FED90F4200 49] HoloLens, 
[2022.07.07-07.33.23:819][  0]LogMeshReduction: Using QuadricMeshReduction for automatic static mesh reduction
[2022.07.07-07.33.23:819][  0]LogMeshReduction: Using SimplygonMeshReduction for automatic skeletal mesh reduction
[2022.07.07-07.33.23:819][  0]LogMeshReduction: Using ProxyLODMeshReduction for automatic mesh merging
[2022.07.07-07.33.23:819][  0]LogMeshReduction: No distributed automatic mesh merging module available
[2022.07.07-07.33.23:819][  0]LogMeshMerging: No distributed automatic mesh merging module available
[2022.07.07-07.33.23:862][  0]LogNetVersion: UEStudyForMMO 1.0.0, NetCL: 17155196, EngineNetVer: 17, GameNetVer: 0 (Checksum: 1811843857)
[2022.07.07-07.33.24:572][  0]LogTexture: Default maximum texture size for cubemaps generated from long-lat sources has been changed from 512 to unlimited. In order to preserve old behaiour for '/Engine/MapTemplates/Sky/DaylightAmbientCubemap.DaylightAmbientCubemap', its maximum texture size has been explicitly set to 512.
[2022.07.07-07.33.24:660][  0]LogHMD: PokeAHoleMaterial loaded successfully
[2022.07.07-07.33.24:665][  0]LogUObjectArray: 17178 objects as part of root set at end of initial load.
[2022.07.07-07.33.24:665][  0]LogUObjectAllocator: 4302048 out of 0 bytes used by permanent object pool.
[2022.07.07-07.33.24:665][  0]LogUObjectArray: CloseDisregardForGC: 0/0 objects in disregard for GC pool
[2022.07.07-07.33.25:385][  0]LogNiagaraDebuggerClient: Niagara Debugger Client Initialized | Session: D53AF05C49A5A9F20CCDDF8A50C729D1 | Instance: 028A38F341B301114A1E6CBC58B2B76C (DESKTOP-52MEI6H-4100).
[2022.07.07-07.33.25:796][  0]LogTcpMessaging: Initializing TcpMessaging bridge
[2022.07.07-07.33.25:816][  0]LogUdpMessaging: Initializing bridge on interface 0.0.0.0:0 to multicast group 230.0.0.1:6666.
[2022.07.07-07.33.25:859][  0]LogPython: Using Python 3.7.7
[2022.07.07-07.33.26:996][  0]LogTemp: Warning: WeaponSocket is exist
[2022.07.07-07.33.27:075][  0]LogLinker: Warning: '{FileName}': 파일을 찾을 수 없습니다. 로드에 실패했습니다.
[2022.07.07-07.33.27:076][  0]LogLinker: Warning: '{FileName}': 파일을 찾을 수 없습니다. 로드에 실패했습니다.
[2022.07.07-07.33.27:076][  0]LogUObjectGlobals: Warning: 'Blueprint /Game/Blueprint/BP_MyPlayerController.BP_MyPlayerController' 오브젝트를 찾는 데 실패했습니다.
[2022.07.07-07.33.27:076][  0]Error: CDO Constructor (MyGameModeBase): Failed to find Blueprint'/Game/Blueprint/BP_MyPlayerController.BP_MyPlayerController'

[2022.07.07-07.33.27:946][  0]LogWindows: Error: === Critical error: ===
[2022.07.07-07.33.27:946][  0]LogWindows: Error: 
[2022.07.07-07.33.27:946][  0]LogWindows: Error: Fatal error!
[2022.07.07-07.33.27:946][  0]LogWindows: Error: 
[2022.07.07-07.33.27:946][  0]LogWindows: Error: Unhandled Exception: EXCEPTION_ACCESS_VIOLATION reading address 0x0000000000000038
[2022.07.07-07.33.27:946][  0]LogWindows: Error: 
[2022.07.07-07.33.27:946][  0]LogWindows: Error: [Callstack] 0x00007fff6fcc9c7e UE4Editor-UEStudyForMMO.dll!AMyGameModeBase::AMyGameModeBase() [C:\Users\user1\UE4_Study_MMO\UEStudyForMMO\Source\UEStudyForMMO\Private\MyGameModeBase.cpp:13]
[2022.07.07-07.33.27:946][  0]LogWindows: Error: [Callstack] 0x00007fffc16d61d3 UE4Editor-CoreUObject.dll!UClass::CreateDefaultObject() [D:\Build\++UE4\Sync\Engine\Source\Runtime\CoreUObject\Private\UObject\Class.cpp:3791]
[2022.07.07-07.33.27:946][  0]LogWindows: Error: [Callstack] 0x00007fffc19f8faf UE4Editor-CoreUObject.dll!UObjectLoadAllCompiledInDefaultProperties() [D:\Build\++UE4\Sync\Engine\Source\Runtime\CoreUObject\Private\UObject\UObjectBase.cpp:911]
[2022.07.07-07.33.27:946][  0]LogWindows: Error: [Callstack] 0x00007fffc19d5411 UE4Editor-CoreUObject.dll!ProcessNewlyLoadedUObjects() [D:\Build\++UE4\Sync\Engine\Source\Runtime\CoreUObject\Private\UObject\UObjectBase.cpp:1003]
[2022.07.07-07.33.27:946][  0]LogWindows: Error: [Callstack] 0x00007fffc189ddc5 UE4Editor-CoreUObject.dll!TBaseStaticDelegateInstance<void __cdecl(FName,bool),FDefaultDelegateUserPolicy>::ExecuteIfSafe() [D:\Build\++UE4\Sync\Engine\Source\Runtime\Core\Public\Delegates\DelegateInstancesImpl.h:731]
[2022.07.07-07.33.27:946][  0]LogWindows: Error: [Callstack] 0x00007fffa1a61bea UE4Editor-Core.dll!TMulticastDelegate<void __cdecl(FName,bool),FDefaultDelegateUserPolicy>::Broadcast() [D:\Build\++UE4\Sync\Engine\Source\Runtime\Core\Public\Delegates\DelegateSignatureImpl.inl:955]
[2022.07.07-07.33.27:946][  0]LogWindows: Error: [Callstack] 0x00007fffa1a815a3 UE4Editor-Core.dll!FModuleManager::LoadModuleWithFailureReason() [D:\Build\++UE4\Sync\Engine\Source\Runtime\Core\Private\Modules\ModuleManager.cpp:519]
[2022.07.07-07.33.27:946][  0]LogWindows: Error: [Callstack] 0x00007fffcb096433 UE4Editor-Projects.dll!FModuleDescriptor::LoadModulesForPhase() [D:\Build\++UE4\Sync\Engine\Source\Runtime\Projects\Private\ModuleDescriptor.cpp:643]
[2022.07.07-07.33.27:946][  0]LogWindows: Error: [Callstack] 0x00007fffcb09674f UE4Editor-Projects.dll!FProjectManager::LoadModulesForProject() [D:\Build\++UE4\Sync\Engine\Source\Runtime\Projects\Private\ProjectManager.cpp:62]
[2022.07.07-07.33.27:946][  0]LogWindows: Error: [Callstack] 0x00007ff7664a5642 UE4Editor.exe!FEngineLoop::LoadStartupModules() [D:\Build\++UE4\Sync\Engine\Source\Runtime\Launch\Private\LaunchEngineLoop.cpp:3880]
[2022.07.07-07.33.27:946][  0]LogWindows: Error: [Callstack] 0x00007ff7664a9000 UE4Editor.exe!FEngineLoop::PreInitPostStartupScreen() [D:\Build\++UE4\Sync\Engine\Source\Runtime\Launch\Private\LaunchEngineLoop.cpp:3263]
[2022.07.07-07.33.27:946][  0]LogWindows: Error: [Callstack] 0x00007ff7664a0d2c UE4Editor.exe!GuardedMain() [D:\Build\++UE4\Sync\Engine\Source\Runtime\Launch\Private\Launch.cpp:132]
[2022.07.07-07.33.27:946][  0]LogWindows: Error: [Callstack] 0x00007ff7664a10ba UE4Editor.exe!GuardedMainWrapper() [D:\Build\++UE4\Sync\Engine\Source\Runtime\Launch\Private\Windows\LaunchWindows.cpp:137]
[2022.07.07-07.33.27:946][  0]LogWindows: Error: [Callstack] 0x00007ff7664a40dd UE4Editor.exe!LaunchWindowsStartup() [D:\Build\++UE4\Sync\Engine\Source\Runtime\Launch\Private\Windows\LaunchWindows.cpp:273]
[2022.07.07-07.33.27:946][  0]LogWindows: Error: [Callstack] 0x00007ff7664b5984 UE4Editor.exe!WinMain() [D:\Build\++UE4\Sync\Engine\Source\Runtime\Launch\Private\Windows\LaunchWindows.cpp:320]
[2022.07.07-07.33.27:946][  0]LogWindows: Error: [Callstack] 0x00007ff7664b853a UE4Editor.exe!__scrt_common_main_seh() [d:\agent\_work\5\s\src\vctools\crt\vcstartup\src\startup\exe_common.inl:288]
[2022.07.07-07.33.27:946][  0]LogWindows: Error: [Callstack] 0x00007ff8018b7034 KERNEL32.DLL!UnknownFunction []
[2022.07.07-07.33.27:946][  0]LogWindows: Error: [Callstack] 0x00007ff802a82651 ntdll.dll!UnknownFunction []
[2022.07.07-07.33.27:946][  0]LogWindows: Error: 
[2022.07.07-07.33.27:957][  0]LogExit: Executing StaticShutdownAfterError
[2022.07.07-07.33.27:958][  0]LogWindows: FPlatformMisc::RequestExit(1)
[2022.07.07-07.33.27:958][  0]LogWindows: FPlatformMisc::RequestExitWithStatus(1, 3)
[2022.07.07-07.33.27:958][  0]LogCore: Engine exit requested (reason: Win RequestExit)
[2022.07.07-07.33.27:968][  0]Log file closed, 07/07/22 16:33:27
