Log file open, 06/29/22 00:34:53
LogWindows: Failed to load 'aqProf.dll' (GetLastError=126)
LogWindows: File 'aqProf.dll' does not exist
LogWindows: Failed to load 'VtuneApi.dll' (GetLastError=126)
LogWindows: File 'VtuneApi.dll' does not exist
LogWindows: Failed to load 'VtuneApi32e.dll' (GetLastError=126)
LogWindows: File 'VtuneApi32e.dll' does not exist
LogConsoleResponse: Display: Failed to find resolution value strings in scalability ini. Falling back to default.
LogConsoleResponse: Display: Failed to find resolution value strings in scalability ini. Falling back to default.
LogInit: Display: Running engine for game: UEStudyForMMO
LogPlatformFile: Not using cached read wrapper
LogTaskGraph: Started task graph with 5 named threads and 20 total threads with 3 sets of task threads.
LogStats: Stats thread started at 0.328582
LogICUInternationalization: ICU TimeZone Detection - Raw Offset: +9:00, Platform Override: ''
LogInit: Display: Loading text-based GConfig....
LogPluginManager: Mounting plugin MeshPainting
LogPluginManager: Mounting plugin XGEController
LogPluginManager: Mounting plugin Paper2D
LogPluginManager: Mounting plugin AISupport
LogPluginManager: Mounting plugin EnvironmentQueryEditor
LogPluginManager: Mounting plugin LightPropagationVolume
LogPluginManager: Mounting plugin GameplayCameras
LogPluginManager: Mounting plugin CameraShakePreviewer
LogPluginManager: Mounting plugin OodleNetwork
LogPluginManager: Mounting plugin OodleData
LogPluginManager: Mounting plugin CLionSourceCodeAccess
LogPluginManager: Mounting plugin AnimationSharing
LogPluginManager: Mounting plugin CodeLiteSourceCodeAccess
LogPluginManager: Mounting plugin KDevelopSourceCodeAccess
LogPluginManager: Mounting plugin NullSourceCodeAccess
LogPluginManager: Mounting plugin GitSourceControl
LogPluginManager: Mounting plugin PerforceSourceControl
LogPluginManager: Mounting plugin PixWinPlugin
LogPluginManager: Mounting plugin PlasticSourceControl
LogPluginManager: Mounting plugin AssetManagerEditor
LogPluginManager: Mounting plugin PluginUtils
LogPluginManager: Mounting plugin PropertyAccessNode
LogPluginManager: Mounting plugin CryptoKeys
LogPluginManager: Mounting plugin CurveEditorTools
LogPluginManager: Mounting plugin RiderSourceCodeAccess
LogPluginManager: Mounting plugin SubversionSourceControl
LogPluginManager: Mounting plugin DataValidation
LogPluginManager: Mounting plugin TextureFormatOodle
LogPluginManager: Mounting plugin FacialAnimation
LogPluginManager: Mounting plugin GameplayTagsEditor
LogPluginManager: Mounting plugin MacGraphicsSwitching
LogPluginManager: Mounting plugin GeometryMode
LogPluginManager: Mounting plugin UObjectPlugin
LogPluginManager: Mounting plugin MobileLauncherProfileWizard
LogPluginManager: Mounting plugin PluginBrowser
LogPluginManager: Mounting plugin SpeedTreeImporter
LogPluginManager: Mounting plugin VisualStudioCodeSourceCodeAccess
LogPluginManager: Mounting plugin DatasmithContent
LogPluginManager: Mounting plugin VisualStudioSourceCodeAccess
LogPluginManager: Mounting plugin VariantManagerContent
LogPluginManager: Mounting plugin Niagara
LogPluginManager: Mounting plugin AlembicImporter
LogPluginManager: Mounting plugin AutomationUtils
LogPluginManager: Mounting plugin BackChannel
LogPluginManager: Mounting plugin ChaosCloth
LogPluginManager: Mounting plugin ChaosClothEditor
LogPluginManager: Mounting plugin ChaosEditor
LogPluginManager: Mounting plugin ChaosNiagara
LogPluginManager: Mounting plugin ChaosSolverPlugin
LogPluginManager: Mounting plugin CharacterAI
LogPluginManager: Mounting plugin GeometryCache
LogPluginManager: Mounting plugin GeometryCollectionPlugin
LogPluginManager: Mounting plugin AndroidMedia
LogPluginManager: Mounting plugin GeometryProcessing
LogPluginManager: Mounting plugin AvfMedia
LogPluginManager: Mounting plugin MotoSynth
LogPluginManager: Mounting plugin OpenImageDenoise
LogPluginManager: Mounting plugin PlanarCut
LogPluginManager: Mounting plugin PlatformCrypto
LogPluginManager: Mounting plugin ProxyLODPlugin
LogPluginManager: Mounting plugin ImgMedia
LogPluginManager: Mounting plugin MediaCompositing
LogPluginManager: Mounting plugin PythonScriptPlugin
LogPluginManager: Mounting plugin MediaPlayerEditor
LogPluginManager: Mounting plugin WebMMedia
LogPluginManager: Mounting plugin SkeletalReduction
LogPluginManager: Mounting plugin WmfMedia
LogPluginManager: Mounting plugin TcpMessaging
LogPluginManager: Mounting plugin UdpMessaging
LogPluginManager: Mounting plugin ActorSequence
LogPluginManager: Mounting plugin LevelSequenceEditor
LogPluginManager: Mounting plugin MatineeToLevelSequence
LogPluginManager: Mounting plugin TemplateSequence
LogPluginManager: Mounting plugin OnlineSubsystem
LogPluginManager: Mounting plugin OnlineSubsystemNull
LogPluginManager: Mounting plugin OnlineSubsystemUtils
LogPluginManager: Mounting plugin LauncherChunkInstaller
LogPluginManager: Mounting plugin MaterialAnalyzer
LogPluginManager: Mounting plugin ActorLayerUtilities
LogPluginManager: Mounting plugin AndroidDeviceProfileSelector
LogPluginManager: Mounting plugin AndroidMoviePlayer
LogPluginManager: Mounting plugin AndroidPermission
LogPluginManager: Mounting plugin AppleImageUtils
LogPluginManager: Mounting plugin AppleMoviePlayer
LogPluginManager: Mounting plugin AudioCapture
LogPluginManager: Mounting plugin AudioSynesthesia
LogPluginManager: Mounting plugin ArchVisCharacter
LogPluginManager: Mounting plugin CableComponent
LogPluginManager: Mounting plugin AssetTags
LogPluginManager: Mounting plugin ChunkDownloader
LogPluginManager: Mounting plugin CustomMeshComponent
LogPluginManager: Mounting plugin ExampleDeviceProfileSelector
LogPluginManager: Mounting plugin EditableMesh
LogPluginManager: Mounting plugin GoogleCloudMessaging
LogPluginManager: Mounting plugin GooglePAD
LogPluginManager: Mounting plugin IOSDeviceProfileSelector
LogPluginManager: Mounting plugin LinuxDeviceProfileSelector
LogPluginManager: Mounting plugin LocationServicesBPLibrary
LogPluginManager: Mounting plugin MobilePatchingUtils
LogPluginManager: Mounting plugin OpenXR
LogPluginManager: Mounting plugin OpenXREyeTracker
LogPluginManager: Mounting plugin OpenXRHandTracking
LogPluginManager: Mounting plugin PhysXVehicles
LogPluginManager: Mounting plugin ScreenshotTools
LogPluginManager: Mounting plugin PostSplashScreen
LogPluginManager: Mounting plugin ProceduralMeshComponent
LogPluginManager: Mounting plugin PropertyAccessEditor
LogPluginManager: Mounting plugin RuntimePhysXCooking
LogPluginManager: Mounting plugin SignificanceManager
LogPluginManager: Mounting plugin SoundFields
LogPluginManager: Mounting plugin Synthesis
LogPluginManager: Mounting plugin WebMMoviePlayer
LogPluginManager: Mounting plugin WindowsMoviePlayer
LogPluginManager: Mounting plugin LiveLink
LogPluginManager: Mounting plugin Takes
LogPluginManager: Mounting plugin LuminPlatformFeatures
LogPluginManager: Mounting plugin MagicLeap
LogPluginManager: Mounting plugin MagicLeapLightEstimation
LogPluginManager: Mounting plugin MagicLeapMedia
LogPluginManager: Mounting plugin MagicLeapPassableWorld
LogPluginManager: Mounting plugin MLSDK
LogPluginManager: Mounting plugin XCodeSourceCodeAccess
LogPluginManager: Mounting plugin ContentBrowserAssetDataSource
LogPluginManager: Mounting plugin ContentBrowserClassDataSource
LogPluginManager: Mounting plugin ContentBrowserFileDataSource
LogPluginManager: Mounting plugin OnlineSubsystemGooglePlay
LogPluginManager: Mounting plugin OnlineSubsystemIOS
LogPluginManager: Mounting plugin OculusVR
LogPluginManager: Mounting plugin SteamVR
PixWinPlugin: PIX capture plugin failed to initialize! Check that the process is launched from PIX.
LogInit: Using libcurl 7.55.1-DEV
LogInit:  - built for x86_64-pc-win32
LogInit:  - supports SSL with OpenSSL/1.1.1
LogInit:  - supports HTTP deflate (compression) using libz 1.2.8
LogInit:  - other features:
LogInit:      CURL_VERSION_SSL
LogInit:      CURL_VERSION_LIBZ
LogInit:      CURL_VERSION_IPV6
LogInit:      CURL_VERSION_ASYNCHDNS
LogInit:      CURL_VERSION_LARGEFILE
LogInit:      CURL_VERSION_IDN
LogInit:  CurlRequestOptions (configurable via config and command line):
LogInit:  - bVerifyPeer = true  - Libcurl will verify peer certificate
LogInit:  - bUseHttpProxy = false  - Libcurl will NOT use HTTP proxy
LogInit:  - bDontReuseConnections = false  - Libcurl will reuse connections
LogInit:  - MaxHostConnections = 16  - Libcurl will limit the number of connections to a host
LogInit:  - LocalHostAddr = Default
LogInit:  - BufferSize = 65536
LogOnline: OSS: Creating online subsystem instance for: NULL
LogInit: WinSock: version 1.1 (2.2), MaxSocks=32767, MaxUdp=65467
LogOnline: OSS: TryLoadSubsystemAndSetDefault: Loaded subsystem for module [NULL]
LogOculusPluginWrapper: OculusPlugin initialized successfully
LogHMD: Failed initializing OVRPlugin 1.59.0
LogInit: Build: ++UE4+Release-4.27-CL-18319896
LogInit: Engine Version: 4.27.2-18319896+++UE4+Release-4.27
LogInit: Compatible Engine Version: 4.27.0-17155196+++UE4+Release-4.27
LogInit: Net CL: 17155196
LogInit: OS: Windows 10 (Release 2009) (), CPU: Intel(R) Core(TM) i5-9400F CPU @ 2.90GHz, GPU: NVIDIA GeForce GTX 1660 SUPER
LogInit: Compiled (64-bit): Nov 30 2021 07:12:08
LogInit: Compiled with Visual C++: 19.24.28315.00
LogInit: Build Configuration: Development
LogInit: Branch Name: ++UE4+Release-4.27
LogInit: Command Line:  -skipcompile
LogInit: Base Directory: C:/Program Files/Epic Games/UE_4.27/Engine/Binaries/Win64/
LogInit: Allocator: TBB
LogInit: Installed Engine Build: 1
LogDevObjectVersion: Number of dev versions registered: 29
LogDevObjectVersion:   Dev-Blueprints (B0D832E4-1F89-4F0D-ACCF-7EB736FD4AA2): 10
LogDevObjectVersion:   Dev-Build (E1C64328-A22C-4D53-A36C-8E866417BD8C): 0
LogDevObjectVersion:   Dev-Core (375EC13C-06E4-48FB-B500-84F0262A717E): 4
LogDevObjectVersion:   Dev-Editor (E4B068ED-F494-42E9-A231-DA0B2E46BB41): 40
LogDevObjectVersion:   Dev-Framework (CFFC743F-43B0-4480-9391-14DF171D2073): 37
LogDevObjectVersion:   Dev-Mobile (B02B49B5-BB20-44E9-A304-32B752E40360): 3
LogDevObjectVersion:   Dev-Networking (A4E4105C-59A1-49B5-A7C5-40C4547EDFEE): 0
LogDevObjectVersion:   Dev-Online (39C831C9-5AE6-47DC-9A44-9C173E1C8E7C): 0
LogDevObjectVersion:   Dev-Physics (78F01B33-EBEA-4F98-B9B4-84EACCB95AA2): 14
LogDevObjectVersion:   Dev-Platform (6631380F-2D4D-43E0-8009-CF276956A95A): 0
LogDevObjectVersion:   Dev-Rendering (12F88B9F-8875-4AFC-A67C-D90C383ABD29): 45
LogDevObjectVersion:   Dev-Sequencer (7B5AE74C-D270-4C10-A958-57980B212A5A): 13
LogDevObjectVersion:   Dev-VR (D7296918-1DD6-4BDD-9DE2-64A83CC13884): 3
LogDevObjectVersion:   Dev-LoadTimes (C2A15278-BFE7-4AFE-6C17-90FF531DF755): 1
LogDevObjectVersion:   Private-Geometry (6EACA3D4-40EC-4CC1-B786-8BED09428FC5): 3
LogDevObjectVersion:   Dev-AnimPhys (29E575DD-E0A3-4627-9D10-D276232CDCEA): 17
LogDevObjectVersion:   Dev-Anim (AF43A65D-7FD3-4947-9873-3E8ED9C1BB05): 15
LogDevObjectVersion:   Dev-ReflectionCapture (6B266CEC-1EC7-4B8F-A30B-E4D90942FC07): 1
LogDevObjectVersion:   Dev-Automation (0DF73D61-A23F-47EA-B727-89E90C41499A): 1
LogDevObjectVersion:   FortniteMain (601D1886-AC64-4F84-AA16-D3DE0DEAC7D6): 47
LogDevObjectVersion:   FortniteRelease (E7086368-6B23-4C58-8439-1B7016265E91): 1
LogDevObjectVersion:   Dev-Enterprise (9DFFBCD6-494F-0158-E221-12823C92A888): 10
LogDevObjectVersion:   Dev-Niagara (F2AED0AC-9AFE-416F-8664-AA7FFA26D6FC): 1
LogDevObjectVersion:   Dev-Destruction (174F1F0B-B4C6-45A5-B13F-2EE8D0FB917D): 10
LogDevObjectVersion:   Dev-Physics-Ext (35F94A83-E258-406C-A318-09F59610247C): 41
LogDevObjectVersion:   Dev-PhysicsMaterial-Chaos (B68FC16E-8B1B-42E2-B453-215C058844FE): 1
LogDevObjectVersion:   Dev-CineCamera (B2E18506-4273-CFC2-A54E-F4BB758BBA07): 1
LogDevObjectVersion:   Dev-VirtualProduction (64F58936-FD1B-42BA-BA96-7289D5D0FA4E): 1
LogDevObjectVersion:   Dev-MediaFramework (6F0ED827-A609-4895-9C91-998D90180EA4): 2
LogInit: Presizing for max 25165824 objects, including 0 objects not considered by GC, pre-allocating 0 bytes for permanent pool.
LogConfig: Applying CVar settings from Section [/Script/Engine.StreamingSettings] File [C:/Users/Administrator/UE4_Study_MMO/UEStudyForMMO/Saved/Config/Windows/Engine.ini]
LogConfig: Setting CVar [[s.MinBulkDataSizeForAsyncLoading:131072]]
LogConfig: Setting CVar [[s.AsyncLoadingThreadEnabled:0]]
LogConfig: Setting CVar [[s.EventDrivenLoaderEnabled:1]]
LogConfig: Setting CVar [[s.WarnIfTimeLimitExceeded:0]]
LogConfig: Setting CVar [[s.TimeLimitExceededMultiplier:1.5]]
LogConfig: Setting CVar [[s.TimeLimitExceededMinTime:0.005]]
LogConfig: Setting CVar [[s.UseBackgroundLevelStreaming:1]]
LogConfig: Setting CVar [[s.PriorityAsyncLoadingExtraTime:15.0]]
LogConfig: Setting CVar [[s.LevelStreamingActorsUpdateTimeLimit:5.0]]
LogConfig: Setting CVar [[s.PriorityLevelStreamingActorsUpdateExtraTime:5.0]]
LogConfig: Setting CVar [[s.LevelStreamingComponentsRegistrationGranularity:10]]
LogConfig: Setting CVar [[s.UnregisterComponentsTimeLimit:1.0]]
LogConfig: Setting CVar [[s.LevelStreamingComponentsUnregistrationGranularity:5]]
LogConfig: Setting CVar [[s.FlushStreamingOnExit:1]]
LogInit: Object subsystem initialized
LogConfig: Setting CVar [[con.DebugEarlyDefault:1]]
LogConfig: Setting CVar [[r.setres:1280x720]]
[2022.06.28-15.34.54:412][  0]LogConfig: Setting CVar [[r.VSync:0]]
[2022.06.28-15.34.54:412][  0]LogConfig: Setting CVar [[r.RHICmdBypass:0]]
[2022.06.28-15.34.54:412][  0]LogConfig: Applying CVar settings from Section [/Script/Engine.RendererSettings] File [C:/Users/Administrator/UE4_Study_MMO/UEStudyForMMO/Saved/Config/Windows/Engine.ini]
[2022.06.28-15.34.54:412][  0]LogConfig: Setting CVar [[r.GPUCrashDebugging:0]]
[2022.06.28-15.34.54:412][  0]LogConfig: Applying CVar settings from Section [/Script/Engine.RendererOverrideSettings] File [C:/Users/Administrator/UE4_Study_MMO/UEStudyForMMO/Saved/Config/Windows/Engine.ini]
[2022.06.28-15.34.54:412][  0]LogConfig: Applying CVar settings from Section [/Script/Engine.StreamingSettings] File [C:/Users/Administrator/UE4_Study_MMO/UEStudyForMMO/Saved/Config/Windows/Engine.ini]
[2022.06.28-15.34.54:412][  0]LogConfig: Setting CVar [[s.MinBulkDataSizeForAsyncLoading:131072]]
[2022.06.28-15.34.54:412][  0]LogConfig: Setting CVar [[s.AsyncLoadingThreadEnabled:0]]
[2022.06.28-15.34.54:412][  0]LogConfig: Setting CVar [[s.EventDrivenLoaderEnabled:1]]
[2022.06.28-15.34.54:412][  0]LogConfig: Setting CVar [[s.WarnIfTimeLimitExceeded:0]]
[2022.06.28-15.34.54:412][  0]LogConfig: Setting CVar [[s.TimeLimitExceededMultiplier:1.5]]
[2022.06.28-15.34.54:412][  0]LogConfig: Setting CVar [[s.TimeLimitExceededMinTime:0.005]]
[2022.06.28-15.34.54:412][  0]LogConfig: Setting CVar [[s.UseBackgroundLevelStreaming:1]]
[2022.06.28-15.34.54:412][  0]LogConfig: Setting CVar [[s.PriorityAsyncLoadingExtraTime:15.0]]
[2022.06.28-15.34.54:412][  0]LogConfig: Setting CVar [[s.LevelStreamingActorsUpdateTimeLimit:5.0]]
[2022.06.28-15.34.54:412][  0]LogConfig: Setting CVar [[s.PriorityLevelStreamingActorsUpdateExtraTime:5.0]]
[2022.06.28-15.34.54:412][  0]LogConfig: Setting CVar [[s.LevelStreamingComponentsRegistrationGranularity:10]]
[2022.06.28-15.34.54:412][  0]LogConfig: Setting CVar [[s.UnregisterComponentsTimeLimit:1.0]]
[2022.06.28-15.34.54:412][  0]LogConfig: Setting CVar [[s.LevelStreamingComponentsUnregistrationGranularity:5]]
[2022.06.28-15.34.54:412][  0]LogConfig: Setting CVar [[s.FlushStreamingOnExit:1]]
[2022.06.28-15.34.54:412][  0]LogConfig: Applying CVar settings from Section [/Script/Engine.GarbageCollectionSettings] File [C:/Users/Administrator/UE4_Study_MMO/UEStudyForMMO/Saved/Config/Windows/Engine.ini]
[2022.06.28-15.34.54:412][  0]LogConfig: Setting CVar [[gc.MaxObjectsNotConsideredByGC:1]]
[2022.06.28-15.34.54:412][  0]LogConfig: Setting CVar [[gc.SizeOfPermanentObjectPool:0]]
[2022.06.28-15.34.54:412][  0]LogConfig: Setting CVar [[gc.FlushStreamingOnGC:0]]
[2022.06.28-15.34.54:412][  0]LogConfig: Setting CVar [[gc.NumRetriesBeforeForcingGC:10]]
[2022.06.28-15.34.54:412][  0]LogConfig: Setting CVar [[gc.AllowParallelGC:1]]
[2022.06.28-15.34.54:412][  0]LogConfig: Setting CVar [[gc.TimeBetweenPurgingPendingKillObjects:61.1]]
[2022.06.28-15.34.54:412][  0]LogConfig: Setting CVar [[gc.MaxObjectsInEditor:25165824]]
[2022.06.28-15.34.54:412][  0]LogConfig: Setting CVar [[gc.IncrementalBeginDestroyEnabled:1]]
[2022.06.28-15.34.54:412][  0]LogConfig: Setting CVar [[gc.CreateGCClusters:1]]
[2022.06.28-15.34.54:412][  0]LogConfig: Setting CVar [[gc.MinGCClusterSize:5]]
[2022.06.28-15.34.54:412][  0]LogConfig: Setting CVar [[gc.ActorClusteringEnabled:0]]
[2022.06.28-15.34.54:412][  0]LogConfig: Setting CVar [[gc.BlueprintClusteringEnabled:0]]
[2022.06.28-15.34.54:412][  0]LogConfig: Setting CVar [[gc.UseDisregardForGCOnDedicatedServers:0]]
[2022.06.28-15.34.54:412][  0]LogConfig: Setting CVar [[gc.MultithreadedDestructionEnabled:1]]
[2022.06.28-15.34.54:412][  0]LogConfig: Applying CVar settings from Section [/Script/Engine.NetworkSettings] File [C:/Users/Administrator/UE4_Study_MMO/UEStudyForMMO/Saved/Config/Windows/Engine.ini]
[2022.06.28-15.34.54:412][  0]LogConfig: Applying CVar settings from Section [/Script/UnrealEd.CookerSettings] File [C:/Users/Administrator/UE4_Study_MMO/UEStudyForMMO/Saved/Config/Windows/Engine.ini]
[2022.06.28-15.34.54:433][  0]LogConfig: Applying CVar settings from Section [ViewDistanceQuality@3] File [C:/Users/Administrator/UE4_Study_MMO/UEStudyForMMO/Saved/Config/Windows/Scalability.ini]
[2022.06.28-15.34.54:433][  0]LogConfig: Setting CVar [[r.SkeletalMeshLODBias:0]]
[2022.06.28-15.34.54:433][  0]LogConfig: Setting CVar [[r.ViewDistanceScale:1.0]]
[2022.06.28-15.34.54:433][  0]LogConfig: Applying CVar settings from Section [AntiAliasingQuality@3] File [C:/Users/Administrator/UE4_Study_MMO/UEStudyForMMO/Saved/Config/Windows/Scalability.ini]
[2022.06.28-15.34.54:433][  0]LogConfig: Setting CVar [[r.PostProcessAAQuality:4]]
[2022.06.28-15.34.54:433][  0]LogConfig: Applying CVar settings from Section [ShadowQuality@3] File [C:/Users/Administrator/UE4_Study_MMO/UEStudyForMMO/Saved/Config/Windows/Scalability.ini]
[2022.06.28-15.34.54:433][  0]LogConfig: Setting CVar [[r.LightFunctionQuality:1]]
[2022.06.28-15.34.54:433][  0]LogConfig: Setting CVar [[r.ShadowQuality:5]]
[2022.06.28-15.34.54:433][  0]LogConfig: Setting CVar [[r.Shadow.CSM.MaxCascades:10]]
[2022.06.28-15.34.54:433][  0]LogConfig: Setting CVar [[r.Shadow.MaxResolution:2048]]
[2022.06.28-15.34.54:433][  0]LogConfig: Setting CVar [[r.Shadow.MaxCSMResolution:2048]]
[2022.06.28-15.34.54:433][  0]LogConfig: Setting CVar [[r.Shadow.RadiusThreshold:0.01]]
[2022.06.28-15.34.54:433][  0]LogConfig: Setting CVar [[r.Shadow.DistanceScale:1.0]]
[2022.06.28-15.34.54:433][  0]LogConfig: Setting CVar [[r.Shadow.CSM.TransitionScale:1.0]]
[2022.06.28-15.34.54:433][  0]LogConfig: Setting CVar [[r.Shadow.PreShadowResolutionFactor:1.0]]
[2022.06.28-15.34.54:433][  0]LogConfig: Setting CVar [[r.DistanceFieldShadowing:1]]
[2022.06.28-15.34.54:433][  0]LogConfig: Setting CVar [[r.DistanceFieldAO:1]]
[2022.06.28-15.34.54:433][  0]LogConfig: Setting CVar [[r.AOQuality:2]]
[2022.06.28-15.34.54:433][  0]LogConfig: Setting CVar [[r.VolumetricFog:1]]
[2022.06.28-15.34.54:433][  0]LogConfig: Setting CVar [[r.VolumetricFog.GridPixelSize:8]]
[2022.06.28-15.34.54:433][  0]LogConfig: Setting CVar [[r.VolumetricFog.GridSizeZ:128]]
[2022.06.28-15.34.54:433][  0]LogConfig: Setting CVar [[r.VolumetricFog.HistoryMissSupersampleCount:4]]
[2022.06.28-15.34.54:433][  0]LogConfig: Setting CVar [[r.LightMaxDrawDistanceScale:1]]
[2022.06.28-15.34.54:433][  0]LogConfig: Setting CVar [[r.CapsuleShadows:1]]
[2022.06.28-15.34.54:433][  0]LogConfig: Applying CVar settings from Section [PostProcessQuality@3] File [C:/Users/Administrator/UE4_Study_MMO/UEStudyForMMO/Saved/Config/Windows/Scalability.ini]
[2022.06.28-15.34.54:433][  0]LogConfig: Setting CVar [[r.MotionBlurQuality:4]]
[2022.06.28-15.34.54:433][  0]LogConfig: Setting CVar [[r.AmbientOcclusionMipLevelFactor:0.4]]
[2022.06.28-15.34.54:433][  0]LogConfig: Setting CVar [[r.AmbientOcclusionMaxQuality:100]]
[2022.06.28-15.34.54:433][  0]LogConfig: Setting CVar [[r.AmbientOcclusionLevels:-1]]
[2022.06.28-15.34.54:433][  0]LogConfig: Setting CVar [[r.AmbientOcclusionRadiusScale:1.0]]
[2022.06.28-15.34.54:433][  0]LogConfig: Setting CVar [[r.DepthOfFieldQuality:2]]
[2022.06.28-15.34.54:433][  0]LogConfig: Setting CVar [[r.RenderTargetPoolMin:400]]
[2022.06.28-15.34.54:434][  0]LogConfig: Setting CVar [[r.LensFlareQuality:2]]
[2022.06.28-15.34.54:434][  0]LogConfig: Setting CVar [[r.SceneColorFringeQuality:1]]
[2022.06.28-15.34.54:434][  0]LogConfig: Setting CVar [[r.EyeAdaptationQuality:2]]
[2022.06.28-15.34.54:434][  0]LogConfig: Setting CVar [[r.BloomQuality:5]]
[2022.06.28-15.34.54:434][  0]LogConfig: Setting CVar [[r.FastBlurThreshold:100]]
[2022.06.28-15.34.54:434][  0]LogConfig: Setting CVar [[r.Upscale.Quality:3]]
[2022.06.28-15.34.54:434][  0]LogConfig: Setting CVar [[r.Tonemapper.GrainQuantization:1]]
[2022.06.28-15.34.54:434][  0]LogConfig: Setting CVar [[r.LightShaftQuality:1]]
[2022.06.28-15.34.54:434][  0]LogConfig: Setting CVar [[r.Filter.SizeScale:1]]
[2022.06.28-15.34.54:434][  0]LogConfig: Setting CVar [[r.Tonemapper.Quality:5]]
[2022.06.28-15.34.54:434][  0]LogConfig: Setting CVar [[r.DOF.Gather.AccumulatorQuality:1        ; higher gathering accumulator quality]]
[2022.06.28-15.34.54:434][  0]LogConfig: Setting CVar [[r.DOF.Gather.PostfilterMethod:1          ; Median3x3 postfilering method]]
[2022.06.28-15.34.54:434][  0]LogConfig: Setting CVar [[r.DOF.Gather.EnableBokehSettings:0       ; no bokeh simulation when gathering]]
[2022.06.28-15.34.54:434][  0]LogConfig: Setting CVar [[r.DOF.Gather.RingCount:4                 ; medium number of samples when gathering]]
[2022.06.28-15.34.54:434][  0]LogConfig: Setting CVar [[r.DOF.Scatter.ForegroundCompositing:1    ; additive foreground scattering]]
[2022.06.28-15.34.54:434][  0]LogConfig: Setting CVar [[r.DOF.Scatter.BackgroundCompositing:2    ; additive background scattering]]
[2022.06.28-15.34.54:434][  0]LogConfig: Setting CVar [[r.DOF.Scatter.EnableBokehSettings:1      ; bokeh simulation when scattering]]
[2022.06.28-15.34.54:434][  0]LogConfig: Setting CVar [[r.DOF.Scatter.MaxSpriteRatio:0.1         ; only a maximum of 10% of scattered bokeh]]
[2022.06.28-15.34.54:434][  0]LogConfig: Setting CVar [[r.DOF.Recombine.Quality:1                ; cheap slight out of focus]]
[2022.06.28-15.34.54:434][  0]LogConfig: Setting CVar [[r.DOF.Recombine.EnableBokehSettings:0    ; no bokeh simulation on slight out of focus]]
[2022.06.28-15.34.54:434][  0]LogConfig: Setting CVar [[r.DOF.TemporalAAQuality:1                ; more stable temporal accumulation]]
[2022.06.28-15.34.54:434][  0]LogConfig: Setting CVar [[r.DOF.Kernel.MaxForegroundRadius:0.025]]
[2022.06.28-15.34.54:434][  0]LogConfig: Setting CVar [[r.DOF.Kernel.MaxBackgroundRadius:0.025]]
[2022.06.28-15.34.54:434][  0]LogConfig: Applying CVar settings from Section [TextureQuality@3] File [C:/Users/Administrator/UE4_Study_MMO/UEStudyForMMO/Saved/Config/Windows/Scalability.ini]
[2022.06.28-15.34.54:434][  0]LogConfig: Setting CVar [[r.Streaming.MipBias:0]]
[2022.06.28-15.34.54:434][  0]LogConfig: Setting CVar [[r.Streaming.AmortizeCPUToGPUCopy:0]]
[2022.06.28-15.34.54:434][  0]LogConfig: Setting CVar [[r.Streaming.MaxNumTexturesToStreamPerFrame:0]]
[2022.06.28-15.34.54:434][  0]LogConfig: Setting CVar [[r.Streaming.Boost:1]]
[2022.06.28-15.34.54:434][  0]LogConfig: Setting CVar [[r.MaxAnisotropy:8]]
[2022.06.28-15.34.54:434][  0]LogConfig: Setting CVar [[r.VT.MaxAnisotropy:8]]
[2022.06.28-15.34.54:434][  0]LogConfig: Setting CVar [[r.Streaming.LimitPoolSizeToVRAM:0]]
[2022.06.28-15.34.54:434][  0]LogConfig: Setting CVar [[r.Streaming.PoolSize:1000]]
[2022.06.28-15.34.54:434][  0]LogConfig: Setting CVar [[r.Streaming.MaxEffectiveScreenSize:0]]
[2022.06.28-15.34.54:434][  0]LogConfig: Applying CVar settings from Section [EffectsQuality@3] File [C:/Users/Administrator/UE4_Study_MMO/UEStudyForMMO/Saved/Config/Windows/Scalability.ini]
[2022.06.28-15.34.54:434][  0]LogConfig: Setting CVar [[r.TranslucencyLightingVolumeDim:64]]
[2022.06.28-15.34.54:434][  0]LogConfig: Setting CVar [[r.RefractionQuality:2]]
[2022.06.28-15.34.54:434][  0]LogConfig: Setting CVar [[r.SSR.Quality:3]]
[2022.06.28-15.34.54:434][  0]LogConfig: Setting CVar [[r.SSR.HalfResSceneColor:0]]
[2022.06.28-15.34.54:434][  0]LogConfig: Setting CVar [[r.SceneColorFormat:4]]
[2022.06.28-15.34.54:434][  0]LogConfig: Setting CVar [[r.DetailMode:2]]
[2022.06.28-15.34.54:434][  0]LogConfig: Setting CVar [[r.TranslucencyVolumeBlur:1]]
[2022.06.28-15.34.54:434][  0]LogConfig: Setting CVar [[r.MaterialQualityLevel:1 ; High quality]]
[2022.06.28-15.34.54:434][  0]LogConfig: Setting CVar [[r.AnisotropicMaterials:1]]
[2022.06.28-15.34.54:434][  0]LogConfig: Setting CVar [[r.SSS.Scale:1]]
[2022.06.28-15.34.54:434][  0]LogConfig: Setting CVar [[r.SSS.SampleSet:2]]
[2022.06.28-15.34.54:434][  0]LogConfig: Setting CVar [[r.SSS.Quality:1]]
[2022.06.28-15.34.54:434][  0]LogConfig: Setting CVar [[r.SSS.HalfRes:0]]
[2022.06.28-15.34.54:434][  0]LogConfig: Setting CVar [[r.SSGI.Quality:3]]
[2022.06.28-15.34.54:434][  0]LogConfig: Setting CVar [[r.EmitterSpawnRateScale:1.0]]
[2022.06.28-15.34.54:434][  0]LogConfig: Setting CVar [[r.ParticleLightQuality:2]]
[2022.06.28-15.34.54:434][  0]LogConfig: Setting CVar [[r.SkyAtmosphere.AerialPerspectiveLUT.FastApplyOnOpaque:1 ; Always have FastSkyLUT 1 in this case to avoid wrong sky]]
[2022.06.28-15.34.54:434][  0]LogConfig: Setting CVar [[r.SkyAtmosphere.AerialPerspectiveLUT.SampleCountMaxPerSlice:4]]
[2022.06.28-15.34.54:434][  0]LogConfig: Setting CVar [[r.SkyAtmosphere.AerialPerspectiveLUT.DepthResolution:16.0]]
[2022.06.28-15.34.54:434][  0]LogConfig: Setting CVar [[r.SkyAtmosphere.FastSkyLUT:1]]
[2022.06.28-15.34.54:434][  0]LogConfig: Setting CVar [[r.SkyAtmosphere.FastSkyLUT.SampleCountMin:4.0]]
[2022.06.28-15.34.54:434][  0]LogConfig: Setting CVar [[r.SkyAtmosphere.FastSkyLUT.SampleCountMax:128.0]]
[2022.06.28-15.34.54:434][  0]LogConfig: Setting CVar [[r.SkyAtmosphere.SampleCountMin:4.0]]
[2022.06.28-15.34.54:434][  0]LogConfig: Setting CVar [[r.SkyAtmosphere.SampleCountMax:128.0]]
[2022.06.28-15.34.54:434][  0]LogConfig: Setting CVar [[r.SkyAtmosphere.TransmittanceLUT.UseSmallFormat:0]]
[2022.06.28-15.34.54:434][  0]LogConfig: Setting CVar [[r.SkyAtmosphere.TransmittanceLUT.SampleCount:10.0]]
[2022.06.28-15.34.54:434][  0]LogConfig: Setting CVar [[r.SkyAtmosphere.MultiScatteringLUT.SampleCount:15.0]]
[2022.06.28-15.34.54:434][  0]LogConfig: Setting CVar [[r.SkyLight.RealTimeReflectionCapture:1]]
[2022.06.28-15.34.54:434][  0]LogConfig: Applying CVar settings from Section [FoliageQuality@3] File [C:/Users/Administrator/UE4_Study_MMO/UEStudyForMMO/Saved/Config/Windows/Scalability.ini]
[2022.06.28-15.34.54:434][  0]LogConfig: Setting CVar [[foliage.DensityScale:1.0]]
[2022.06.28-15.34.54:434][  0]LogConfig: Setting CVar [[grass.DensityScale:1.0]]
[2022.06.28-15.34.54:434][  0]LogConfig: Applying CVar settings from Section [ShadingQuality@3] File [C:/Users/Administrator/UE4_Study_MMO/UEStudyForMMO/Saved/Config/Windows/Scalability.ini]
[2022.06.28-15.34.54:434][  0]LogConfig: Setting CVar [[r.HairStrands.SkyLighting.IntegrationType:2]]
[2022.06.28-15.34.54:434][  0]LogConfig: Setting CVar [[r.HairStrands.SkyAO.SampleCount:4]]
[2022.06.28-15.34.54:434][  0]LogConfig: Setting CVar [[r.HairStrands.Visibility.MSAA.SamplePerPixel:4]]
[2022.06.28-15.34.54:434][  0]LogInit: Selected Device Profile: [Windows]
[2022.06.28-15.34.54:434][  0]LogInit: Applying CVar settings loaded from the selected device profile: [Windows]
[2022.06.28-15.34.54:434][  0]LogHAL: Display: Platform has ~ 16 GB [17111212032 / 17179869184 / 16], which maps to Larger [LargestMinGB=32, LargerMinGB=12, DefaultMinGB=8, SmallerMinGB=6, SmallestMinGB=0)
[2022.06.28-15.34.54:435][  0]LogInit: Going up to parent DeviceProfile []
[2022.06.28-15.34.54:435][  0]LogConfig: Applying CVar settings from Section [ViewDistanceQuality@3] File [C:/Users/Administrator/UE4_Study_MMO/UEStudyForMMO/Saved/Config/Windows/Scalability.ini]
[2022.06.28-15.34.54:435][  0]LogConfig: Setting CVar [[r.SkeletalMeshLODBias:0]]
[2022.06.28-15.34.54:435][  0]LogConfig: Setting CVar [[r.ViewDistanceScale:1.0]]
[2022.06.28-15.34.54:435][  0]LogConfig: Applying CVar settings from Section [AntiAliasingQuality@3] File [C:/Users/Administrator/UE4_Study_MMO/UEStudyForMMO/Saved/Config/Windows/Scalability.ini]
[2022.06.28-15.34.54:435][  0]LogConfig: Setting CVar [[r.PostProcessAAQuality:4]]
[2022.06.28-15.34.54:435][  0]LogConfig: Applying CVar settings from Section [ShadowQuality@3] File [C:/Users/Administrator/UE4_Study_MMO/UEStudyForMMO/Saved/Config/Windows/Scalability.ini]
[2022.06.28-15.34.54:435][  0]LogConfig: Setting CVar [[r.LightFunctionQuality:1]]
[2022.06.28-15.34.54:435][  0]LogConfig: Setting CVar [[r.ShadowQuality:5]]
[2022.06.28-15.34.54:435][  0]LogConfig: Setting CVar [[r.Shadow.CSM.MaxCascades:10]]
[2022.06.28-15.34.54:435][  0]LogConfig: Setting CVar [[r.Shadow.MaxResolution:2048]]
[2022.06.28-15.34.54:435][  0]LogConfig: Setting CVar [[r.Shadow.MaxCSMResolution:2048]]
[2022.06.28-15.34.54:435][  0]LogConfig: Setting CVar [[r.Shadow.RadiusThreshold:0.01]]
[2022.06.28-15.34.54:435][  0]LogConfig: Setting CVar [[r.Shadow.DistanceScale:1.0]]
[2022.06.28-15.34.54:435][  0]LogConfig: Setting CVar [[r.Shadow.CSM.TransitionScale:1.0]]
[2022.06.28-15.34.54:435][  0]LogConfig: Setting CVar [[r.Shadow.PreShadowResolutionFactor:1.0]]
[2022.06.28-15.34.54:435][  0]LogConfig: Setting CVar [[r.DistanceFieldShadowing:1]]
[2022.06.28-15.34.54:435][  0]LogConfig: Setting CVar [[r.DistanceFieldAO:1]]
[2022.06.28-15.34.54:435][  0]LogConfig: Setting CVar [[r.AOQuality:2]]
[2022.06.28-15.34.54:435][  0]LogConfig: Setting CVar [[r.VolumetricFog:1]]
[2022.06.28-15.34.54:435][  0]LogConfig: Setting CVar [[r.VolumetricFog.GridPixelSize:8]]
[2022.06.28-15.34.54:435][  0]LogConfig: Setting CVar [[r.VolumetricFog.GridSizeZ:128]]
[2022.06.28-15.34.54:435][  0]LogConfig: Setting CVar [[r.VolumetricFog.HistoryMissSupersampleCount:4]]
[2022.06.28-15.34.54:435][  0]LogConfig: Setting CVar [[r.LightMaxDrawDistanceScale:1]]
[2022.06.28-15.34.54:435][  0]LogConfig: Setting CVar [[r.CapsuleShadows:1]]
[2022.06.28-15.34.54:435][  0]LogConfig: Applying CVar settings from Section [PostProcessQuality@3] File [C:/Users/Administrator/UE4_Study_MMO/UEStudyForMMO/Saved/Config/Windows/Scalability.ini]
[2022.06.28-15.34.54:435][  0]LogConfig: Setting CVar [[r.MotionBlurQuality:4]]
[2022.06.28-15.34.54:435][  0]LogConfig: Setting CVar [[r.AmbientOcclusionMipLevelFactor:0.4]]
[2022.06.28-15.34.54:435][  0]LogConfig: Setting CVar [[r.AmbientOcclusionMaxQuality:100]]
[2022.06.28-15.34.54:435][  0]LogConfig: Setting CVar [[r.AmbientOcclusionLevels:-1]]
[2022.06.28-15.34.54:435][  0]LogConfig: Setting CVar [[r.AmbientOcclusionRadiusScale:1.0]]
[2022.06.28-15.34.54:435][  0]LogConfig: Setting CVar [[r.DepthOfFieldQuality:2]]
[2022.06.28-15.34.54:435][  0]LogConfig: Setting CVar [[r.RenderTargetPoolMin:400]]
[2022.06.28-15.34.54:435][  0]LogConfig: Setting CVar [[r.LensFlareQuality:2]]
[2022.06.28-15.34.54:435][  0]LogConfig: Setting CVar [[r.SceneColorFringeQuality:1]]
[2022.06.28-15.34.54:435][  0]LogConfig: Setting CVar [[r.EyeAdaptationQuality:2]]
[2022.06.28-15.34.54:435][  0]LogConfig: Setting CVar [[r.BloomQuality:5]]
[2022.06.28-15.34.54:435][  0]LogConfig: Setting CVar [[r.FastBlurThreshold:100]]
[2022.06.28-15.34.54:435][  0]LogConfig: Setting CVar [[r.Upscale.Quality:3]]
[2022.06.28-15.34.54:435][  0]LogConfig: Setting CVar [[r.Tonemapper.GrainQuantization:1]]
[2022.06.28-15.34.54:435][  0]LogConfig: Setting CVar [[r.LightShaftQuality:1]]
[2022.06.28-15.34.54:435][  0]LogConfig: Setting CVar [[r.Filter.SizeScale:1]]
[2022.06.28-15.34.54:435][  0]LogConfig: Setting CVar [[r.Tonemapper.Quality:5]]
[2022.06.28-15.34.54:435][  0]LogConfig: Setting CVar [[r.DOF.Gather.AccumulatorQuality:1        ; higher gathering accumulator quality]]
[2022.06.28-15.34.54:435][  0]LogConfig: Setting CVar [[r.DOF.Gather.PostfilterMethod:1          ; Median3x3 postfilering method]]
[2022.06.28-15.34.54:435][  0]LogConfig: Setting CVar [[r.DOF.Gather.EnableBokehSettings:0       ; no bokeh simulation when gathering]]
[2022.06.28-15.34.54:435][  0]LogConfig: Setting CVar [[r.DOF.Gather.RingCount:4                 ; medium number of samples when gathering]]
[2022.06.28-15.34.54:435][  0]LogConfig: Setting CVar [[r.DOF.Scatter.ForegroundCompositing:1    ; additive foreground scattering]]
[2022.06.28-15.34.54:435][  0]LogConfig: Setting CVar [[r.DOF.Scatter.BackgroundCompositing:2    ; additive background scattering]]
[2022.06.28-15.34.54:435][  0]LogConfig: Setting CVar [[r.DOF.Scatter.EnableBokehSettings:1      ; bokeh simulation when scattering]]
[2022.06.28-15.34.54:435][  0]LogConfig: Setting CVar [[r.DOF.Scatter.MaxSpriteRatio:0.1         ; only a maximum of 10% of scattered bokeh]]
[2022.06.28-15.34.54:435][  0]LogConfig: Setting CVar [[r.DOF.Recombine.Quality:1                ; cheap slight out of focus]]
[2022.06.28-15.34.54:435][  0]LogConfig: Setting CVar [[r.DOF.Recombine.EnableBokehSettings:0    ; no bokeh simulation on slight out of focus]]
[2022.06.28-15.34.54:435][  0]LogConfig: Setting CVar [[r.DOF.TemporalAAQuality:1                ; more stable temporal accumulation]]
[2022.06.28-15.34.54:435][  0]LogConfig: Setting CVar [[r.DOF.Kernel.MaxForegroundRadius:0.025]]
[2022.06.28-15.34.54:435][  0]LogConfig: Setting CVar [[r.DOF.Kernel.MaxBackgroundRadius:0.025]]
[2022.06.28-15.34.54:435][  0]LogConfig: Applying CVar settings from Section [TextureQuality@3] File [C:/Users/Administrator/UE4_Study_MMO/UEStudyForMMO/Saved/Config/Windows/Scalability.ini]
[2022.06.28-15.34.54:435][  0]LogConfig: Setting CVar [[r.Streaming.MipBias:0]]
[2022.06.28-15.34.54:435][  0]LogConfig: Setting CVar [[r.Streaming.AmortizeCPUToGPUCopy:0]]
[2022.06.28-15.34.54:435][  0]LogConfig: Setting CVar [[r.Streaming.MaxNumTexturesToStreamPerFrame:0]]
[2022.06.28-15.34.54:435][  0]LogConfig: Setting CVar [[r.Streaming.Boost:1]]
[2022.06.28-15.34.54:435][  0]LogConfig: Setting CVar [[r.MaxAnisotropy:8]]
[2022.06.28-15.34.54:435][  0]LogConfig: Setting CVar [[r.VT.MaxAnisotropy:8]]
[2022.06.28-15.34.54:435][  0]LogConfig: Setting CVar [[r.Streaming.LimitPoolSizeToVRAM:0]]
[2022.06.28-15.34.54:435][  0]LogConfig: Setting CVar [[r.Streaming.PoolSize:1000]]
[2022.06.28-15.34.54:435][  0]LogConfig: Setting CVar [[r.Streaming.MaxEffectiveScreenSize:0]]
[2022.06.28-15.34.54:435][  0]LogConfig: Applying CVar settings from Section [EffectsQuality@3] File [C:/Users/Administrator/UE4_Study_MMO/UEStudyForMMO/Saved/Config/Windows/Scalability.ini]
[2022.06.28-15.34.54:435][  0]LogConfig: Setting CVar [[r.TranslucencyLightingVolumeDim:64]]
[2022.06.28-15.34.54:435][  0]LogConfig: Setting CVar [[r.RefractionQuality:2]]
[2022.06.28-15.34.54:435][  0]LogConfig: Setting CVar [[r.SSR.Quality:3]]
[2022.06.28-15.34.54:435][  0]LogConfig: Setting CVar [[r.SSR.HalfResSceneColor:0]]
[2022.06.28-15.34.54:435][  0]LogConfig: Setting CVar [[r.SceneColorFormat:4]]
[2022.06.28-15.34.54:435][  0]LogConfig: Setting CVar [[r.DetailMode:2]]
[2022.06.28-15.34.54:435][  0]LogConfig: Setting CVar [[r.TranslucencyVolumeBlur:1]]
[2022.06.28-15.34.54:435][  0]LogConfig: Setting CVar [[r.MaterialQualityLevel:1 ; High quality]]
[2022.06.28-15.34.54:435][  0]LogConfig: Setting CVar [[r.AnisotropicMaterials:1]]
[2022.06.28-15.34.54:435][  0]LogConfig: Setting CVar [[r.SSS.Scale:1]]
[2022.06.28-15.34.54:435][  0]LogConfig: Setting CVar [[r.SSS.SampleSet:2]]
[2022.06.28-15.34.54:436][  0]LogConfig: Setting CVar [[r.SSS.Quality:1]]
[2022.06.28-15.34.54:436][  0]LogConfig: Setting CVar [[r.SSS.HalfRes:0]]
[2022.06.28-15.34.54:436][  0]LogConfig: Setting CVar [[r.SSGI.Quality:3]]
[2022.06.28-15.34.54:436][  0]LogConfig: Setting CVar [[r.EmitterSpawnRateScale:1.0]]
[2022.06.28-15.34.54:436][  0]LogConfig: Setting CVar [[r.ParticleLightQuality:2]]
[2022.06.28-15.34.54:436][  0]LogConfig: Setting CVar [[r.SkyAtmosphere.AerialPerspectiveLUT.FastApplyOnOpaque:1 ; Always have FastSkyLUT 1 in this case to avoid wrong sky]]
[2022.06.28-15.34.54:436][  0]LogConfig: Setting CVar [[r.SkyAtmosphere.AerialPerspectiveLUT.SampleCountMaxPerSlice:4]]
[2022.06.28-15.34.54:436][  0]LogConfig: Setting CVar [[r.SkyAtmosphere.AerialPerspectiveLUT.DepthResolution:16.0]]
[2022.06.28-15.34.54:436][  0]LogConfig: Setting CVar [[r.SkyAtmosphere.FastSkyLUT:1]]
[2022.06.28-15.34.54:436][  0]LogConfig: Setting CVar [[r.SkyAtmosphere.FastSkyLUT.SampleCountMin:4.0]]
[2022.06.28-15.34.54:436][  0]LogConfig: Setting CVar [[r.SkyAtmosphere.FastSkyLUT.SampleCountMax:128.0]]
[2022.06.28-15.34.54:436][  0]LogConfig: Setting CVar [[r.SkyAtmosphere.SampleCountMin:4.0]]
[2022.06.28-15.34.54:436][  0]LogConfig: Setting CVar [[r.SkyAtmosphere.SampleCountMax:128.0]]
[2022.06.28-15.34.54:436][  0]LogConfig: Setting CVar [[r.SkyAtmosphere.TransmittanceLUT.UseSmallFormat:0]]
[2022.06.28-15.34.54:436][  0]LogConfig: Setting CVar [[r.SkyAtmosphere.TransmittanceLUT.SampleCount:10.0]]
[2022.06.28-15.34.54:436][  0]LogConfig: Setting CVar [[r.SkyAtmosphere.MultiScatteringLUT.SampleCount:15.0]]
[2022.06.28-15.34.54:436][  0]LogConfig: Setting CVar [[r.SkyLight.RealTimeReflectionCapture:1]]
[2022.06.28-15.34.54:436][  0]LogConfig: Applying CVar settings from Section [FoliageQuality@3] File [C:/Users/Administrator/UE4_Study_MMO/UEStudyForMMO/Saved/Config/Windows/Scalability.ini]
[2022.06.28-15.34.54:436][  0]LogConfig: Setting CVar [[foliage.DensityScale:1.0]]
[2022.06.28-15.34.54:436][  0]LogConfig: Setting CVar [[grass.DensityScale:1.0]]
[2022.06.28-15.34.54:436][  0]LogConfig: Applying CVar settings from Section [ShadingQuality@3] File [C:/Users/Administrator/UE4_Study_MMO/UEStudyForMMO/Saved/Config/Windows/Scalability.ini]
[2022.06.28-15.34.54:436][  0]LogConfig: Setting CVar [[r.HairStrands.SkyLighting.IntegrationType:2]]
[2022.06.28-15.34.54:436][  0]LogConfig: Setting CVar [[r.HairStrands.SkyAO.SampleCount:4]]
[2022.06.28-15.34.54:436][  0]LogConfig: Setting CVar [[r.HairStrands.Visibility.MSAA.SamplePerPixel:4]]
[2022.06.28-15.34.54:436][  0]LogConfig: Applying CVar settings from Section [Startup] File [../../../Engine/Config/ConsoleVariables.ini]
[2022.06.28-15.34.54:437][  0]LogConfig: Setting CVar [[net.UseAdaptiveNetUpdateFrequency:0]]
[2022.06.28-15.34.54:437][  0]LogConfig: Setting CVar [[p.chaos.AllowCreatePhysxBodies:1]]
[2022.06.28-15.34.54:437][  0]LogConfig: Setting CVar [[fx.SkipVectorVMBackendOptimizations:1]]
[2022.06.28-15.34.54:437][  0]LogConfig: Applying CVar settings from Section [ConsoleVariables] File [C:/Users/Administrator/UE4_Study_MMO/UEStudyForMMO/Saved/Config/Windows/Engine.ini]
[2022.06.28-15.34.54:437][  0]LogConfig: Applying CVar settings from Section [ConsoleVariables] File [C:/Users/Administrator/UE4_Study_MMO/UEStudyForMMO/Saved/Config/Windows/Editor.ini]
[2022.06.28-15.34.54:437][  0]LogInit: Computer: DESKTOP-P22NNJI
[2022.06.28-15.34.54:437][  0]LogInit: User: Administrator
[2022.06.28-15.34.54:437][  0]LogInit: CPU Page size=4096, Cores=6
[2022.06.28-15.34.54:437][  0]LogInit: High frequency timer resolution =10.000000 MHz
[2022.06.28-15.34.54:437][  0]LogMemory: Memory total: Physical=15.9GB (16GB approx)
[2022.06.28-15.34.54:437][  0]LogMemory: Platform Memory Stats for Windows
[2022.06.28-15.34.54:437][  0]LogMemory: Process Physical Memory: 145.20 MB used, 145.21 MB peak
[2022.06.28-15.34.54:437][  0]LogMemory: Process Virtual Memory: 115.22 MB used, 115.22 MB peak
[2022.06.28-15.34.54:437][  0]LogMemory: Physical Memory: 12341.95 MB used,  3976.58 MB free, 16318.52 MB total
[2022.06.28-15.34.54:437][  0]LogMemory: Virtual Memory: 134204640.00 MB used,  13089.63 MB free, 134217728.00 MB total
[2022.06.28-15.34.54:445][  0]LogWindows: WindowsPlatformFeatures enabled
[2022.06.28-15.34.54:476][  0]LogInit: Physics initialised using underlying interface: PhysX
[2022.06.28-15.34.54:477][  0]LogInit: Using OS detected language (ko-KR).
[2022.06.28-15.34.54:477][  0]LogInit: Using OS detected locale (ko-KR).
[2022.06.28-15.34.54:489][  0]LogTextLocalizationManager: No specific localization for 'ko-KR' exists, so the 'ko' localization will be used.
[2022.06.28-15.34.54:714][  0]LogInit: Setting process to per monitor DPI aware
[2022.06.28-15.34.54:746][  0]LogWindowsTextInputMethodSystem: Display: IME system deactivated.
[2022.06.28-15.34.54:803][  0]LogSlate: New Slate User Created.  User Index 0, Is Virtual User: 0
[2022.06.28-15.34.54:803][  0]LogSlate: Slate User Registered.  User Index 0, Is Virtual User: 0
[2022.06.28-15.34.57:465][  0]LogD3D11RHI: Loaded GFSDK_Aftermath_Lib.x64.dll
[2022.06.28-15.34.57:469][  0]LogHMD: Failed to initialize OpenVR with code 110
[2022.06.28-15.34.57:469][  0]LogD3D11RHI: D3D11 min allowed feature level: 11_0
[2022.06.28-15.34.57:469][  0]LogD3D11RHI: D3D11 max allowed feature level: 11_0
[2022.06.28-15.34.57:469][  0]LogD3D11RHI: D3D11 adapters:
[2022.06.28-15.34.57:566][  0]LogD3D11RHI:    0. 'NVIDIA GeForce GTX 1660 SUPER' (Feature Level 11_0)
[2022.06.28-15.34.57:566][  0]LogD3D11RHI:       5991/0/8159 MB DedicatedVideo/DedicatedSystem/SharedSystem, Outputs:2, VendorId:0x10de
[2022.06.28-15.34.57:573][  0]LogD3D11RHI:    1. 'Microsoft Basic Render Driver' (Feature Level 11_0)
[2022.06.28-15.34.57:573][  0]LogD3D11RHI:       0/0/8159 MB DedicatedVideo/DedicatedSystem/SharedSystem, Outputs:0, VendorId:0x1414
[2022.06.28-15.34.57:573][  0]LogD3D11RHI: Chosen D3D11 Adapter:
[2022.06.28-15.34.57:573][  0]LogD3D11RHI:     Description : NVIDIA GeForce GTX 1660 SUPER
[2022.06.28-15.34.57:573][  0]LogD3D11RHI:     VendorId    : 10de
[2022.06.28-15.34.57:573][  0]LogD3D11RHI:     DeviceId    : 21c4
[2022.06.28-15.34.57:573][  0]LogD3D11RHI:     SubSysId    : 20007377
[2022.06.28-15.34.57:573][  0]LogD3D11RHI:     Revision    : 00a1
[2022.06.28-15.34.57:573][  0]LogD3D11RHI:     DedicatedVideoMemory : 6282018816 bytes
[2022.06.28-15.34.57:573][  0]LogD3D11RHI:     DedicatedSystemMemory : 0 bytes
[2022.06.28-15.34.57:573][  0]LogD3D11RHI:     SharedSystemMemory : 8555606016 bytes
[2022.06.28-15.34.57:573][  0]LogD3D11RHI:     AdapterLuid : 0 30555
[2022.06.28-15.34.57:580][  0]LogD3D11RHI: Creating new Direct3DDevice
[2022.06.28-15.34.57:581][  0]LogD3D11RHI:     GPU DeviceId: 0x21c4 (for the marketing name, search the web for "GPU Device Id")
[2022.06.28-15.34.57:581][  0]LogWindows: EnumDisplayDevices:
[2022.06.28-15.34.57:581][  0]LogWindows:    0. 'NVIDIA GeForce GTX 1660 SUPER' (P:1 D:1)
[2022.06.28-15.34.57:581][  0]LogWindows:    1. 'NVIDIA GeForce GTX 1660 SUPER' (P:0 D:1)
[2022.06.28-15.34.57:582][  0]LogWindows:    2. 'NVIDIA GeForce GTX 1660 SUPER' (P:0 D:0)
[2022.06.28-15.34.57:582][  0]LogWindows:    3. 'NVIDIA GeForce GTX 1660 SUPER' (P:0 D:0)
[2022.06.28-15.34.57:582][  0]LogWindows: DebugString: FoundDriverCount:4 
[2022.06.28-15.34.57:582][  0]LogD3D11RHI:     Adapter Name: NVIDIA GeForce GTX 1660 SUPER
[2022.06.28-15.34.57:582][  0]LogD3D11RHI:   Driver Version: 456.71 (internal:27.21.14.5671, unified:456.71)
[2022.06.28-15.34.57:582][  0]LogD3D11RHI:      Driver Date: 9-30-2020
[2022.06.28-15.34.57:582][  0]LogRHI: Texture pool is 4193 MB (70% of 5991 MB)
[2022.06.28-15.34.57:582][  0]LogD3D11RHI: Creating D3DDevice using adapter:
[2022.06.28-15.34.57:582][  0]LogD3D11RHI:     Description : NVIDIA GeForce GTX 1660 SUPER
[2022.06.28-15.34.57:582][  0]LogD3D11RHI:     VendorId    : 10de
[2022.06.28-15.34.57:582][  0]LogD3D11RHI:     DeviceId    : 21c4
[2022.06.28-15.34.57:582][  0]LogD3D11RHI:     SubSysId    : 20007377
[2022.06.28-15.34.57:582][  0]LogD3D11RHI:     Revision    : 00a1
[2022.06.28-15.34.57:582][  0]LogD3D11RHI:     DedicatedVideoMemory : 6282018816 bytes
[2022.06.28-15.34.57:582][  0]LogD3D11RHI:     DedicatedSystemMemory : 0 bytes
[2022.06.28-15.34.57:582][  0]LogD3D11RHI:     SharedSystemMemory : 8555606016 bytes
[2022.06.28-15.34.57:583][  0]LogD3D11RHI:     AdapterLuid : 0 30555
[2022.06.28-15.34.57:648][  0]LogD3D11RHI: RHI has support for 64 bit atomics
[2022.06.28-15.34.57:648][  0]LogD3D11RHI: Async texture creation enabled
[2022.06.28-15.34.57:648][  0]LogD3D11RHI: Array index from any shader is supported
[2022.06.28-15.34.57:667][  0]LogD3D11RHI: GPU Timing Frequency: 1000.000000 (Debug: 2 1)
[2022.06.28-15.34.57:734][  0]LogRHI: GeForceNow SDK initialized: 1
[2022.06.28-15.34.58:095][  0]LogTargetPlatformManager: Display: Loaded TargetPlatform 'AllDesktop'
[2022.06.28-15.34.58:121][  0]LogTargetPlatformManager: Display: Loaded TargetPlatform 'Android'
[2022.06.28-15.34.58:121][  0]LogTargetPlatformManager: Display: Loaded TargetPlatform 'Android_ASTC'
[2022.06.28-15.34.58:121][  0]LogTargetPlatformManager: Display: Loaded TargetPlatform 'Android_DXT'
[2022.06.28-15.34.58:121][  0]LogTargetPlatformManager: Display: Loaded TargetPlatform 'Android_ETC2'
[2022.06.28-15.34.58:121][  0]LogTargetPlatformManager: Display: Loaded TargetPlatform 'AndroidClient'
[2022.06.28-15.34.58:121][  0]LogTargetPlatformManager: Display: Loaded TargetPlatform 'Android_ASTCClient'
[2022.06.28-15.34.58:121][  0]LogTargetPlatformManager: Display: Loaded TargetPlatform 'Android_DXTClient'
[2022.06.28-15.34.58:121][  0]LogTargetPlatformManager: Display: Loaded TargetPlatform 'Android_ETC2Client'
[2022.06.28-15.34.58:121][  0]LogTargetPlatformManager: Display: Loaded TargetPlatform 'Android_Multi'
[2022.06.28-15.34.58:121][  0]LogTargetPlatformManager: Display: Loaded TargetPlatform 'Android_MultiClient'
[2022.06.28-15.34.58:143][  0]LogTargetPlatformManager: Display: Loaded TargetPlatform 'IOSClient'
[2022.06.28-15.34.58:143][  0]LogTargetPlatformManager: Display: Loaded TargetPlatform 'IOS'
[2022.06.28-15.34.58:155][  0]LogTargetPlatformManager: Display: Loaded TargetPlatform 'Linux'
[2022.06.28-15.34.58:160][  0]LogTargetPlatformManager: Display: Loaded TargetPlatform 'LinuxNoEditor'
[2022.06.28-15.34.58:165][  0]LogTargetPlatformManager: Display: Loaded TargetPlatform 'LinuxClient'
[2022.06.28-15.34.58:170][  0]LogTargetPlatformManager: Display: Loaded TargetPlatform 'LinuxServer'
[2022.06.28-15.34.58:182][  0]LogTargetPlatformManager: Display: Loaded TargetPlatform 'LinuxAArch64NoEditor'
[2022.06.28-15.34.58:187][  0]LogTargetPlatformManager: Display: Loaded TargetPlatform 'LinuxAArch64Client'
[2022.06.28-15.34.58:193][  0]LogTargetPlatformManager: Display: Loaded TargetPlatform 'LinuxAArch64Server'
[2022.06.28-15.34.58:226][  0]LogTargetPlatformManager: Display: Loaded TargetPlatform 'Lumin'
[2022.06.28-15.34.58:226][  0]LogTargetPlatformManager: Display: Loaded TargetPlatform 'LuminClient'
[2022.06.28-15.34.58:237][  0]LogTargetPlatformManager: Display: Loaded TargetPlatform 'MacNoEditor'
[2022.06.28-15.34.58:242][  0]LogTargetPlatformManager: Display: Loaded TargetPlatform 'Mac'
[2022.06.28-15.34.58:247][  0]LogTargetPlatformManager: Display: Loaded TargetPlatform 'MacClient'
[2022.06.28-15.34.58:252][  0]LogTargetPlatformManager: Display: Loaded TargetPlatform 'MacServer'
[2022.06.28-15.34.58:265][  0]LogTargetPlatformManager: Display: Loaded TargetPlatform 'TVOSClient'
[2022.06.28-15.34.58:265][  0]LogTargetPlatformManager: Display: Loaded TargetPlatform 'TVOS'
[2022.06.28-15.34.58:276][  0]LogTargetPlatformManager: Display: Loaded TargetPlatform 'WindowsNoEditor'
[2022.06.28-15.34.58:282][  0]LogTargetPlatformManager: Display: Loaded TargetPlatform 'Windows'
[2022.06.28-15.34.58:287][  0]LogTargetPlatformManager: Display: Loaded TargetPlatform 'WindowsClient'
[2022.06.28-15.34.58:292][  0]LogTargetPlatformManager: Display: Loaded TargetPlatform 'WindowsServer'
[2022.06.28-15.34.58:292][  0]LogTargetPlatformManager: Display: Building Assets For Windows
[2022.06.28-15.34.58:302][  0]LogAudioDebug: Display: Lib vorbis DLL was dynamically loaded.
[2022.06.28-15.34.58:346][  0]LogTextureFormatOodle: Display: Oodle Texture 2.9.0 init RDO Off
[2022.06.28-15.34.58:388][  0]LogRendererCore: Ray tracing is disabled. Reason: r.RayTracing=0.
[2022.06.28-15.34.58:389][  0]LogShaderCompilers: Guid format shader working directory is -12 characters bigger than the processId version (../../../../../../Users/Administrator/UE4_Study_MMO/UEStudyForMMO/Intermediate/Shaders/WorkingDirectory/19424/).
[2022.06.28-15.34.58:389][  0]LogShaderCompilers: Cleaned the shader compiler working directory 'C:/Users/Administrator/AppData/Local/Temp/UnrealShaderWorkingDir/E6F4BE3D4A06746EB4F602864B219739/'.
[2022.06.28-15.34.58:389][  0]LogXGEController: Cannot use XGE Controller as Incredibuild is not installed on this machine.
[2022.06.28-15.34.58:389][  0]LogShaderCompilers: Cannot use XGE Shader Compiler as Incredibuild is not installed on this machine.
[2022.06.28-15.34.58:389][  0]LogShaderCompilers: Display: Using Local Shader Compiler.
[2022.06.28-15.35.01:694][  0]LogDerivedDataCache: Display: Max Cache Size: 512 MB
[2022.06.28-15.35.01:943][  0]LogDerivedDataCache: Loaded boot cache 0.25s 100MB C:/Users/Administrator/AppData/Local/UnrealEngine/4.27/DerivedDataCache/Boot.ddc.
[2022.06.28-15.35.01:943][  0]LogDerivedDataCache: Display: Loaded Boot cache: C:/Users/Administrator/AppData/Local/UnrealEngine/4.27/DerivedDataCache/Boot.ddc
[2022.06.28-15.35.01:943][  0]LogDerivedDataCache: FDerivedDataBackendGraph:  Pak pak cache file ../../../../../../Users/Administrator/UE4_Study_MMO/UEStudyForMMO/DerivedDataCache/DDC.ddp not found, will not use a pak cache.
[2022.06.28-15.35.01:943][  0]LogDerivedDataCache: Unable to find inner node Pak for hierarchical cache Hierarchy.
[2022.06.28-15.35.01:945][  0]LogDerivedDataCache: FDerivedDataBackendGraph:  CompressedPak pak cache file ../../../../../../Users/Administrator/UE4_Study_MMO/UEStudyForMMO/DerivedDataCache/Compressed.ddp not found, will not use a pak cache.
[2022.06.28-15.35.01:945][  0]LogDerivedDataCache: Unable to find inner node CompressedPak for hierarchical cache Hierarchy.
[2022.06.28-15.35.01:963][  0]LogDerivedDataCache: Display: Pak cache opened for reading ../../../Engine/DerivedDataCache/Compressed.ddp.
[2022.06.28-15.35.01:963][  0]LogDerivedDataCache: FDerivedDataBackendGraph:  EnterprisePak pak cache file ../../../Enterprise/DerivedDataCache/Compressed.ddp not found, will not use a pak cache.
[2022.06.28-15.35.01:963][  0]LogDerivedDataCache: Unable to find inner node EnterprisePak for hierarchical cache Hierarchy.
[2022.06.28-15.35.01:989][  0]LogDerivedDataCache: Speed tests for C:/Users/Administrator/AppData/Local/UnrealEngine/Common/DerivedDataCache took 0.03 seconds
[2022.06.28-15.35.01:989][  0]LogDerivedDataCache: Display: Performance to C:/Users/Administrator/AppData/Local/UnrealEngine/Common/DerivedDataCache: Latency=0.26ms. RandomReadSpeed=61.19MBs, RandomWriteSpeed=118.11MBs. Assigned SpeedClass 'Local'
[2022.06.28-15.35.01:990][  0]LogDerivedDataCache: Using Local data cache path C:/Users/Administrator/AppData/Local/UnrealEngine/Common/DerivedDataCache: Writable
[2022.06.28-15.35.01:990][  0]LogDerivedDataCache: Shared data cache path not found in *engine.ini, will not use an Shared cache.
[2022.06.28-15.35.01:990][  0]LogDerivedDataCache: Unable to find inner node Shared for hierarchical cache Hierarchy.
[2022.06.28-15.35.02:037][  0]LogSlate: Using FreeType 2.10.0
[2022.06.28-15.35.02:037][  0]LogSlate: SlateFontServices - WITH_FREETYPE: 1, WITH_HARFBUZZ: 1
[2022.06.28-15.35.02:069][  0]LogAssetRegistry: FAssetRegistry took 0.0029 seconds to start up
[2022.06.28-15.35.02:313][  0]LogInit: Selected Device Profile: [Windows]
[2022.06.28-15.35.02:313][  0]LogInit: Active device profile: [00000257D9A6B200][00000257CB854980 49] Windows
[2022.06.28-15.35.02:313][  0]LogInit: Profiles: [00000257D9A6B200][00000257CB854980 49] Windows, [00000257D9A20F00][00000257CB850AC0 49] WindowsNoEditor, [00000257D9A68F00][00000257CB858C00 49] WindowsServer, [00000257D9A22700][00000257CB85CD40 49] WindowsClient, [00000257D9A68600][00000257CBC80EC0 49] IOS, [00000257D9A21500][00000257CBC85040 49] iPadAir, [00000257D9A69500][00000257CBC891C0 49] iPadAir2, [00000257DA9A2900][00000257CBC9D480 49] IPadPro, [00000257DA9A2A00][00000257CBC8D4C0 49] iPadAir3, [00000257D9A6A400][00000257CBCD3640 49] iPadAir4, [00000257DA9A3600][00000257CBCDF7C0 49] iPadMini2, [00000257D9A6B500][00000257CBCE3940 49] iPadMini3, [00000257DA9A0600][00000257CBCE7AC0 49] iPadMini4, [00000257D9A68E00][00000257CBCEA0C0 49] iPadMini5, [00000257D9A32200][00000257CBCF2380 49] iPhone6, [00000257D9A32300][00000257CBCEE3C0 49] iPodTouch6, [00000257DA9A1400][00000257D6DB0680 49] iPhone7, [00000257DA9A0B00][00000257D6DAC6C0 49] iPodTouch7, [00000257D9A32E00][00000257D6DB4840 49] iPhone5S, [00000257DA9A2500][00000257D6DB89C0 49] iPhone6Plus, [00000257D9A30600][00000257D6DBCB40 49] iPhone6S, [00000257DA9A2C00][00000257CB860C80 49] iPhone6SPlus, [00000257D9A31400][00000257DAB6EDC0 49] iPhone7Plus, [00000257DA9A1800][00000257DAB72F00 49] iPhoneSE, [00000257D9A33100][00000257DAB7B080 49] iPhone8, [00000257DA9A3300][00000257DAB7F200 49] iPhone8Plus, [00000257D9A30200][00000257DAB83380 49] iPhoneX, [00000257DA9A3C00][00000257DAB87500 49] iPhoneXS, [00000257D9A32A00][00000257DAB8B680 49] iPhoneXSMax, [00000257DA9A2700][00000257DAB8F800 49] iPhoneXR, [00000257D9A31600][00000257DAB93980 49] iPhone11, [00000257DA9A0700][00000257DAB97B00 49] iPhone11Pro, [00000257D9A33000][00000257DAB9A100 49] iPhone11ProMax, [00000257DA9A0400][00000257DAB9E280 49] iPhoneSE2, [00000257D9A30800][00000257DABA2400 49] iPhone12Mini, [00000257DA9A0900][00000257DABA6580 49] iPhone12, [00000257D9A31E00][00000257DABAA700 49] iPhone12Pro, [00000257DA9A2D00][00000257DABAE880 49] iPhone12ProMax, [00000257D9A31A00][00000257DABB2A00 49] iPadPro105, [00000257DA9A1500][00000257DABB6B80 49] iPadPro129, [00000257D9A31B00][00000257DABBAD00 49] iPadPro97, [00000257DA9A3100][00000257DAB76E40 49] iPadPro2_129, [00000257D9A33A00][00000257DABBEF80 49] iPad5, [00000257DA9A2800][00000257DABC30C0 49] iPad6, [00000257D9A32700][00000257DABCB240 49] iPad7, [00000257DA9A0E00][00000257DABCF3C0 49] iPad8, [00000257D9A32000][00000257DABD3540 49] iPadPro11, [00000257DA9A3500][00000257DABD76C0 49] iPadPro2_11, [00000257D9A32500][00000257DABDB840 49] iPadPro3_129, [00000257D9A22500][00000257DABDF9C0 49] iPadPro4_129, [00000257D9AB9E00][00000257DABE3B40 49] AppleTV, [00000257D9A23600][00000257DABE6140 49] AppleTV4K, [00000257D9AB8100][00000257DABEA2C0 49] TVOS, [00000257D9A20100][00000257DABEE440 49] Mac, [00000257D9ABA200][00000257DABF25C0 49] MacClient, [00000257D9A22200][00000257DABF6740 49] MacNoEditor, [00000257D9AB9F00][00000257DABFA8C0 49] MacServer, [00000257D9A22F00][00000257DABFEA40 49] Linux, [00000257D9AB8700][00000257DAC02BC0 49] LinuxAArch64, [00000257D9A22900][00000257DAC06D40 49] LinuxNoEditor, [00000257D9AB9B00][00000257DAC0AEC0 49] LinuxAArch64NoEditor, [00000257D9A20B00][00000257DABC7000 49] LinuxClient, [00000257D9ABA800][00000257DAC0F140 49] LinuxAArch64Client, [00000257D9A22800][00000257DAC13280 49] LinuxServer, [00000257D9AB9200][00000257DAC173C0 49] LinuxAArch64Server, [00000257D9A21700][00000257DAC1F540 49] Android, [00000257D9AB9800][00000257DAC236C0 49] Android_Low, [00000257D9A30F00][00000257DAC27840 49] Android_Mid, [00000257DA9A0A00][00000257DAC2B9C0 49] Android_High, [00000257D9A32600][00000257DAC2FB40 49] Android_Default, [00000257DA9A0300][00000257DAC32140 49] Android_Adreno4xx, [00000257D9A30700][00000257DAC362C0 49] Android_Adreno5xx_Low, [00000257DA9A3B00][00000257DAC3A440 49] Android_Adreno5xx, [00000257D9A31F00][00000257DAC3E5C0 49] Android_Adreno6xx, [00000257DA9A1D00][00000257DAC42740 49] Android_Adreno6xx_Vulkan, [00000257D9ABA500][00000257DAC468C0 49] Android_Mali_T6xx, [00000257DA9A0F00][00000257DAC4AA40 49] Android_Mali_T7xx, [00000257D9AB8600][00000257DAC4EBC0 49] Android_Mali_T8xx, [00000257DA9A3800][00000257DAC52D40 49] Android_Mali_G71, [00000257D9ABA100][00000257DAC56EC0 49] Android_Mali_G72, [00000257DA9A0D00][00000257DAC5B040 49] Android_Mali_G72_Vulkan, [00000257D9AB8200][00000257DAC1B180 49] Android_Mali_G76, [00000257DA9A2100][00000257DAC5F2C0 49] Android_Mali_G76_Vulkan, [00000257D9AB9600][00000257DAC63400 49] Android_Mali_G77, [00000257DA9A1000][00000257DAC67540 49] Android_Mali_G77_Vulkan, [00000257D9ABA900][00000257DAC6F6C0 49] Android_Mali_G78, [00000257DA9A1700][00000257DAC73840 49] Android_Mali_G78_Vulkan, [00000257D9AB8300][00000257DAC779C0 49] Android_Mali_G710, [00000257DA9A3200][00000257DAC7BB40 49] Android_Mali_G710_Vulkan, [00000257D9ABA400][00000257DAC7E140 49] Android_Vulkan_SM5, [00000257DA9A2300][00000257DAC822C0 49] Android_PowerVR_G6xxx, [00000257D9AB9C00][00000257DAC86440 49] Android_PowerVR_GT7xxx, [00000257DA9A1C00][00000257DAC8A5C0 49] Android_PowerVR_GE8xxx, [00000257D9AB9500][00000257DAC8E740 49] Android_PowerVR_GM9xxx, [00000257DA9A2F00][00000257DAC928C0 49] Android_PowerVR_GM9xxx_Vulkan, [00000257D9ABAA00][00000257DAC96A40 49] Android_TegraK1, [00000257DA9A1900][00000257DAC9ABC0 49] Android_Unknown_Vulkan, [00000257D9A31800][00000257DAC9ED40 49] Lumin, [00000257DA9A2200][00000257DACA2EC0 49] Lumin_Desktop, [00000257D9A30300][00000257DACA7040 49] HoloLens, 
[2022.06.28-15.35.02:472][  0]LogMeshReduction: Using QuadricMeshReduction for automatic static mesh reduction
[2022.06.28-15.35.02:472][  0]LogMeshReduction: Using SimplygonMeshReduction for automatic skeletal mesh reduction
[2022.06.28-15.35.02:472][  0]LogMeshReduction: Using ProxyLODMeshReduction for automatic mesh merging
[2022.06.28-15.35.02:472][  0]LogMeshReduction: No distributed automatic mesh merging module available
[2022.06.28-15.35.02:472][  0]LogMeshMerging: No distributed automatic mesh merging module available
[2022.06.28-15.35.02:501][  0]LogNetVersion: UEStudyForMMO 1.0.0, NetCL: 17155196, EngineNetVer: 17, GameNetVer: 0 (Checksum: 1811843857)
[2022.06.28-15.35.03:247][  0]LogTexture: Default maximum texture size for cubemaps generated from long-lat sources has been changed from 512 to unlimited. In order to preserve old behaiour for '/Engine/MapTemplates/Sky/DaylightAmbientCubemap.DaylightAmbientCubemap', its maximum texture size has been explicitly set to 512.
[2022.06.28-15.35.03:321][  0]LogHMD: PokeAHoleMaterial loaded successfully
[2022.06.28-15.35.03:326][  0]LogUObjectArray: 17178 objects as part of root set at end of initial load.
[2022.06.28-15.35.03:326][  0]LogUObjectAllocator: 4302048 out of 0 bytes used by permanent object pool.
[2022.06.28-15.35.03:327][  0]LogUObjectArray: CloseDisregardForGC: 0/0 objects in disregard for GC pool
[2022.06.28-15.35.03:747][  0]LogNiagaraDebuggerClient: Niagara Debugger Client Initialized | Session: 9CE3B9CB4B15580DB5C51782635ED6CF | Instance: 28D9FBD145AE60F561992C9722229FA6 (DESKTOP-P22NNJI-19424).
[2022.06.28-15.35.03:799][  0]LogPython: Using Python 3.7.7
[2022.06.28-15.35.04:550][  0]LogTcpMessaging: Initializing TcpMessaging bridge
[2022.06.28-15.35.04:556][  0]LogUdpMessaging: Initializing bridge on interface 0.0.0.0:0 to multicast group 230.0.0.1:6666.
[2022.06.28-15.35.05:128][  0]LogTemp: Warning: WeaponSocket is exist
[2022.06.28-15.35.05:218][  0]LogBlueprint: Warning: [AssetLog] C:\Users\Administrator\UE4_Study_MMO\UEStudyForMMO\Content\UI\C_InventorySlot.uasset: [Compiler] Reply  ReturnValue  이벤트는 비어있으면 안됩니다. Handled 또는 Unhandled 같은 리플라이를 반환하세요.
[2022.06.28-15.35.05:301][  0]SourceControl: 소스 컨트롤이 꺼졌습니다.
[2022.06.28-15.35.05:301][  0]SourceControl: 소스 컨트롤이 꺼졌습니다.
[2022.06.28-15.35.05:307][  0]SourceControl: 소스 컨트롤이 꺼졌습니다.
[2022.06.28-15.35.05:311][  0]SourceControl: 소스 컨트롤이 꺼졌습니다.
[2022.06.28-15.35.05:348][  0]SourceControl: 소스 컨트롤이 꺼졌습니다.
[2022.06.28-15.35.05:415][  0]LogUProjectInfo: Found projects:
[2022.06.28-15.35.05:627][  0]LogOpenImageDenoise: OIDN starting up
[2022.06.28-15.35.05:670][  0]LogAndroidPermission: UAndroidPermissionCallbackProxy::GetInstance
[2022.06.28-15.35.05:686][  0]LogAudioCaptureCore: Display: No Audio Capture implementations found. Audio input will be silent.
[2022.06.28-15.35.05:686][  0]LogAudioCaptureCore: Display: No Audio Capture implementations found. Audio input will be silent.
[2022.06.28-15.35.05:970][  0]LogCollectionManager: Loaded 0 collections in 0.002704 seconds
[2022.06.28-15.35.06:002][  0]LogFileCache: Scanning file cache for directory 'C:/Users/Administrator/UE4_Study_MMO/UEStudyForMMO/Saved/Collections/' took 0.00s
[2022.06.28-15.35.06:002][  0]LogFileCache: Scanning file cache for directory 'C:/Users/Administrator/UE4_Study_MMO/UEStudyForMMO/Content/Developers/Administrator/Collections/' took 0.00s
[2022.06.28-15.35.06:002][  0]LogFileCache: Scanning file cache for directory 'C:/Users/Administrator/UE4_Study_MMO/UEStudyForMMO/Content/Collections/' took 0.00s
[2022.06.28-15.35.06:002][  0]LogOcInput: OculusInput pre-init called
[2022.06.28-15.35.06:306][  0]LogClass: Warning: ObjectProperty FInvenItem::Thumbnail is not initialized properly even though its struct probably has a custom default constructor. Module:UEStudyForMMO File:FInvenItem.h
[2022.06.28-15.35.06:307][  0]LogClass: Display: 1 Uninitialized script struct members found including 1 object properties
[2022.06.28-15.35.06:307][  0]LogAutomationTest: Warning: ObjectProperty FInvenItem::Thumbnail is not initialized properly even though its struct probably has a custom default constructor. Module:UEStudyForMMO File:FInvenItem.h
[2022.06.28-15.35.06:308][  0]LogEngine: Initializing Engine...
[2022.06.28-15.35.06:311][  0]LogHMD: Failed to enumerate extensions. Please check that you have a valid OpenXR runtime installed.
[2022.06.28-15.35.06:311][  0]LogHMD: Failed to initialize OpenVR with code 110
[2022.06.28-15.35.06:311][  0]LogMagicLeap: Warning: VR disabled because ZI is not enabled.  To enable, in the editor, Edit -> Project Settings -> Plugins -> Magic Leap Plugin -> Enable Zero Iteration
[2022.06.28-15.35.06:312][  0]LogStats: UGameplayTagsManager::InitializeManager -  0.000 s
[2022.06.28-15.35.06:501][  0]LogInit: Initializing FReadOnlyCVARCache
[2022.06.28-15.35.06:511][  0]LogAIModule: Creating AISystem for world Untitled
[2022.06.28-15.35.06:512][  0]LogAudio: Display: Initializing Audio Device Manager...
[2022.06.28-15.35.06:516][  0]LogAudio: Display: Loading Default Audio Settings Objects...
[2022.06.28-15.35.06:516][  0]LogAudio: Display: No default SoundConcurrencyObject specified (or failed to load).
[2022.06.28-15.35.06:517][  0]LogAudio: Display: Audio Device Manager Initialized
[2022.06.28-15.35.06:517][  0]LogAudio: Display: Creating Audio Device:                 Id: 1, Scope: Shared, Realtime: True
[2022.06.28-15.35.06:517][  0]LogAudioMixer: Display: Audio Mixer Platform Settings:
[2022.06.28-15.35.06:517][  0]LogAudioMixer: Display: 	Sample Rate:						  48000
[2022.06.28-15.35.06:517][  0]LogAudioMixer: Display: 	Callback Buffer Frame Size Requested: 1024
[2022.06.28-15.35.06:517][  0]LogAudioMixer: Display: 	Callback Buffer Frame Size To Use:	  1024
[2022.06.28-15.35.06:517][  0]LogAudioMixer: Display: 	Number of buffers to queue:			  2
[2022.06.28-15.35.06:517][  0]LogAudioMixer: Display: 	Max Channels (voices):				  32
[2022.06.28-15.35.06:517][  0]LogAudioMixer: Display: 	Number of Async Source Workers:		  0
[2022.06.28-15.35.06:517][  0]LogAudio: Display: AudioDevice MaxSources: 32
[2022.06.28-15.35.06:517][  0]LogAudio: Display: Audio Spatialization Plugin: None (built-in).
[2022.06.28-15.35.06:517][  0]LogAudio: Display: Audio Reverb Plugin: None (built-in).
[2022.06.28-15.35.06:518][  0]LogAudio: Display: Audio Occlusion Plugin: None (built-in).
[2022.06.28-15.35.06:518][  0]LogAudioMixer: Display: Initializing audio mixer.
[2022.06.28-15.35.06:538][  0]LogAudioMixer: Display: 0: FrontLeft
[2022.06.28-15.35.06:538][  0]LogAudioMixer: Display: 1: FrontRight
[2022.06.28-15.35.06:564][  0]LogAudioMixer: Display: Using Audio Device BenQ GW2780(NVIDIA High Definition Audio)
[2022.06.28-15.35.06:567][  0]LogAudioMixer: Display: Initializing Sound Submixes...
[2022.06.28-15.35.06:570][  0]LogAudioMixer: Display: Creating Master Submix 'MasterSubmixDefault'
[2022.06.28-15.35.06:570][  0]LogAudioMixer: Display: Creating Master Submix 'MasterReverbSubmixDefault'
[2022.06.28-15.35.06:571][  0]LogAudioMixer: Display: Creating Master Submix 'MasterEQSubmixDefault'
[2022.06.28-15.35.06:571][  0]LogAudioMixer: FMixerPlatformXAudio2::StartAudioStream() called
[2022.06.28-15.35.06:571][  0]LogAudioMixer: Display: Output buffers initialized: Frames=1024, Channels=2, Samples=2048
[2022.06.28-15.35.06:572][  0]LogAudioMixer: Display: Starting AudioMixerPlatformInterface::RunInternal()
[2022.06.28-15.35.06:573][  0]LogAudioMixer: Display: FMixerPlatformXAudio2::SubmitBuffer() called for the first time
[2022.06.28-15.35.06:573][  0]LogInit: FAudioDevice initialized.
[2022.06.28-15.35.06:573][  0]LogAudio: Display: Audio Device (ID: 1) registered with world 'Untitled'.
[2022.06.28-15.35.06:573][  0]LogNetVersion: Set ProjectVersion to 1.0.0.0. Version Checksum will be recalculated on next use.
[2022.06.28-15.35.06:652][  0]LogDerivedDataCache: Saved boot cache 0.08s 100MB C:/Users/Administrator/AppData/Local/UnrealEngine/4.27/DerivedDataCache/Boot.ddc.
[2022.06.28-15.35.06:656][  0]LogInit: Texture streaming: Enabled
[2022.06.28-15.35.06:670][  0]LogAnalytics: Display: [UEEditor.Rocket.Release] APIServer = https://datarouter.ol.epicgames.com/. AppVersion = 4.27.2-18319896+++UE4+Release-4.27
[2022.06.28-15.35.06:675][  0]LogEngineSessionManager: EngineSessionManager initialized
[2022.06.28-15.35.06:675][  0]LogEditorSessionSummary: Verbose: Initializing EditorSessionSummaryWriter for editor session tracking
[2022.06.28-15.35.06:681][  0]LogEditorSessionSummary: EditorSessionSummaryWriter initialized
[2022.06.28-15.35.06:716][  0]LogInit: Transaction tracking system initialized
[2022.06.28-15.35.06:748][  0]BlueprintLog: New page: 에디터 로드
[2022.06.28-15.35.06:824][  0]LocalizationService: 현지화 서비스가 비활성화되었습니다.
[2022.06.28-15.35.06:856][  0]TimingProfiler: Initialize
[2022.06.28-15.35.06:856][  0]TimingProfiler: OnSessionChanged
[2022.06.28-15.35.06:856][  0]LoadingProfiler: Initialize
[2022.06.28-15.35.06:856][  0]LoadingProfiler: OnSessionChanged
[2022.06.28-15.35.06:856][  0]NetworkingProfiler: Initialize
[2022.06.28-15.35.06:856][  0]NetworkingProfiler: OnSessionChanged
[2022.06.28-15.35.06:856][  0]MemoryProfiler: Initialize
[2022.06.28-15.35.06:856][  0]MemoryProfiler: OnSessionChanged
[2022.06.28-15.35.07:098][  0]LogCook: Display: CookSettings for Memory: MemoryMaxUsedVirtual 0MiB, MemoryMaxUsedPhysical 16384MiB, MemoryMinFreeVirtual 0MiB, MemoryMinFreePhysical 1024MiB
[2022.06.28-15.35.07:098][  0]LogCook: Display: Mobile HDR setting 1
[2022.06.28-15.35.07:336][  0]LogFileCache: Scanning file cache for directory 'C:/Users/Administrator/UE4_Study_MMO/UEStudyForMMO/Content/' took 0.04s
[2022.06.28-15.35.07:604][  0]LogInit: Display: Engine is initialized. Leaving FEngineLoop::Init()
[2022.06.28-15.35.07:609][  0]SourceControl: 소스 컨트롤이 꺼졌습니다.
[2022.06.28-15.35.07:753][  0]LogSlate: Took 0.016154 seconds to synchronously load lazily loaded font '../../../Engine/Content/Editor/Slate/Fonts/NanumGothic.ttf' (4243K)
[2022.06.28-15.35.07:753][  0]LogSlate: Took 0.000198 seconds to synchronously load lazily loaded font '../../../Engine/Content/Slate/Fonts/Roboto-Regular.ttf' (155K)
[2022.06.28-15.35.11:969][  0]LogSlate: Window '패키지 복원' being destroyed
[2022.06.28-15.35.12:851][  0]LogSlate: Window '소스 컨트롤에서 체크아웃할 수 없습니다!' being destroyed
[2022.06.28-15.35.12:867][  0]Message dialog closed, result: Ok, title: 소스 컨트롤에서 체크아웃할 수 없습니다!, text: 다음 에셋을 소스 컨트롤에서 체크아웃 시키지 못했습니다:
/Game/Level/NewMap
/Game/Blueprint/BP_MyPlayerController
[2022.06.28-15.35.12:881][  0]LogUObjectHash: Compacting FUObjectHashTables data took   0.83ms
[2022.06.28-15.35.12:891][  0]LogUObjectHash: Compacting FUObjectHashTables data took   0.26ms
[2022.06.28-15.35.12:907][  0]LoadErrors: New page: 패키지 로드 중: /Game/Blueprint/BP_MyPlayerController
[2022.06.28-15.35.12:920][  0]LogUnrealEdMisc: Loading editor; pre map load, took 20.500
[2022.06.28-15.35.12:920][  0]Cmd: MAP LOAD FILE="../../../../../../Users/Administrator/UE4_Study_MMO/UEStudyForMMO/Content/Level/NewMap.umap" TEMPLATE=0 SHOWPROGRESS=1 FEATURELEVEL=3
[2022.06.28-15.35.12:921][  0]LightingResults: New page: 라이팅 빌드
[2022.06.28-15.35.12:924][  0]LogWorld: UWorld::CleanupWorld for Untitled, bSessionEnded=true, bCleanupResources=true
[2022.06.28-15.35.12:924][  0]LogSlate: InvalidateAllWidgets triggered.  All widgets were invalidated
[2022.06.28-15.35.12:924][  0]MapCheck: New page: 맵 체크
[2022.06.28-15.35.12:924][  0]LightingResults: New page: 라이팅 빌드
[2022.06.28-15.35.12:931][  0]LogAudio: Display: Audio Device unregistered from world 'None'.
[2022.06.28-15.35.12:933][  0]LogUObjectHash: Compacting FUObjectHashTables data took   0.69ms
[2022.06.28-15.35.13:036][  0]LogTexture: Default maximum texture size for cubemaps generated from long-lat sources has been changed from 512 to unlimited. In order to preserve old behaiour for '/Game/AncientTreasures/Textures/Utility/TX_Cube_01a_CUBE.TX_Cube_01a_CUBE', its maximum texture size has been explicitly set to 512.
[2022.06.28-15.35.13:175][  0]LogAudio: Display: Audio Device (ID: 1) registered with world 'NewMap'.
[2022.06.28-15.35.13:176][  0]LogAIModule: Creating AISystem for world NewMap
[2022.06.28-15.35.13:514][  0]LogEditorServer: Finished looking for orphan Actors (0.000 secs)
[2022.06.28-15.35.13:524][  0]LogUObjectHash: Compacting FUObjectHashTables data took   0.92ms
[2022.06.28-15.35.13:525][  0]Cmd: MAP CHECKDEP NOCLEARLOG
[2022.06.28-15.35.13:525][  0]MapCheck: 맵 체크 완료: 오류 0 회, 경고 0 회, 소요 시간 0.193ms.
[2022.06.28-15.35.13:525][  0]LogFileHelpers: Loading map 'NewMap' took 0.605
[2022.06.28-15.35.13:529][  0]LogUnrealEdMisc: Total Editor Startup Time, took 21.109
[2022.06.28-15.35.13:629][  0]LogSlate: Updating window title bar state: overlay mode, drag disabled, window buttons hidden, title bar hidden
[2022.06.28-15.35.13:635][  0]LogSlate: Updating window title bar state: overlay mode, drag disabled, window buttons hidden, title bar hidden
[2022.06.28-15.35.13:641][  0]LogSlate: Updating window title bar state: overlay mode, drag disabled, window buttons hidden, title bar hidden
[2022.06.28-15.35.13:648][  0]LogSlate: Updating window title bar state: overlay mode, drag disabled, window buttons hidden, title bar hidden
[2022.06.28-15.35.13:669][  0]LogNativeClassHierarchy: Verbose: Native class hierarchy populated in 0.0089 seconds. Added 3834 classes and 930 folders.
[2022.06.28-15.35.13:672][  0]LogNativeClassHierarchy: Verbose: Native class hierarchy updated for 'WidgetCarousel' in 0.0002 seconds. Added 0 classes and 0 folders.
[2022.06.28-15.35.13:683][  0]LogPakFile: PakFile PrimaryIndexSize=187
[2022.06.28-15.35.13:683][  0]LogPakFile: PakFile PathHashIndexSize=101
[2022.06.28-15.35.13:683][  0]LogPakFile: PakFile FullDirectoryIndexSize=148
[2022.06.28-15.35.13:683][  0]LogShaderLibrary: Display: ShaderCodeLibraryPakFileMountedCallback: PakFile 'C:/Program Files/Epic Games/UE_4.27/FeaturePacks/FP_FirstPerson.upack' (chunk index -1, root 'root:/') mounted
[2022.06.28-15.35.13:683][  0]LogShaderLibrary: Display: ShaderCodeLibraryPakFileMountedCallback: pending pak file info (ChunkID:-1 Root:root:/ File:C:/Program Files/Epic Games/UE_4.27/FeaturePacks/FP_FirstPerson.upack)
[2022.06.28-15.35.13:683][  0]LogPakFile: OnPakFileMounted2Time == 0.000057
[2022.06.28-15.35.13:691][  0]LogPakFile: PakFile PrimaryIndexSize=189
[2022.06.28-15.35.13:691][  0]LogPakFile: PakFile PathHashIndexSize=101
[2022.06.28-15.35.13:691][  0]LogPakFile: PakFile FullDirectoryIndexSize=152
[2022.06.28-15.35.13:691][  0]LogShaderLibrary: Display: ShaderCodeLibraryPakFileMountedCallback: PakFile 'C:/Program Files/Epic Games/UE_4.27/FeaturePacks/FP_FirstPersonBP.upack' (chunk index -1, root 'root:/') mounted
[2022.06.28-15.35.13:691][  0]LogShaderLibrary: Display: ShaderCodeLibraryPakFileMountedCallback: pending pak file info (ChunkID:-1 Root:root:/ File:C:/Program Files/Epic Games/UE_4.27/FeaturePacks/FP_FirstPersonBP.upack)
[2022.06.28-15.35.13:691][  0]LogPakFile: OnPakFileMounted2Time == 0.000053
[2022.06.28-15.35.13:697][  0]LogPakFile: PakFile PrimaryIndexSize=191
[2022.06.28-15.35.13:697][  0]LogPakFile: PakFile PathHashIndexSize=101
[2022.06.28-15.35.13:697][  0]LogPakFile: PakFile FullDirectoryIndexSize=160
[2022.06.28-15.35.13:697][  0]LogShaderLibrary: Display: ShaderCodeLibraryPakFileMountedCallback: PakFile 'C:/Program Files/Epic Games/UE_4.27/FeaturePacks/MobileStarterContent.upack' (chunk index -1, root 'root:/') mounted
[2022.06.28-15.35.13:697][  0]LogShaderLibrary: Display: ShaderCodeLibraryPakFileMountedCallback: pending pak file info (ChunkID:-1 Root:root:/ File:C:/Program Files/Epic Games/UE_4.27/FeaturePacks/MobileStarterContent.upack)
[2022.06.28-15.35.13:697][  0]LogPakFile: OnPakFileMounted2Time == 0.000045
[2022.06.28-15.35.13:703][  0]LogPakFile: PakFile PrimaryIndexSize=185
[2022.06.28-15.35.13:703][  0]LogPakFile: PakFile PathHashIndexSize=101
[2022.06.28-15.35.13:703][  0]LogPakFile: PakFile FullDirectoryIndexSize=148
[2022.06.28-15.35.13:704][  0]LogShaderLibrary: Display: ShaderCodeLibraryPakFileMountedCallback: PakFile 'C:/Program Files/Epic Games/UE_4.27/FeaturePacks/StarterContent.upack' (chunk index -1, root 'root:/') mounted
[2022.06.28-15.35.13:704][  0]LogShaderLibrary: Display: ShaderCodeLibraryPakFileMountedCallback: pending pak file info (ChunkID:-1 Root:root:/ File:C:/Program Files/Epic Games/UE_4.27/FeaturePacks/StarterContent.upack)
[2022.06.28-15.35.13:704][  0]LogPakFile: OnPakFileMounted2Time == 0.000047
[2022.06.28-15.35.13:710][  0]LogPakFile: PakFile PrimaryIndexSize=190
[2022.06.28-15.35.13:710][  0]LogPakFile: PakFile PathHashIndexSize=101
[2022.06.28-15.35.13:710][  0]LogPakFile: PakFile FullDirectoryIndexSize=154
[2022.06.28-15.35.13:710][  0]LogShaderLibrary: Display: ShaderCodeLibraryPakFileMountedCallback: PakFile 'C:/Program Files/Epic Games/UE_4.27/FeaturePacks/TP_2DSideScroller.upack' (chunk index -1, root 'root:/') mounted
[2022.06.28-15.35.13:710][  0]LogShaderLibrary: Display: ShaderCodeLibraryPakFileMountedCallback: pending pak file info (ChunkID:-1 Root:root:/ File:C:/Program Files/Epic Games/UE_4.27/FeaturePacks/TP_2DSideScroller.upack)
[2022.06.28-15.35.13:710][  0]LogPakFile: OnPakFileMounted2Time == 0.000046
[2022.06.28-15.35.13:716][  0]LogPakFile: PakFile PrimaryIndexSize=192
[2022.06.28-15.35.13:716][  0]LogPakFile: PakFile PathHashIndexSize=101
[2022.06.28-15.35.13:716][  0]LogPakFile: PakFile FullDirectoryIndexSize=158
[2022.06.28-15.35.13:716][  0]LogShaderLibrary: Display: ShaderCodeLibraryPakFileMountedCallback: PakFile 'C:/Program Files/Epic Games/UE_4.27/FeaturePacks/TP_2DSideScrollerBP.upack' (chunk index -1, root 'root:/') mounted
[2022.06.28-15.35.13:716][  0]LogShaderLibrary: Display: ShaderCodeLibraryPakFileMountedCallback: pending pak file info (ChunkID:-1 Root:root:/ File:C:/Program Files/Epic Games/UE_4.27/FeaturePacks/TP_2DSideScrollerBP.upack)
[2022.06.28-15.35.13:716][  0]LogPakFile: OnPakFileMounted2Time == 0.000044
[2022.06.28-15.35.13:722][  0]LogPakFile: PakFile PrimaryIndexSize=182
[2022.06.28-15.35.13:722][  0]LogPakFile: PakFile PathHashIndexSize=101
[2022.06.28-15.35.13:722][  0]LogPakFile: PakFile FullDirectoryIndexSize=138
[2022.06.28-15.35.13:722][  0]LogShaderLibrary: Display: ShaderCodeLibraryPakFileMountedCallback: PakFile 'C:/Program Files/Epic Games/UE_4.27/FeaturePacks/TP_Flying.upack' (chunk index -1, root 'root:/') mounted
[2022.06.28-15.35.13:722][  0]LogShaderLibrary: Display: ShaderCodeLibraryPakFileMountedCallback: pending pak file info (ChunkID:-1 Root:root:/ File:C:/Program Files/Epic Games/UE_4.27/FeaturePacks/TP_Flying.upack)
[2022.06.28-15.35.13:722][  0]LogPakFile: OnPakFileMounted2Time == 0.000051
[2022.06.28-15.35.13:729][  0]LogPakFile: PakFile PrimaryIndexSize=184
[2022.06.28-15.35.13:729][  0]LogPakFile: PakFile PathHashIndexSize=101
[2022.06.28-15.35.13:729][  0]LogPakFile: PakFile FullDirectoryIndexSize=142
[2022.06.28-15.35.13:729][  0]LogShaderLibrary: Display: ShaderCodeLibraryPakFileMountedCallback: PakFile 'C:/Program Files/Epic Games/UE_4.27/FeaturePacks/TP_FlyingBP.upack' (chunk index -1, root 'root:/') mounted
[2022.06.28-15.35.13:729][  0]LogShaderLibrary: Display: ShaderCodeLibraryPakFileMountedCallback: pending pak file info (ChunkID:-1 Root:root:/ File:C:/Program Files/Epic Games/UE_4.27/FeaturePacks/TP_FlyingBP.upack)
[2022.06.28-15.35.13:729][  0]LogPakFile: OnPakFileMounted2Time == 0.000043
[2022.06.28-15.35.13:736][  0]LogPakFile: PakFile PrimaryIndexSize=188
[2022.06.28-15.35.13:736][  0]LogPakFile: PakFile PathHashIndexSize=101
[2022.06.28-15.35.13:736][  0]LogPakFile: PakFile FullDirectoryIndexSize=150
[2022.06.28-15.35.13:736][  0]LogShaderLibrary: Display: ShaderCodeLibraryPakFileMountedCallback: PakFile 'C:/Program Files/Epic Games/UE_4.27/FeaturePacks/TP_HandheldARBP.upack' (chunk index -1, root 'root:/') mounted
[2022.06.28-15.35.13:736][  0]LogShaderLibrary: Display: ShaderCodeLibraryPakFileMountedCallback: pending pak file info (ChunkID:-1 Root:root:/ File:C:/Program Files/Epic Games/UE_4.27/FeaturePacks/TP_HandheldARBP.upack)
[2022.06.28-15.35.13:736][  0]LogPakFile: OnPakFileMounted2Time == 0.000047
[2022.06.28-15.35.13:746][  0]LogPakFile: PakFile PrimaryIndexSize=182
[2022.06.28-15.35.13:746][  0]LogPakFile: PakFile PathHashIndexSize=101
[2022.06.28-15.35.13:746][  0]LogPakFile: PakFile FullDirectoryIndexSize=138
[2022.06.28-15.35.13:746][  0]LogShaderLibrary: Display: ShaderCodeLibraryPakFileMountedCallback: PakFile 'C:/Program Files/Epic Games/UE_4.27/FeaturePacks/TP_Puzzle.upack' (chunk index -1, root 'root:/') mounted
[2022.06.28-15.35.13:746][  0]LogShaderLibrary: Display: ShaderCodeLibraryPakFileMountedCallback: pending pak file info (ChunkID:-1 Root:root:/ File:C:/Program Files/Epic Games/UE_4.27/FeaturePacks/TP_Puzzle.upack)
[2022.06.28-15.35.13:746][  0]LogPakFile: OnPakFileMounted2Time == 0.000048
[2022.06.28-15.35.13:751][  0]LogPakFile: PakFile PrimaryIndexSize=184
[2022.06.28-15.35.13:751][  0]LogPakFile: PakFile PathHashIndexSize=101
[2022.06.28-15.35.13:751][  0]LogPakFile: PakFile FullDirectoryIndexSize=142
[2022.06.28-15.35.13:751][  0]LogShaderLibrary: Display: ShaderCodeLibraryPakFileMountedCallback: PakFile 'C:/Program Files/Epic Games/UE_4.27/FeaturePacks/TP_PuzzleBP.upack' (chunk index -1, root 'root:/') mounted
[2022.06.28-15.35.13:751][  0]LogShaderLibrary: Display: ShaderCodeLibraryPakFileMountedCallback: pending pak file info (ChunkID:-1 Root:root:/ File:C:/Program Files/Epic Games/UE_4.27/FeaturePacks/TP_PuzzleBP.upack)
[2022.06.28-15.35.13:751][  0]LogPakFile: OnPakFileMounted2Time == 0.000044
[2022.06.28-15.35.13:758][  0]LogPakFile: PakFile PrimaryIndexSize=183
[2022.06.28-15.35.13:758][  0]LogPakFile: PakFile PathHashIndexSize=101
[2022.06.28-15.35.13:758][  0]LogPakFile: PakFile FullDirectoryIndexSize=140
[2022.06.28-15.35.13:758][  0]LogShaderLibrary: Display: ShaderCodeLibraryPakFileMountedCallback: PakFile 'C:/Program Files/Epic Games/UE_4.27/FeaturePacks/TP_Rolling.upack' (chunk index -1, root 'root:/') mounted
[2022.06.28-15.35.13:758][  0]LogShaderLibrary: Display: ShaderCodeLibraryPakFileMountedCallback: pending pak file info (ChunkID:-1 Root:root:/ File:C:/Program Files/Epic Games/UE_4.27/FeaturePacks/TP_Rolling.upack)
[2022.06.28-15.35.13:758][  0]LogPakFile: OnPakFileMounted2Time == 0.000044
[2022.06.28-15.35.13:765][  0]LogPakFile: PakFile PrimaryIndexSize=185
[2022.06.28-15.35.13:765][  0]LogPakFile: PakFile PathHashIndexSize=101
[2022.06.28-15.35.13:765][  0]LogPakFile: PakFile FullDirectoryIndexSize=144
[2022.06.28-15.35.13:765][  0]LogShaderLibrary: Display: ShaderCodeLibraryPakFileMountedCallback: PakFile 'C:/Program Files/Epic Games/UE_4.27/FeaturePacks/TP_RollingBP.upack' (chunk index -1, root 'root:/') mounted
[2022.06.28-15.35.13:765][  0]LogShaderLibrary: Display: ShaderCodeLibraryPakFileMountedCallback: pending pak file info (ChunkID:-1 Root:root:/ File:C:/Program Files/Epic Games/UE_4.27/FeaturePacks/TP_RollingBP.upack)
[2022.06.28-15.35.13:765][  0]LogPakFile: OnPakFileMounted2Time == 0.000059
[2022.06.28-15.35.13:771][  0]LogPakFile: PakFile PrimaryIndexSize=188
[2022.06.28-15.35.13:771][  0]LogPakFile: PakFile PathHashIndexSize=101
[2022.06.28-15.35.13:771][  0]LogPakFile: PakFile FullDirectoryIndexSize=150
[2022.06.28-15.35.13:771][  0]LogShaderLibrary: Display: ShaderCodeLibraryPakFileMountedCallback: PakFile 'C:/Program Files/Epic Games/UE_4.27/FeaturePacks/TP_SideScroller.upack' (chunk index -1, root 'root:/') mounted
[2022.06.28-15.35.13:771][  0]LogShaderLibrary: Display: ShaderCodeLibraryPakFileMountedCallback: pending pak file info (ChunkID:-1 Root:root:/ File:C:/Program Files/Epic Games/UE_4.27/FeaturePacks/TP_SideScroller.upack)
[2022.06.28-15.35.13:771][  0]LogPakFile: OnPakFileMounted2Time == 0.000043
[2022.06.28-15.35.13:777][  0]LogPakFile: PakFile PrimaryIndexSize=190
[2022.06.28-15.35.13:777][  0]LogPakFile: PakFile PathHashIndexSize=101
[2022.06.28-15.35.13:777][  0]LogPakFile: PakFile FullDirectoryIndexSize=154
[2022.06.28-15.35.13:777][  0]LogShaderLibrary: Display: ShaderCodeLibraryPakFileMountedCallback: PakFile 'C:/Program Files/Epic Games/UE_4.27/FeaturePacks/TP_SideScrollerBP.upack' (chunk index -1, root 'root:/') mounted
[2022.06.28-15.35.13:777][  0]LogShaderLibrary: Display: ShaderCodeLibraryPakFileMountedCallback: pending pak file info (ChunkID:-1 Root:root:/ File:C:/Program Files/Epic Games/UE_4.27/FeaturePacks/TP_SideScrollerBP.upack)
[2022.06.28-15.35.13:777][  0]LogPakFile: OnPakFileMounted2Time == 0.000080
[2022.06.28-15.35.13:784][  0]LogPakFile: PakFile PrimaryIndexSize=187
[2022.06.28-15.35.13:784][  0]LogPakFile: PakFile PathHashIndexSize=101
[2022.06.28-15.35.13:784][  0]LogPakFile: PakFile FullDirectoryIndexSize=148
[2022.06.28-15.35.13:784][  0]LogShaderLibrary: Display: ShaderCodeLibraryPakFileMountedCallback: PakFile 'C:/Program Files/Epic Games/UE_4.27/FeaturePacks/TP_ThirdPerson.upack' (chunk index -1, root 'root:/') mounted
[2022.06.28-15.35.13:784][  0]LogShaderLibrary: Display: ShaderCodeLibraryPakFileMountedCallback: pending pak file info (ChunkID:-1 Root:root:/ File:C:/Program Files/Epic Games/UE_4.27/FeaturePacks/TP_ThirdPerson.upack)
[2022.06.28-15.35.13:784][  0]LogPakFile: OnPakFileMounted2Time == 0.000043
[2022.06.28-15.35.13:790][  0]LogPakFile: PakFile PrimaryIndexSize=189
[2022.06.28-15.35.13:790][  0]LogPakFile: PakFile PathHashIndexSize=101
[2022.06.28-15.35.13:790][  0]LogPakFile: PakFile FullDirectoryIndexSize=152
[2022.06.28-15.35.13:791][  0]LogShaderLibrary: Display: ShaderCodeLibraryPakFileMountedCallback: PakFile 'C:/Program Files/Epic Games/UE_4.27/FeaturePacks/TP_ThirdPersonBP.upack' (chunk index -1, root 'root:/') mounted
[2022.06.28-15.35.13:791][  0]LogShaderLibrary: Display: ShaderCodeLibraryPakFileMountedCallback: pending pak file info (ChunkID:-1 Root:root:/ File:C:/Program Files/Epic Games/UE_4.27/FeaturePacks/TP_ThirdPersonBP.upack)
[2022.06.28-15.35.13:791][  0]LogPakFile: OnPakFileMounted2Time == 0.000052
[2022.06.28-15.35.13:797][  0]LogPakFile: PakFile PrimaryIndexSize=183
[2022.06.28-15.35.13:797][  0]LogPakFile: PakFile PathHashIndexSize=101
[2022.06.28-15.35.13:797][  0]LogPakFile: PakFile FullDirectoryIndexSize=140
[2022.06.28-15.35.13:797][  0]LogShaderLibrary: Display: ShaderCodeLibraryPakFileMountedCallback: PakFile 'C:/Program Files/Epic Games/UE_4.27/FeaturePacks/TP_TopDown.upack' (chunk index -1, root 'root:/') mounted
[2022.06.28-15.35.13:797][  0]LogShaderLibrary: Display: ShaderCodeLibraryPakFileMountedCallback: pending pak file info (ChunkID:-1 Root:root:/ File:C:/Program Files/Epic Games/UE_4.27/FeaturePacks/TP_TopDown.upack)
[2022.06.28-15.35.13:797][  0]LogPakFile: OnPakFileMounted2Time == 0.000051
[2022.06.28-15.35.13:804][  0]LogPakFile: PakFile PrimaryIndexSize=185
[2022.06.28-15.35.13:804][  0]LogPakFile: PakFile PathHashIndexSize=101
[2022.06.28-15.35.13:804][  0]LogPakFile: PakFile FullDirectoryIndexSize=144
[2022.06.28-15.35.13:804][  0]LogShaderLibrary: Display: ShaderCodeLibraryPakFileMountedCallback: PakFile 'C:/Program Files/Epic Games/UE_4.27/FeaturePacks/TP_TopDownBP.upack' (chunk index -1, root 'root:/') mounted
[2022.06.28-15.35.13:804][  0]LogShaderLibrary: Display: ShaderCodeLibraryPakFileMountedCallback: pending pak file info (ChunkID:-1 Root:root:/ File:C:/Program Files/Epic Games/UE_4.27/FeaturePacks/TP_TopDownBP.upack)
[2022.06.28-15.35.13:804][  0]LogPakFile: OnPakFileMounted2Time == 0.000044
[2022.06.28-15.35.13:813][  0]LogPakFile: PakFile PrimaryIndexSize=185
[2022.06.28-15.35.13:813][  0]LogPakFile: PakFile PathHashIndexSize=101
[2022.06.28-15.35.13:813][  0]LogPakFile: PakFile FullDirectoryIndexSize=144
[2022.06.28-15.35.13:813][  0]LogShaderLibrary: Display: ShaderCodeLibraryPakFileMountedCallback: PakFile 'C:/Program Files/Epic Games/UE_4.27/FeaturePacks/TP_TwinStick.upack' (chunk index -1, root 'root:/') mounted
[2022.06.28-15.35.13:813][  0]LogShaderLibrary: Display: ShaderCodeLibraryPakFileMountedCallback: pending pak file info (ChunkID:-1 Root:root:/ File:C:/Program Files/Epic Games/UE_4.27/FeaturePacks/TP_TwinStick.upack)
[2022.06.28-15.35.13:813][  0]LogPakFile: OnPakFileMounted2Time == 0.000048
[2022.06.28-15.35.13:818][  0]LogPakFile: PakFile PrimaryIndexSize=187
[2022.06.28-15.35.13:818][  0]LogPakFile: PakFile PathHashIndexSize=101
[2022.06.28-15.35.13:818][  0]LogPakFile: PakFile FullDirectoryIndexSize=148
[2022.06.28-15.35.13:818][  0]LogShaderLibrary: Display: ShaderCodeLibraryPakFileMountedCallback: PakFile 'C:/Program Files/Epic Games/UE_4.27/FeaturePacks/TP_TwinStickBP.upack' (chunk index -1, root 'root:/') mounted
[2022.06.28-15.35.13:818][  0]LogShaderLibrary: Display: ShaderCodeLibraryPakFileMountedCallback: pending pak file info (ChunkID:-1 Root:root:/ File:C:/Program Files/Epic Games/UE_4.27/FeaturePacks/TP_TwinStickBP.upack)
[2022.06.28-15.35.13:818][  0]LogPakFile: OnPakFileMounted2Time == 0.000044
[2022.06.28-15.35.13:825][  0]LogPakFile: PakFile PrimaryIndexSize=183
[2022.06.28-15.35.13:825][  0]LogPakFile: PakFile PathHashIndexSize=101
[2022.06.28-15.35.13:825][  0]LogPakFile: PakFile FullDirectoryIndexSize=140
[2022.06.28-15.35.13:825][  0]LogShaderLibrary: Display: ShaderCodeLibraryPakFileMountedCallback: PakFile 'C:/Program Files/Epic Games/UE_4.27/FeaturePacks/TP_Vehicle.upack' (chunk index -1, root 'root:/') mounted
[2022.06.28-15.35.13:825][  0]LogShaderLibrary: Display: ShaderCodeLibraryPakFileMountedCallback: pending pak file info (ChunkID:-1 Root:root:/ File:C:/Program Files/Epic Games/UE_4.27/FeaturePacks/TP_Vehicle.upack)
[2022.06.28-15.35.13:825][  0]LogPakFile: OnPakFileMounted2Time == 0.000043
[2022.06.28-15.35.13:832][  0]LogPakFile: PakFile PrimaryIndexSize=186
[2022.06.28-15.35.13:832][  0]LogPakFile: PakFile PathHashIndexSize=101
[2022.06.28-15.35.13:832][  0]LogPakFile: PakFile FullDirectoryIndexSize=146
[2022.06.28-15.35.13:832][  0]LogShaderLibrary: Display: ShaderCodeLibraryPakFileMountedCallback: PakFile 'C:/Program Files/Epic Games/UE_4.27/FeaturePacks/TP_VehicleAdv.upack' (chunk index -1, root 'root:/') mounted
[2022.06.28-15.35.13:832][  0]LogShaderLibrary: Display: ShaderCodeLibraryPakFileMountedCallback: pending pak file info (ChunkID:-1 Root:root:/ File:C:/Program Files/Epic Games/UE_4.27/FeaturePacks/TP_VehicleAdv.upack)
[2022.06.28-15.35.13:832][  0]LogPakFile: OnPakFileMounted2Time == 0.000044
[2022.06.28-15.35.13:838][  0]LogPakFile: PakFile PrimaryIndexSize=188
[2022.06.28-15.35.13:838][  0]LogPakFile: PakFile PathHashIndexSize=101
[2022.06.28-15.35.13:838][  0]LogPakFile: PakFile FullDirectoryIndexSize=150
[2022.06.28-15.35.13:838][  0]LogShaderLibrary: Display: ShaderCodeLibraryPakFileMountedCallback: PakFile 'C:/Program Files/Epic Games/UE_4.27/FeaturePacks/TP_VehicleAdvBP.upack' (chunk index -1, root 'root:/') mounted
[2022.06.28-15.35.13:838][  0]LogShaderLibrary: Display: ShaderCodeLibraryPakFileMountedCallback: pending pak file info (ChunkID:-1 Root:root:/ File:C:/Program Files/Epic Games/UE_4.27/FeaturePacks/TP_VehicleAdvBP.upack)
[2022.06.28-15.35.13:838][  0]LogPakFile: OnPakFileMounted2Time == 0.000054
[2022.06.28-15.35.13:845][  0]LogPakFile: PakFile PrimaryIndexSize=185
[2022.06.28-15.35.13:845][  0]LogPakFile: PakFile PathHashIndexSize=101
[2022.06.28-15.35.13:845][  0]LogPakFile: PakFile FullDirectoryIndexSize=144
[2022.06.28-15.35.13:845][  0]LogShaderLibrary: Display: ShaderCodeLibraryPakFileMountedCallback: PakFile 'C:/Program Files/Epic Games/UE_4.27/FeaturePacks/TP_VehicleBP.upack' (chunk index -1, root 'root:/') mounted
[2022.06.28-15.35.13:845][  0]LogShaderLibrary: Display: ShaderCodeLibraryPakFileMountedCallback: pending pak file info (ChunkID:-1 Root:root:/ File:C:/Program Files/Epic Games/UE_4.27/FeaturePacks/TP_VehicleBP.upack)
[2022.06.28-15.35.13:845][  0]LogPakFile: OnPakFileMounted2Time == 0.000054
[2022.06.28-15.35.13:851][  0]LogPakFile: PakFile PrimaryIndexSize=192
[2022.06.28-15.35.13:851][  0]LogPakFile: PakFile PathHashIndexSize=101
[2022.06.28-15.35.13:851][  0]LogPakFile: PakFile FullDirectoryIndexSize=158
[2022.06.28-15.35.13:851][  0]LogShaderLibrary: Display: ShaderCodeLibraryPakFileMountedCallback: PakFile 'C:/Program Files/Epic Games/UE_4.27/FeaturePacks/TP_VirtualRealityBP.upack' (chunk index -1, root 'root:/') mounted
[2022.06.28-15.35.13:851][  0]LogShaderLibrary: Display: ShaderCodeLibraryPakFileMountedCallback: pending pak file info (ChunkID:-1 Root:root:/ File:C:/Program Files/Epic Games/UE_4.27/FeaturePacks/TP_VirtualRealityBP.upack)
[2022.06.28-15.35.13:851][  0]LogPakFile: OnPakFileMounted2Time == 0.000046
[2022.06.28-15.35.14:135][  0]LogNativeClassHierarchy: Verbose: Native class hierarchy updated for 'AddContentDialog' in 0.0003 seconds. Added 0 classes and 0 folders.
[2022.06.28-15.35.14:140][  0]LogNativeClassHierarchy: Verbose: Native class hierarchy updated for 'SceneOutliner' in 0.0003 seconds. Added 2 classes and 0 folders.
[2022.06.28-15.35.14:208][  0]LogNativeClassHierarchy: Verbose: Native class hierarchy updated for 'HierarchicalLODOutliner' in 0.0003 seconds. Added 0 classes and 0 folders.
[2022.06.28-15.35.14:208][  0]LogInput: Warning: Action Jump uses invalid key OculusGo_Left_Trigger_Click.
[2022.06.28-15.35.14:208][  0]LogInput: Warning: Action ResetVR uses invalid key OculusGo_Left_Trackpad_Click.
[2022.06.28-15.35.14:208][  0]LogInput: Warning: Use -RemoveInvalidKeys to remove instances of these keys from the action mapping.
[2022.06.28-15.35.14:208][  0]LogLoad: (Engine Initialization) Total time: 21.79 seconds
[2022.06.28-15.35.14:208][  0]LogLoad: (Engine Initialization) Total Blueprint compile time: 0.00 seconds
[2022.06.28-15.35.14:267][  0]LogAssetRegistry: Asset discovery search completed in 12.1996 seconds
[2022.06.28-15.35.14:276][  0]LogCollectionManager: Fixed up redirectors for 0 collections in 0.000003 seconds (updated 0 objects)
[2022.06.28-15.35.14:285][  0]LogContentStreaming: Texture pool size now 1000 MB
[2022.06.28-15.35.14:299][  0]LogSlate: Took 0.006543 seconds to synchronously load lazily loaded font '../../../Engine/Content/Editor/Slate/Fonts/FontAwesome.ttf' (139K)
[2022.06.28-15.35.14:315][  0]LogSlate: Took 0.015411 seconds to synchronously load lazily loaded font '../../../Engine/Content/Editor/Slate/Fonts/NanumGothicBold.ttf' (4188K)
[2022.06.28-15.35.14:315][  0]LogSlate: Took 0.000246 seconds to synchronously load lazily loaded font '../../../Engine/Content/Slate/Fonts/Roboto-Bold.ttf' (160K)
[2022.06.28-15.35.14:495][  0]LogRenderer: Reallocating scene render targets to support 760x384 Format 10 NumSamples 1 (Frame:1).
[2022.06.28-15.35.14:495][  0]LogSlate: Took 0.010661 seconds to synchronously load lazily loaded font '../../../Engine/Content/Slate/Fonts/Roboto-Light.ttf' (167K)
[2022.06.28-15.35.17:400][134]LogRenderer: Reallocating scene render targets to support 1120x576 Format 10 NumSamples 1 (Frame:120).
[2022.06.28-15.35.17:851][184]LogEditorViewport: Clicking on Actor (LMB): Landscape (Landscape3)
[2022.06.28-15.35.22:361][681]LogEditorViewport: Clicking on Actor (LMB): Landscape (Landscape3)
[2022.06.28-15.36.57:687][632]LogTemp: Warning: WeaponSocket is exist
[2022.06.28-15.37.00:770][978]LogVSAccessor: Warning: Couldn't goto line number '1' in 'C:/Users/Administrator/UE4_Study_MMO/UEStudyForMMO/Source/UEStudyForMMO/Interactable.h'
[2022.06.28-15.37.00:771][978]LogVSAccessor: Warning: Couldn't open file 'C:/Users/Administrator/UE4_Study_MMO/UEStudyForMMO/Source/UEStudyForMMO/Interactable.cpp'.
[2022.06.28-15.49.38:566][558]LogHotReload: New module detected: UE4Editor-UEStudyForMMO-0005.dll
[2022.06.28-15.49.40:002][563]LogHotReload: Starting Hot-Reload from IDE
[2022.06.28-15.49.40:006][563]LogSlate: Took 0.000193 seconds to synchronously load lazily loaded font '../../../Engine/Content/Slate/Fonts/Roboto-Light.ttf' (167K)
[2022.06.28-15.49.40:042][563]LogClass: Could not find existing class MoneyAutoPickup in package /Script/UEStudyForMMO for HotReload, assuming new class
[2022.06.28-15.49.40:046][563]LogClass: InvenItem HotReload.
[2022.06.28-15.49.40:048][563]LogHotReload: Re-instancing AutoPickup after hot-reload.
[2022.06.28-15.49.40:071][563]LogHotReload: Re-instancing MoneyAutoPickup after hot-reload.
[2022.06.28-15.49.40:402][563]LogTemp: Warning: WeaponSocket is exist
[2022.06.28-15.49.40:405][563]LogNativeClassHierarchy: Verbose: Native class hierarchy updated for 'UEStudyForMMO' in 0.0003 seconds. Added 12 classes and 2 folders.
[2022.06.28-15.49.40:413][563]Display: HotReload successful (6 functions remapped  1 scriptstructs remapped)
[2022.06.28-15.49.40:583][563]LogNativeClassHierarchy: Verbose: Native class hierarchy populated in 0.0300 seconds. Added 3834 classes and 930 folders.
[2022.06.28-15.49.40:639][563]Display: HotReload took  0.6s.
[2022.06.28-15.56.03:653][703]LogHotReload: New module detected: UE4Editor-UEStudyForMMO-6097.dll
[2022.06.28-15.56.05:019][708]LogHotReload: Starting Hot-Reload from IDE
[2022.06.28-15.56.05:043][708]LogClass: InvenItem HotReload.
[2022.06.28-15.56.05:048][708]LogTemp: Warning: WeaponSocket is exist
[2022.06.28-15.56.05:052][708]LogNativeClassHierarchy: Verbose: Native class hierarchy updated for 'UEStudyForMMO' in 0.0003 seconds. Added 12 classes and 2 folders.
[2022.06.28-15.56.05:056][708]Display: HotReload successful (6 functions remapped  1 scriptstructs remapped)
[2022.06.28-15.56.05:109][708]LogNativeClassHierarchy: Verbose: Native class hierarchy populated in 0.0091 seconds. Added 3834 classes and 930 folders.
[2022.06.28-15.56.05:113][708]Display: HotReload took  0.1s.
[2022.06.28-16.02.57:173][ 12]LogHotReload: New module detected: UE4Editor-UEStudyForMMO-4225.dll
[2022.06.28-16.02.58:879][ 18]LogHotReload: Starting Hot-Reload from IDE
[2022.06.28-16.02.58:912][ 18]LogClass: InvenItem HotReload.
[2022.06.28-16.02.58:918][ 18]LogTemp: Warning: WeaponSocket is exist
[2022.06.28-16.02.58:921][ 18]LogNativeClassHierarchy: Verbose: Native class hierarchy updated for 'UEStudyForMMO' in 0.0004 seconds. Added 12 classes and 2 folders.
[2022.06.28-16.02.58:926][ 18]Display: HotReload successful (6 functions remapped  1 scriptstructs remapped)
[2022.06.28-16.02.59:008][ 18]LogNativeClassHierarchy: Verbose: Native class hierarchy populated in 0.0093 seconds. Added 3834 classes and 930 folders.
[2022.06.28-16.02.59:011][ 18]Display: HotReload took  0.1s.
[2022.06.28-17.27.15:573][107]LogAudioMixer: Warning: Changing default audio render device to new device: {0.0.0.00000000}.{42b3832a-f058-47a3-80cd-028f7c74e68e}.
[2022.06.28-17.27.15:585][107]LogAudioMixer: Resetting audio stream to device id 
[2022.06.28-17.27.15:590][107]LogAudioMixer: Display: StartRunningNullDevice() called
[2022.06.28-22.19.06:832][347]LogAnalytics: Warning: EventCache either took too long to flush (1.116 ms) or had a very large payload (0.432 KB, 1 events). Listing events in the payload for investigation:
[2022.06.28-22.19.06:832][347]LogAnalytics: Warning:     Editor.Usage.Heartbeat,429
