Log file open, 06/24/22 12:31:05
LogWindows: Failed to load 'aqProf.dll' (GetLastError=126)
LogWindows: File 'aqProf.dll' does not exist
LogWindows: Failed to load 'VtuneApi.dll' (GetLastError=126)
LogWindows: File 'VtuneApi.dll' does not exist
LogWindows: Failed to load 'VtuneApi32e.dll' (GetLastError=126)
LogWindows: File 'VtuneApi32e.dll' does not exist
LogConsoleResponse: Display: Failed to find resolution value strings in scalability ini. Falling back to default.
LogConsoleResponse: Display: Failed to find resolution value strings in scalability ini. Falling back to default.
LogInit: Display: Running engine for game: UEStudyForMMO
LogPlatformFile: Not using cached read wrapper
LogTaskGraph: Started task graph with 5 named threads and 23 total threads with 3 sets of task threads.
LogStats: Stats thread started at 0.274433
LogICUInternationalization: ICU TimeZone Detection - Raw Offset: +9:00, Platform Override: ''
LogInit: Display: Loading text-based GConfig....
LogPluginManager: Mounting plugin MeshPainting
LogPluginManager: Mounting plugin XGEController
LogPluginManager: Mounting plugin Paper2D
LogPluginManager: Mounting plugin AISupport
LogPluginManager: Mounting plugin EnvironmentQueryEditor
LogPluginManager: Mounting plugin LightPropagationVolume
LogPluginManager: Mounting plugin CameraShakePreviewer
LogPluginManager: Mounting plugin GameplayCameras
LogPluginManager: Mounting plugin OodleData
LogPluginManager: Mounting plugin OodleNetwork
LogPluginManager: Mounting plugin AssetManagerEditor
LogPluginManager: Mounting plugin CryptoKeys
LogPluginManager: Mounting plugin CurveEditorTools
LogPluginManager: Mounting plugin DataValidation
LogPluginManager: Mounting plugin FacialAnimation
LogPluginManager: Mounting plugin GameplayTagsEditor
LogPluginManager: Mounting plugin MaterialAnalyzer
LogPluginManager: Mounting plugin MacGraphicsSwitching
LogPluginManager: Mounting plugin MobileLauncherProfileWizard
LogPluginManager: Mounting plugin PluginBrowser
LogPluginManager: Mounting plugin SpeedTreeImporter
LogPluginManager: Mounting plugin GeometryMode
LogPluginManager: Mounting plugin LiveLink
LogPluginManager: Mounting plugin DatasmithContent
LogPluginManager: Mounting plugin VariantManagerContent
LogPluginManager: Mounting plugin AlembicImporter
LogPluginManager: Mounting plugin AutomationUtils
LogPluginManager: Mounting plugin BackChannel
LogPluginManager: Mounting plugin ChaosCloth
LogPluginManager: Mounting plugin ChaosEditor
LogPluginManager: Mounting plugin ChaosClothEditor
LogPluginManager: Mounting plugin Niagara
LogPluginManager: Mounting plugin ChaosNiagara
LogPluginManager: Mounting plugin ChaosSolverPlugin
LogPluginManager: Mounting plugin CharacterAI
LogPluginManager: Mounting plugin GeometryCache
LogPluginManager: Mounting plugin GeometryCollectionPlugin
LogPluginManager: Mounting plugin GeometryProcessing
LogPluginManager: Mounting plugin MotoSynth
LogPluginManager: Mounting plugin OpenImageDenoise
LogPluginManager: Mounting plugin PlanarCut
LogPluginManager: Mounting plugin PlatformCrypto
LogPluginManager: Mounting plugin ProxyLODPlugin
LogPluginManager: Mounting plugin PythonScriptPlugin
LogPluginManager: Mounting plugin SkeletalReduction
LogPluginManager: Mounting plugin LuminPlatformFeatures
LogPluginManager: Mounting plugin MagicLeap
LogPluginManager: Mounting plugin MagicLeapLightEstimation
LogPluginManager: Mounting plugin MagicLeapMedia
LogPluginManager: Mounting plugin MagicLeapPassableWorld
LogPluginManager: Mounting plugin MLSDK
LogPluginManager: Mounting plugin AndroidMedia
LogPluginManager: Mounting plugin AvfMedia
LogPluginManager: Mounting plugin ImgMedia
LogPluginManager: Mounting plugin MediaCompositing
LogPluginManager: Mounting plugin MediaPlayerEditor
LogPluginManager: Mounting plugin WebMMedia
LogPluginManager: Mounting plugin WmfMedia
LogPluginManager: Mounting plugin ActorSequence
LogPluginManager: Mounting plugin LevelSequenceEditor
LogPluginManager: Mounting plugin MatineeToLevelSequence
LogPluginManager: Mounting plugin TcpMessaging
LogPluginManager: Mounting plugin UdpMessaging
LogPluginManager: Mounting plugin TemplateSequence
LogPluginManager: Mounting plugin AnimationSharing
LogPluginManager: Mounting plugin OnlineSubsystem
LogPluginManager: Mounting plugin CLionSourceCodeAccess
LogPluginManager: Mounting plugin CodeLiteSourceCodeAccess
LogPluginManager: Mounting plugin GitSourceControl
LogPluginManager: Mounting plugin KDevelopSourceCodeAccess
LogPluginManager: Mounting plugin OnlineSubsystemNull
LogPluginManager: Mounting plugin PerforceSourceControl
LogPluginManager: Mounting plugin PixWinPlugin
LogPluginManager: Mounting plugin PlasticSourceControl
LogPluginManager: Mounting plugin PluginUtils
LogPluginManager: Mounting plugin PropertyAccessNode
LogPluginManager: Mounting plugin RiderSourceCodeAccess
LogPluginManager: Mounting plugin SubversionSourceControl
LogPluginManager: Mounting plugin TextureFormatOodle
LogPluginManager: Mounting plugin OnlineSubsystemUtils
LogPluginManager: Mounting plugin UObjectPlugin
LogPluginManager: Mounting plugin VisualStudioCodeSourceCodeAccess
LogPluginManager: Mounting plugin VisualStudioSourceCodeAccess
LogPluginManager: Mounting plugin XCodeSourceCodeAccess
LogPluginManager: Mounting plugin LauncherChunkInstaller
LogPluginManager: Mounting plugin ActorLayerUtilities
LogPluginManager: Mounting plugin AndroidDeviceProfileSelector
LogPluginManager: Mounting plugin AndroidMoviePlayer
LogPluginManager: Mounting plugin AndroidPermission
LogPluginManager: Mounting plugin AppleMoviePlayer
LogPluginManager: Mounting plugin AppleImageUtils
LogPluginManager: Mounting plugin ArchVisCharacter
LogPluginManager: Mounting plugin AssetTags
LogPluginManager: Mounting plugin AudioCapture
LogPluginManager: Mounting plugin AudioSynesthesia
LogPluginManager: Mounting plugin CableComponent
LogPluginManager: Mounting plugin CustomMeshComponent
LogPluginManager: Mounting plugin ChunkDownloader
LogPluginManager: Mounting plugin EditableMesh
LogPluginManager: Mounting plugin ExampleDeviceProfileSelector
LogPluginManager: Mounting plugin GooglePAD
LogPluginManager: Mounting plugin GoogleCloudMessaging
LogPluginManager: Mounting plugin IOSDeviceProfileSelector
LogPluginManager: Mounting plugin LinuxDeviceProfileSelector
LogPluginManager: Mounting plugin LocationServicesBPLibrary
LogPluginManager: Mounting plugin MobilePatchingUtils
LogPluginManager: Mounting plugin OpenXR
LogPluginManager: Mounting plugin OpenXREyeTracker
LogPluginManager: Mounting plugin OpenXRHandTracking
LogPluginManager: Mounting plugin PostSplashScreen
LogPluginManager: Mounting plugin PhysXVehicles
LogPluginManager: Mounting plugin ProceduralMeshComponent
LogPluginManager: Mounting plugin PropertyAccessEditor
LogPluginManager: Mounting plugin RuntimePhysXCooking
LogPluginManager: Mounting plugin SignificanceManager
LogPluginManager: Mounting plugin NullSourceCodeAccess
LogPluginManager: Mounting plugin SoundFields
LogPluginManager: Mounting plugin Synthesis
LogPluginManager: Mounting plugin WebMMoviePlayer
LogPluginManager: Mounting plugin WindowsMoviePlayer
LogPluginManager: Mounting plugin ScreenshotTools
LogPluginManager: Mounting plugin Takes
LogPluginManager: Mounting plugin ContentBrowserAssetDataSource
LogPluginManager: Mounting plugin ContentBrowserFileDataSource
LogPluginManager: Mounting plugin ContentBrowserClassDataSource
LogPluginManager: Mounting plugin OnlineSubsystemIOS
LogPluginManager: Mounting plugin OnlineSubsystemGooglePlay
LogPluginManager: Mounting plugin OculusVR
LogPluginManager: Mounting plugin SteamVR
LogInit: Using libcurl 7.55.1-DEV
LogInit:  - built for x86_64-pc-win32
LogInit:  - supports SSL with OpenSSL/1.1.1
LogInit:  - supports HTTP deflate (compression) using libz 1.2.8
LogInit:  - other features:
LogInit:      CURL_VERSION_SSL
LogInit:      CURL_VERSION_LIBZ
LogInit:      CURL_VERSION_IPV6
LogInit:      CURL_VERSION_ASYNCHDNS
LogInit:      CURL_VERSION_LARGEFILE
LogInit:      CURL_VERSION_IDN
LogInit:  CurlRequestOptions (configurable via config and command line):
LogInit:  - bVerifyPeer = true  - Libcurl will verify peer certificate
LogInit:  - bUseHttpProxy = false  - Libcurl will NOT use HTTP proxy
LogInit:  - bDontReuseConnections = false  - Libcurl will reuse connections
LogInit:  - MaxHostConnections = 16  - Libcurl will limit the number of connections to a host
LogInit:  - LocalHostAddr = Default
LogInit:  - BufferSize = 65536
LogOnline: OSS: Creating online subsystem instance for: NULL
LogInit: WinSock: version 1.1 (2.2), MaxSocks=32767, MaxUdp=65467
LogOnline: OSS: TryLoadSubsystemAndSetDefault: Loaded subsystem for module [NULL]
PixWinPlugin: PIX capture plugin failed to initialize! Check that the process is launched from PIX.
LogOculusPluginWrapper: OculusPlugin initialized successfully
LogHMD: Failed initializing OVRPlugin 1.59.0
LogInit: Build: ++UE4+Release-4.27-CL-18319896
LogInit: Engine Version: 4.27.2-18319896+++UE4+Release-4.27
LogInit: Compatible Engine Version: 4.27.0-17155196+++UE4+Release-4.27
LogInit: Net CL: 17155196
LogInit: OS: Windows 10 (Release 2009) (), CPU: Intel(R) Core(TM) i5-10300H CPU @ 2.50GHz, GPU: Intel(R) UHD Graphics
LogInit: Compiled (64-bit): Nov 30 2021 07:12:08
LogInit: Compiled with Visual C++: 19.24.28315.00
LogInit: Build Configuration: Development
LogInit: Branch Name: ++UE4+Release-4.27
LogInit: Command Line:  -skipcompile
LogInit: Base Directory: C:/Program Files/Epic Games/UE_4.27/Engine/Binaries/Win64/
LogInit: Allocator: TBB
LogInit: Installed Engine Build: 1
LogDevObjectVersion: Number of dev versions registered: 29
LogDevObjectVersion:   Dev-Blueprints (B0D832E4-1F89-4F0D-ACCF-7EB736FD4AA2): 10
LogDevObjectVersion:   Dev-Build (E1C64328-A22C-4D53-A36C-8E866417BD8C): 0
LogDevObjectVersion:   Dev-Core (375EC13C-06E4-48FB-B500-84F0262A717E): 4
LogDevObjectVersion:   Dev-Editor (E4B068ED-F494-42E9-A231-DA0B2E46BB41): 40
LogDevObjectVersion:   Dev-Framework (CFFC743F-43B0-4480-9391-14DF171D2073): 37
LogDevObjectVersion:   Dev-Mobile (B02B49B5-BB20-44E9-A304-32B752E40360): 3
LogDevObjectVersion:   Dev-Networking (A4E4105C-59A1-49B5-A7C5-40C4547EDFEE): 0
LogDevObjectVersion:   Dev-Online (39C831C9-5AE6-47DC-9A44-9C173E1C8E7C): 0
LogDevObjectVersion:   Dev-Physics (78F01B33-EBEA-4F98-B9B4-84EACCB95AA2): 14
LogDevObjectVersion:   Dev-Platform (6631380F-2D4D-43E0-8009-CF276956A95A): 0
LogDevObjectVersion:   Dev-Rendering (12F88B9F-8875-4AFC-A67C-D90C383ABD29): 45
LogDevObjectVersion:   Dev-Sequencer (7B5AE74C-D270-4C10-A958-57980B212A5A): 13
LogDevObjectVersion:   Dev-VR (D7296918-1DD6-4BDD-9DE2-64A83CC13884): 3
LogDevObjectVersion:   Dev-LoadTimes (C2A15278-BFE7-4AFE-6C17-90FF531DF755): 1
LogDevObjectVersion:   Private-Geometry (6EACA3D4-40EC-4CC1-B786-8BED09428FC5): 3
LogDevObjectVersion:   Dev-AnimPhys (29E575DD-E0A3-4627-9D10-D276232CDCEA): 17
LogDevObjectVersion:   Dev-Anim (AF43A65D-7FD3-4947-9873-3E8ED9C1BB05): 15
LogDevObjectVersion:   Dev-ReflectionCapture (6B266CEC-1EC7-4B8F-A30B-E4D90942FC07): 1
LogDevObjectVersion:   Dev-Automation (0DF73D61-A23F-47EA-B727-89E90C41499A): 1
LogDevObjectVersion:   FortniteMain (601D1886-AC64-4F84-AA16-D3DE0DEAC7D6): 47
LogDevObjectVersion:   FortniteRelease (E7086368-6B23-4C58-8439-1B7016265E91): 1
LogDevObjectVersion:   Dev-Enterprise (9DFFBCD6-494F-0158-E221-12823C92A888): 10
LogDevObjectVersion:   Dev-Niagara (F2AED0AC-9AFE-416F-8664-AA7FFA26D6FC): 1
LogDevObjectVersion:   Dev-Destruction (174F1F0B-B4C6-45A5-B13F-2EE8D0FB917D): 10
LogDevObjectVersion:   Dev-Physics-Ext (35F94A83-E258-406C-A318-09F59610247C): 41
LogDevObjectVersion:   Dev-PhysicsMaterial-Chaos (B68FC16E-8B1B-42E2-B453-215C058844FE): 1
LogDevObjectVersion:   Dev-CineCamera (B2E18506-4273-CFC2-A54E-F4BB758BBA07): 1
LogDevObjectVersion:   Dev-VirtualProduction (64F58936-FD1B-42BA-BA96-7289D5D0FA4E): 1
LogDevObjectVersion:   Dev-MediaFramework (6F0ED827-A609-4895-9C91-998D90180EA4): 2
LogInit: Presizing for max 25165824 objects, including 0 objects not considered by GC, pre-allocating 0 bytes for permanent pool.
LogConfig: Applying CVar settings from Section [/Script/Engine.StreamingSettings] File [C:/Users/dltkd/UE4_Study_MMO/UEStudyForMMO/Saved/Config/Windows/Engine.ini]
LogConfig: Setting CVar [[s.MinBulkDataSizeForAsyncLoading:131072]]
LogConfig: Setting CVar [[s.AsyncLoadingThreadEnabled:0]]
LogConfig: Setting CVar [[s.EventDrivenLoaderEnabled:1]]
LogConfig: Setting CVar [[s.WarnIfTimeLimitExceeded:0]]
LogConfig: Setting CVar [[s.TimeLimitExceededMultiplier:1.5]]
LogConfig: Setting CVar [[s.TimeLimitExceededMinTime:0.005]]
LogConfig: Setting CVar [[s.UseBackgroundLevelStreaming:1]]
LogConfig: Setting CVar [[s.PriorityAsyncLoadingExtraTime:15.0]]
LogConfig: Setting CVar [[s.LevelStreamingActorsUpdateTimeLimit:5.0]]
LogConfig: Setting CVar [[s.PriorityLevelStreamingActorsUpdateExtraTime:5.0]]
LogConfig: Setting CVar [[s.LevelStreamingComponentsRegistrationGranularity:10]]
LogConfig: Setting CVar [[s.UnregisterComponentsTimeLimit:1.0]]
LogConfig: Setting CVar [[s.LevelStreamingComponentsUnregistrationGranularity:5]]
LogConfig: Setting CVar [[s.FlushStreamingOnExit:1]]
LogInit: Object subsystem initialized
LogConfig: Setting CVar [[con.DebugEarlyDefault:1]]
LogConfig: Setting CVar [[r.setres:1280x720]]
[2022.06.24-03.31.06:503][  0]LogConfig: Setting CVar [[r.VSync:0]]
[2022.06.24-03.31.06:503][  0]LogConfig: Setting CVar [[r.RHICmdBypass:0]]
[2022.06.24-03.31.06:503][  0]LogConfig: Applying CVar settings from Section [/Script/Engine.RendererSettings] File [C:/Users/dltkd/UE4_Study_MMO/UEStudyForMMO/Saved/Config/Windows/Engine.ini]
[2022.06.24-03.31.06:503][  0]LogConfig: Setting CVar [[r.GPUCrashDebugging:0]]
[2022.06.24-03.31.06:503][  0]LogConfig: Applying CVar settings from Section [/Script/Engine.RendererOverrideSettings] File [C:/Users/dltkd/UE4_Study_MMO/UEStudyForMMO/Saved/Config/Windows/Engine.ini]
[2022.06.24-03.31.06:503][  0]LogConfig: Applying CVar settings from Section [/Script/Engine.StreamingSettings] File [C:/Users/dltkd/UE4_Study_MMO/UEStudyForMMO/Saved/Config/Windows/Engine.ini]
[2022.06.24-03.31.06:503][  0]LogConfig: Setting CVar [[s.MinBulkDataSizeForAsyncLoading:131072]]
[2022.06.24-03.31.06:503][  0]LogConfig: Setting CVar [[s.AsyncLoadingThreadEnabled:0]]
[2022.06.24-03.31.06:503][  0]LogConfig: Setting CVar [[s.EventDrivenLoaderEnabled:1]]
[2022.06.24-03.31.06:503][  0]LogConfig: Setting CVar [[s.WarnIfTimeLimitExceeded:0]]
[2022.06.24-03.31.06:503][  0]LogConfig: Setting CVar [[s.TimeLimitExceededMultiplier:1.5]]
[2022.06.24-03.31.06:503][  0]LogConfig: Setting CVar [[s.TimeLimitExceededMinTime:0.005]]
[2022.06.24-03.31.06:503][  0]LogConfig: Setting CVar [[s.UseBackgroundLevelStreaming:1]]
[2022.06.24-03.31.06:503][  0]LogConfig: Setting CVar [[s.PriorityAsyncLoadingExtraTime:15.0]]
[2022.06.24-03.31.06:503][  0]LogConfig: Setting CVar [[s.LevelStreamingActorsUpdateTimeLimit:5.0]]
[2022.06.24-03.31.06:503][  0]LogConfig: Setting CVar [[s.PriorityLevelStreamingActorsUpdateExtraTime:5.0]]
[2022.06.24-03.31.06:503][  0]LogConfig: Setting CVar [[s.LevelStreamingComponentsRegistrationGranularity:10]]
[2022.06.24-03.31.06:503][  0]LogConfig: Setting CVar [[s.UnregisterComponentsTimeLimit:1.0]]
[2022.06.24-03.31.06:503][  0]LogConfig: Setting CVar [[s.LevelStreamingComponentsUnregistrationGranularity:5]]
[2022.06.24-03.31.06:503][  0]LogConfig: Setting CVar [[s.FlushStreamingOnExit:1]]
[2022.06.24-03.31.06:503][  0]LogConfig: Applying CVar settings from Section [/Script/Engine.GarbageCollectionSettings] File [C:/Users/dltkd/UE4_Study_MMO/UEStudyForMMO/Saved/Config/Windows/Engine.ini]
[2022.06.24-03.31.06:503][  0]LogConfig: Setting CVar [[gc.MaxObjectsNotConsideredByGC:1]]
[2022.06.24-03.31.06:503][  0]LogConfig: Setting CVar [[gc.SizeOfPermanentObjectPool:0]]
[2022.06.24-03.31.06:503][  0]LogConfig: Setting CVar [[gc.FlushStreamingOnGC:0]]
[2022.06.24-03.31.06:503][  0]LogConfig: Setting CVar [[gc.NumRetriesBeforeForcingGC:10]]
[2022.06.24-03.31.06:503][  0]LogConfig: Setting CVar [[gc.AllowParallelGC:1]]
[2022.06.24-03.31.06:503][  0]LogConfig: Setting CVar [[gc.TimeBetweenPurgingPendingKillObjects:61.1]]
[2022.06.24-03.31.06:503][  0]LogConfig: Setting CVar [[gc.MaxObjectsInEditor:25165824]]
[2022.06.24-03.31.06:503][  0]LogConfig: Setting CVar [[gc.IncrementalBeginDestroyEnabled:1]]
[2022.06.24-03.31.06:503][  0]LogConfig: Setting CVar [[gc.CreateGCClusters:1]]
[2022.06.24-03.31.06:503][  0]LogConfig: Setting CVar [[gc.MinGCClusterSize:5]]
[2022.06.24-03.31.06:503][  0]LogConfig: Setting CVar [[gc.ActorClusteringEnabled:0]]
[2022.06.24-03.31.06:503][  0]LogConfig: Setting CVar [[gc.BlueprintClusteringEnabled:0]]
[2022.06.24-03.31.06:503][  0]LogConfig: Setting CVar [[gc.UseDisregardForGCOnDedicatedServers:0]]
[2022.06.24-03.31.06:503][  0]LogConfig: Setting CVar [[gc.MultithreadedDestructionEnabled:1]]
[2022.06.24-03.31.06:503][  0]LogConfig: Applying CVar settings from Section [/Script/Engine.NetworkSettings] File [C:/Users/dltkd/UE4_Study_MMO/UEStudyForMMO/Saved/Config/Windows/Engine.ini]
[2022.06.24-03.31.06:503][  0]LogConfig: Applying CVar settings from Section [/Script/UnrealEd.CookerSettings] File [C:/Users/dltkd/UE4_Study_MMO/UEStudyForMMO/Saved/Config/Windows/Engine.ini]
[2022.06.24-03.31.06:520][  0]LogConfig: Applying CVar settings from Section [ViewDistanceQuality@3] File [C:/Users/dltkd/UE4_Study_MMO/UEStudyForMMO/Saved/Config/Windows/Scalability.ini]
[2022.06.24-03.31.06:520][  0]LogConfig: Setting CVar [[r.SkeletalMeshLODBias:0]]
[2022.06.24-03.31.06:520][  0]LogConfig: Setting CVar [[r.ViewDistanceScale:1.0]]
[2022.06.24-03.31.06:520][  0]LogConfig: Applying CVar settings from Section [AntiAliasingQuality@3] File [C:/Users/dltkd/UE4_Study_MMO/UEStudyForMMO/Saved/Config/Windows/Scalability.ini]
[2022.06.24-03.31.06:520][  0]LogConfig: Setting CVar [[r.PostProcessAAQuality:4]]
[2022.06.24-03.31.06:520][  0]LogConfig: Applying CVar settings from Section [ShadowQuality@3] File [C:/Users/dltkd/UE4_Study_MMO/UEStudyForMMO/Saved/Config/Windows/Scalability.ini]
[2022.06.24-03.31.06:520][  0]LogConfig: Setting CVar [[r.LightFunctionQuality:1]]
[2022.06.24-03.31.06:520][  0]LogConfig: Setting CVar [[r.ShadowQuality:5]]
[2022.06.24-03.31.06:520][  0]LogConfig: Setting CVar [[r.Shadow.CSM.MaxCascades:10]]
[2022.06.24-03.31.06:520][  0]LogConfig: Setting CVar [[r.Shadow.MaxResolution:2048]]
[2022.06.24-03.31.06:520][  0]LogConfig: Setting CVar [[r.Shadow.MaxCSMResolution:2048]]
[2022.06.24-03.31.06:520][  0]LogConfig: Setting CVar [[r.Shadow.RadiusThreshold:0.01]]
[2022.06.24-03.31.06:520][  0]LogConfig: Setting CVar [[r.Shadow.DistanceScale:1.0]]
[2022.06.24-03.31.06:520][  0]LogConfig: Setting CVar [[r.Shadow.CSM.TransitionScale:1.0]]
[2022.06.24-03.31.06:520][  0]LogConfig: Setting CVar [[r.Shadow.PreShadowResolutionFactor:1.0]]
[2022.06.24-03.31.06:520][  0]LogConfig: Setting CVar [[r.DistanceFieldShadowing:1]]
[2022.06.24-03.31.06:520][  0]LogConfig: Setting CVar [[r.DistanceFieldAO:1]]
[2022.06.24-03.31.06:520][  0]LogConfig: Setting CVar [[r.AOQuality:2]]
[2022.06.24-03.31.06:520][  0]LogConfig: Setting CVar [[r.VolumetricFog:1]]
[2022.06.24-03.31.06:520][  0]LogConfig: Setting CVar [[r.VolumetricFog.GridPixelSize:8]]
[2022.06.24-03.31.06:520][  0]LogConfig: Setting CVar [[r.VolumetricFog.GridSizeZ:128]]
[2022.06.24-03.31.06:520][  0]LogConfig: Setting CVar [[r.VolumetricFog.HistoryMissSupersampleCount:4]]
[2022.06.24-03.31.06:520][  0]LogConfig: Setting CVar [[r.LightMaxDrawDistanceScale:1]]
[2022.06.24-03.31.06:520][  0]LogConfig: Setting CVar [[r.CapsuleShadows:1]]
[2022.06.24-03.31.06:520][  0]LogConfig: Applying CVar settings from Section [PostProcessQuality@3] File [C:/Users/dltkd/UE4_Study_MMO/UEStudyForMMO/Saved/Config/Windows/Scalability.ini]
[2022.06.24-03.31.06:520][  0]LogConfig: Setting CVar [[r.MotionBlurQuality:4]]
[2022.06.24-03.31.06:520][  0]LogConfig: Setting CVar [[r.AmbientOcclusionMipLevelFactor:0.4]]
[2022.06.24-03.31.06:520][  0]LogConfig: Setting CVar [[r.AmbientOcclusionMaxQuality:100]]
[2022.06.24-03.31.06:520][  0]LogConfig: Setting CVar [[r.AmbientOcclusionLevels:-1]]
[2022.06.24-03.31.06:520][  0]LogConfig: Setting CVar [[r.AmbientOcclusionRadiusScale:1.0]]
[2022.06.24-03.31.06:520][  0]LogConfig: Setting CVar [[r.DepthOfFieldQuality:2]]
[2022.06.24-03.31.06:520][  0]LogConfig: Setting CVar [[r.RenderTargetPoolMin:400]]
[2022.06.24-03.31.06:520][  0]LogConfig: Setting CVar [[r.LensFlareQuality:2]]
[2022.06.24-03.31.06:520][  0]LogConfig: Setting CVar [[r.SceneColorFringeQuality:1]]
[2022.06.24-03.31.06:520][  0]LogConfig: Setting CVar [[r.EyeAdaptationQuality:2]]
[2022.06.24-03.31.06:520][  0]LogConfig: Setting CVar [[r.BloomQuality:5]]
[2022.06.24-03.31.06:520][  0]LogConfig: Setting CVar [[r.FastBlurThreshold:100]]
[2022.06.24-03.31.06:520][  0]LogConfig: Setting CVar [[r.Upscale.Quality:3]]
[2022.06.24-03.31.06:520][  0]LogConfig: Setting CVar [[r.Tonemapper.GrainQuantization:1]]
[2022.06.24-03.31.06:520][  0]LogConfig: Setting CVar [[r.LightShaftQuality:1]]
[2022.06.24-03.31.06:520][  0]LogConfig: Setting CVar [[r.Filter.SizeScale:1]]
[2022.06.24-03.31.06:520][  0]LogConfig: Setting CVar [[r.Tonemapper.Quality:5]]
[2022.06.24-03.31.06:520][  0]LogConfig: Setting CVar [[r.DOF.Gather.AccumulatorQuality:1        ; higher gathering accumulator quality]]
[2022.06.24-03.31.06:520][  0]LogConfig: Setting CVar [[r.DOF.Gather.PostfilterMethod:1          ; Median3x3 postfilering method]]
[2022.06.24-03.31.06:520][  0]LogConfig: Setting CVar [[r.DOF.Gather.EnableBokehSettings:0       ; no bokeh simulation when gathering]]
[2022.06.24-03.31.06:520][  0]LogConfig: Setting CVar [[r.DOF.Gather.RingCount:4                 ; medium number of samples when gathering]]
[2022.06.24-03.31.06:520][  0]LogConfig: Setting CVar [[r.DOF.Scatter.ForegroundCompositing:1    ; additive foreground scattering]]
[2022.06.24-03.31.06:520][  0]LogConfig: Setting CVar [[r.DOF.Scatter.BackgroundCompositing:2    ; additive background scattering]]
[2022.06.24-03.31.06:520][  0]LogConfig: Setting CVar [[r.DOF.Scatter.EnableBokehSettings:1      ; bokeh simulation when scattering]]
[2022.06.24-03.31.06:520][  0]LogConfig: Setting CVar [[r.DOF.Scatter.MaxSpriteRatio:0.1         ; only a maximum of 10% of scattered bokeh]]
[2022.06.24-03.31.06:520][  0]LogConfig: Setting CVar [[r.DOF.Recombine.Quality:1                ; cheap slight out of focus]]
[2022.06.24-03.31.06:520][  0]LogConfig: Setting CVar [[r.DOF.Recombine.EnableBokehSettings:0    ; no bokeh simulation on slight out of focus]]
[2022.06.24-03.31.06:520][  0]LogConfig: Setting CVar [[r.DOF.TemporalAAQuality:1                ; more stable temporal accumulation]]
[2022.06.24-03.31.06:520][  0]LogConfig: Setting CVar [[r.DOF.Kernel.MaxForegroundRadius:0.025]]
[2022.06.24-03.31.06:520][  0]LogConfig: Setting CVar [[r.DOF.Kernel.MaxBackgroundRadius:0.025]]
[2022.06.24-03.31.06:520][  0]LogConfig: Applying CVar settings from Section [TextureQuality@3] File [C:/Users/dltkd/UE4_Study_MMO/UEStudyForMMO/Saved/Config/Windows/Scalability.ini]
[2022.06.24-03.31.06:520][  0]LogConfig: Setting CVar [[r.Streaming.MipBias:0]]
[2022.06.24-03.31.06:520][  0]LogConfig: Setting CVar [[r.Streaming.AmortizeCPUToGPUCopy:0]]
[2022.06.24-03.31.06:520][  0]LogConfig: Setting CVar [[r.Streaming.MaxNumTexturesToStreamPerFrame:0]]
[2022.06.24-03.31.06:520][  0]LogConfig: Setting CVar [[r.Streaming.Boost:1]]
[2022.06.24-03.31.06:520][  0]LogConfig: Setting CVar [[r.MaxAnisotropy:8]]
[2022.06.24-03.31.06:520][  0]LogConfig: Setting CVar [[r.VT.MaxAnisotropy:8]]
[2022.06.24-03.31.06:520][  0]LogConfig: Setting CVar [[r.Streaming.LimitPoolSizeToVRAM:0]]
[2022.06.24-03.31.06:520][  0]LogConfig: Setting CVar [[r.Streaming.PoolSize:1000]]
[2022.06.24-03.31.06:520][  0]LogConfig: Setting CVar [[r.Streaming.MaxEffectiveScreenSize:0]]
[2022.06.24-03.31.06:520][  0]LogConfig: Applying CVar settings from Section [EffectsQuality@3] File [C:/Users/dltkd/UE4_Study_MMO/UEStudyForMMO/Saved/Config/Windows/Scalability.ini]
[2022.06.24-03.31.06:520][  0]LogConfig: Setting CVar [[r.TranslucencyLightingVolumeDim:64]]
[2022.06.24-03.31.06:520][  0]LogConfig: Setting CVar [[r.RefractionQuality:2]]
[2022.06.24-03.31.06:520][  0]LogConfig: Setting CVar [[r.SSR.Quality:3]]
[2022.06.24-03.31.06:520][  0]LogConfig: Setting CVar [[r.SSR.HalfResSceneColor:0]]
[2022.06.24-03.31.06:520][  0]LogConfig: Setting CVar [[r.SceneColorFormat:4]]
[2022.06.24-03.31.06:520][  0]LogConfig: Setting CVar [[r.DetailMode:2]]
[2022.06.24-03.31.06:520][  0]LogConfig: Setting CVar [[r.TranslucencyVolumeBlur:1]]
[2022.06.24-03.31.06:520][  0]LogConfig: Setting CVar [[r.MaterialQualityLevel:1 ; High quality]]
[2022.06.24-03.31.06:520][  0]LogConfig: Setting CVar [[r.AnisotropicMaterials:1]]
[2022.06.24-03.31.06:520][  0]LogConfig: Setting CVar [[r.SSS.Scale:1]]
[2022.06.24-03.31.06:520][  0]LogConfig: Setting CVar [[r.SSS.SampleSet:2]]
[2022.06.24-03.31.06:520][  0]LogConfig: Setting CVar [[r.SSS.Quality:1]]
[2022.06.24-03.31.06:520][  0]LogConfig: Setting CVar [[r.SSS.HalfRes:0]]
[2022.06.24-03.31.06:520][  0]LogConfig: Setting CVar [[r.SSGI.Quality:3]]
[2022.06.24-03.31.06:520][  0]LogConfig: Setting CVar [[r.EmitterSpawnRateScale:1.0]]
[2022.06.24-03.31.06:520][  0]LogConfig: Setting CVar [[r.ParticleLightQuality:2]]
[2022.06.24-03.31.06:520][  0]LogConfig: Setting CVar [[r.SkyAtmosphere.AerialPerspectiveLUT.FastApplyOnOpaque:1 ; Always have FastSkyLUT 1 in this case to avoid wrong sky]]
[2022.06.24-03.31.06:520][  0]LogConfig: Setting CVar [[r.SkyAtmosphere.AerialPerspectiveLUT.SampleCountMaxPerSlice:4]]
[2022.06.24-03.31.06:520][  0]LogConfig: Setting CVar [[r.SkyAtmosphere.AerialPerspectiveLUT.DepthResolution:16.0]]
[2022.06.24-03.31.06:520][  0]LogConfig: Setting CVar [[r.SkyAtmosphere.FastSkyLUT:1]]
[2022.06.24-03.31.06:520][  0]LogConfig: Setting CVar [[r.SkyAtmosphere.FastSkyLUT.SampleCountMin:4.0]]
[2022.06.24-03.31.06:520][  0]LogConfig: Setting CVar [[r.SkyAtmosphere.FastSkyLUT.SampleCountMax:128.0]]
[2022.06.24-03.31.06:520][  0]LogConfig: Setting CVar [[r.SkyAtmosphere.SampleCountMin:4.0]]
[2022.06.24-03.31.06:520][  0]LogConfig: Setting CVar [[r.SkyAtmosphere.SampleCountMax:128.0]]
[2022.06.24-03.31.06:520][  0]LogConfig: Setting CVar [[r.SkyAtmosphere.TransmittanceLUT.UseSmallFormat:0]]
[2022.06.24-03.31.06:520][  0]LogConfig: Setting CVar [[r.SkyAtmosphere.TransmittanceLUT.SampleCount:10.0]]
[2022.06.24-03.31.06:520][  0]LogConfig: Setting CVar [[r.SkyAtmosphere.MultiScatteringLUT.SampleCount:15.0]]
[2022.06.24-03.31.06:520][  0]LogConfig: Setting CVar [[r.SkyLight.RealTimeReflectionCapture:1]]
[2022.06.24-03.31.06:520][  0]LogConfig: Applying CVar settings from Section [FoliageQuality@3] File [C:/Users/dltkd/UE4_Study_MMO/UEStudyForMMO/Saved/Config/Windows/Scalability.ini]
[2022.06.24-03.31.06:520][  0]LogConfig: Setting CVar [[foliage.DensityScale:1.0]]
[2022.06.24-03.31.06:520][  0]LogConfig: Setting CVar [[grass.DensityScale:1.0]]
[2022.06.24-03.31.06:520][  0]LogConfig: Applying CVar settings from Section [ShadingQuality@3] File [C:/Users/dltkd/UE4_Study_MMO/UEStudyForMMO/Saved/Config/Windows/Scalability.ini]
[2022.06.24-03.31.06:521][  0]LogConfig: Setting CVar [[r.HairStrands.SkyLighting.IntegrationType:2]]
[2022.06.24-03.31.06:521][  0]LogConfig: Setting CVar [[r.HairStrands.SkyAO.SampleCount:4]]
[2022.06.24-03.31.06:521][  0]LogConfig: Setting CVar [[r.HairStrands.Visibility.MSAA.SamplePerPixel:4]]
[2022.06.24-03.31.06:521][  0]LogInit: Selected Device Profile: [Windows]
[2022.06.24-03.31.06:521][  0]LogInit: Applying CVar settings loaded from the selected device profile: [Windows]
[2022.06.24-03.31.06:521][  0]LogHAL: Display: Platform has ~ 8 GB [8403214336 / 8589934592 / 8], which maps to Default [LargestMinGB=32, LargerMinGB=12, DefaultMinGB=8, SmallerMinGB=6, SmallestMinGB=0)
[2022.06.24-03.31.06:521][  0]LogInit: Going up to parent DeviceProfile []
[2022.06.24-03.31.06:521][  0]LogConfig: Applying CVar settings from Section [ViewDistanceQuality@3] File [C:/Users/dltkd/UE4_Study_MMO/UEStudyForMMO/Saved/Config/Windows/Scalability.ini]
[2022.06.24-03.31.06:521][  0]LogConfig: Setting CVar [[r.SkeletalMeshLODBias:0]]
[2022.06.24-03.31.06:521][  0]LogConfig: Setting CVar [[r.ViewDistanceScale:1.0]]
[2022.06.24-03.31.06:521][  0]LogConfig: Applying CVar settings from Section [AntiAliasingQuality@3] File [C:/Users/dltkd/UE4_Study_MMO/UEStudyForMMO/Saved/Config/Windows/Scalability.ini]
[2022.06.24-03.31.06:521][  0]LogConfig: Setting CVar [[r.PostProcessAAQuality:4]]
[2022.06.24-03.31.06:521][  0]LogConfig: Applying CVar settings from Section [ShadowQuality@3] File [C:/Users/dltkd/UE4_Study_MMO/UEStudyForMMO/Saved/Config/Windows/Scalability.ini]
[2022.06.24-03.31.06:521][  0]LogConfig: Setting CVar [[r.LightFunctionQuality:1]]
[2022.06.24-03.31.06:521][  0]LogConfig: Setting CVar [[r.ShadowQuality:5]]
[2022.06.24-03.31.06:521][  0]LogConfig: Setting CVar [[r.Shadow.CSM.MaxCascades:10]]
[2022.06.24-03.31.06:521][  0]LogConfig: Setting CVar [[r.Shadow.MaxResolution:2048]]
[2022.06.24-03.31.06:521][  0]LogConfig: Setting CVar [[r.Shadow.MaxCSMResolution:2048]]
[2022.06.24-03.31.06:521][  0]LogConfig: Setting CVar [[r.Shadow.RadiusThreshold:0.01]]
[2022.06.24-03.31.06:521][  0]LogConfig: Setting CVar [[r.Shadow.DistanceScale:1.0]]
[2022.06.24-03.31.06:521][  0]LogConfig: Setting CVar [[r.Shadow.CSM.TransitionScale:1.0]]
[2022.06.24-03.31.06:521][  0]LogConfig: Setting CVar [[r.Shadow.PreShadowResolutionFactor:1.0]]
[2022.06.24-03.31.06:521][  0]LogConfig: Setting CVar [[r.DistanceFieldShadowing:1]]
[2022.06.24-03.31.06:521][  0]LogConfig: Setting CVar [[r.DistanceFieldAO:1]]
[2022.06.24-03.31.06:521][  0]LogConfig: Setting CVar [[r.AOQuality:2]]
[2022.06.24-03.31.06:521][  0]LogConfig: Setting CVar [[r.VolumetricFog:1]]
[2022.06.24-03.31.06:521][  0]LogConfig: Setting CVar [[r.VolumetricFog.GridPixelSize:8]]
[2022.06.24-03.31.06:521][  0]LogConfig: Setting CVar [[r.VolumetricFog.GridSizeZ:128]]
[2022.06.24-03.31.06:521][  0]LogConfig: Setting CVar [[r.VolumetricFog.HistoryMissSupersampleCount:4]]
[2022.06.24-03.31.06:521][  0]LogConfig: Setting CVar [[r.LightMaxDrawDistanceScale:1]]
[2022.06.24-03.31.06:521][  0]LogConfig: Setting CVar [[r.CapsuleShadows:1]]
[2022.06.24-03.31.06:521][  0]LogConfig: Applying CVar settings from Section [PostProcessQuality@3] File [C:/Users/dltkd/UE4_Study_MMO/UEStudyForMMO/Saved/Config/Windows/Scalability.ini]
[2022.06.24-03.31.06:521][  0]LogConfig: Setting CVar [[r.MotionBlurQuality:4]]
[2022.06.24-03.31.06:521][  0]LogConfig: Setting CVar [[r.AmbientOcclusionMipLevelFactor:0.4]]
[2022.06.24-03.31.06:521][  0]LogConfig: Setting CVar [[r.AmbientOcclusionMaxQuality:100]]
[2022.06.24-03.31.06:521][  0]LogConfig: Setting CVar [[r.AmbientOcclusionLevels:-1]]
[2022.06.24-03.31.06:521][  0]LogConfig: Setting CVar [[r.AmbientOcclusionRadiusScale:1.0]]
[2022.06.24-03.31.06:521][  0]LogConfig: Setting CVar [[r.DepthOfFieldQuality:2]]
[2022.06.24-03.31.06:521][  0]LogConfig: Setting CVar [[r.RenderTargetPoolMin:400]]
[2022.06.24-03.31.06:521][  0]LogConfig: Setting CVar [[r.LensFlareQuality:2]]
[2022.06.24-03.31.06:521][  0]LogConfig: Setting CVar [[r.SceneColorFringeQuality:1]]
[2022.06.24-03.31.06:521][  0]LogConfig: Setting CVar [[r.EyeAdaptationQuality:2]]
[2022.06.24-03.31.06:521][  0]LogConfig: Setting CVar [[r.BloomQuality:5]]
[2022.06.24-03.31.06:521][  0]LogConfig: Setting CVar [[r.FastBlurThreshold:100]]
[2022.06.24-03.31.06:521][  0]LogConfig: Setting CVar [[r.Upscale.Quality:3]]
[2022.06.24-03.31.06:521][  0]LogConfig: Setting CVar [[r.Tonemapper.GrainQuantization:1]]
[2022.06.24-03.31.06:521][  0]LogConfig: Setting CVar [[r.LightShaftQuality:1]]
[2022.06.24-03.31.06:521][  0]LogConfig: Setting CVar [[r.Filter.SizeScale:1]]
[2022.06.24-03.31.06:521][  0]LogConfig: Setting CVar [[r.Tonemapper.Quality:5]]
[2022.06.24-03.31.06:521][  0]LogConfig: Setting CVar [[r.DOF.Gather.AccumulatorQuality:1        ; higher gathering accumulator quality]]
[2022.06.24-03.31.06:521][  0]LogConfig: Setting CVar [[r.DOF.Gather.PostfilterMethod:1          ; Median3x3 postfilering method]]
[2022.06.24-03.31.06:521][  0]LogConfig: Setting CVar [[r.DOF.Gather.EnableBokehSettings:0       ; no bokeh simulation when gathering]]
[2022.06.24-03.31.06:521][  0]LogConfig: Setting CVar [[r.DOF.Gather.RingCount:4                 ; medium number of samples when gathering]]
[2022.06.24-03.31.06:521][  0]LogConfig: Setting CVar [[r.DOF.Scatter.ForegroundCompositing:1    ; additive foreground scattering]]
[2022.06.24-03.31.06:521][  0]LogConfig: Setting CVar [[r.DOF.Scatter.BackgroundCompositing:2    ; additive background scattering]]
[2022.06.24-03.31.06:521][  0]LogConfig: Setting CVar [[r.DOF.Scatter.EnableBokehSettings:1      ; bokeh simulation when scattering]]
[2022.06.24-03.31.06:521][  0]LogConfig: Setting CVar [[r.DOF.Scatter.MaxSpriteRatio:0.1         ; only a maximum of 10% of scattered bokeh]]
[2022.06.24-03.31.06:521][  0]LogConfig: Setting CVar [[r.DOF.Recombine.Quality:1                ; cheap slight out of focus]]
[2022.06.24-03.31.06:521][  0]LogConfig: Setting CVar [[r.DOF.Recombine.EnableBokehSettings:0    ; no bokeh simulation on slight out of focus]]
[2022.06.24-03.31.06:521][  0]LogConfig: Setting CVar [[r.DOF.TemporalAAQuality:1                ; more stable temporal accumulation]]
[2022.06.24-03.31.06:521][  0]LogConfig: Setting CVar [[r.DOF.Kernel.MaxForegroundRadius:0.025]]
[2022.06.24-03.31.06:521][  0]LogConfig: Setting CVar [[r.DOF.Kernel.MaxBackgroundRadius:0.025]]
[2022.06.24-03.31.06:521][  0]LogConfig: Applying CVar settings from Section [TextureQuality@3] File [C:/Users/dltkd/UE4_Study_MMO/UEStudyForMMO/Saved/Config/Windows/Scalability.ini]
[2022.06.24-03.31.06:521][  0]LogConfig: Setting CVar [[r.Streaming.MipBias:0]]
[2022.06.24-03.31.06:521][  0]LogConfig: Setting CVar [[r.Streaming.AmortizeCPUToGPUCopy:0]]
[2022.06.24-03.31.06:521][  0]LogConfig: Setting CVar [[r.Streaming.MaxNumTexturesToStreamPerFrame:0]]
[2022.06.24-03.31.06:521][  0]LogConfig: Setting CVar [[r.Streaming.Boost:1]]
[2022.06.24-03.31.06:521][  0]LogConfig: Setting CVar [[r.MaxAnisotropy:8]]
[2022.06.24-03.31.06:521][  0]LogConfig: Setting CVar [[r.VT.MaxAnisotropy:8]]
[2022.06.24-03.31.06:521][  0]LogConfig: Setting CVar [[r.Streaming.LimitPoolSizeToVRAM:0]]
[2022.06.24-03.31.06:521][  0]LogConfig: Setting CVar [[r.Streaming.PoolSize:1000]]
[2022.06.24-03.31.06:521][  0]LogConfig: Setting CVar [[r.Streaming.MaxEffectiveScreenSize:0]]
[2022.06.24-03.31.06:521][  0]LogConfig: Applying CVar settings from Section [EffectsQuality@3] File [C:/Users/dltkd/UE4_Study_MMO/UEStudyForMMO/Saved/Config/Windows/Scalability.ini]
[2022.06.24-03.31.06:521][  0]LogConfig: Setting CVar [[r.TranslucencyLightingVolumeDim:64]]
[2022.06.24-03.31.06:521][  0]LogConfig: Setting CVar [[r.RefractionQuality:2]]
[2022.06.24-03.31.06:521][  0]LogConfig: Setting CVar [[r.SSR.Quality:3]]
[2022.06.24-03.31.06:521][  0]LogConfig: Setting CVar [[r.SSR.HalfResSceneColor:0]]
[2022.06.24-03.31.06:521][  0]LogConfig: Setting CVar [[r.SceneColorFormat:4]]
[2022.06.24-03.31.06:521][  0]LogConfig: Setting CVar [[r.DetailMode:2]]
[2022.06.24-03.31.06:521][  0]LogConfig: Setting CVar [[r.TranslucencyVolumeBlur:1]]
[2022.06.24-03.31.06:521][  0]LogConfig: Setting CVar [[r.MaterialQualityLevel:1 ; High quality]]
[2022.06.24-03.31.06:521][  0]LogConfig: Setting CVar [[r.AnisotropicMaterials:1]]
[2022.06.24-03.31.06:521][  0]LogConfig: Setting CVar [[r.SSS.Scale:1]]
[2022.06.24-03.31.06:521][  0]LogConfig: Setting CVar [[r.SSS.SampleSet:2]]
[2022.06.24-03.31.06:521][  0]LogConfig: Setting CVar [[r.SSS.Quality:1]]
[2022.06.24-03.31.06:521][  0]LogConfig: Setting CVar [[r.SSS.HalfRes:0]]
[2022.06.24-03.31.06:521][  0]LogConfig: Setting CVar [[r.SSGI.Quality:3]]
[2022.06.24-03.31.06:521][  0]LogConfig: Setting CVar [[r.EmitterSpawnRateScale:1.0]]
[2022.06.24-03.31.06:521][  0]LogConfig: Setting CVar [[r.ParticleLightQuality:2]]
[2022.06.24-03.31.06:521][  0]LogConfig: Setting CVar [[r.SkyAtmosphere.AerialPerspectiveLUT.FastApplyOnOpaque:1 ; Always have FastSkyLUT 1 in this case to avoid wrong sky]]
[2022.06.24-03.31.06:521][  0]LogConfig: Setting CVar [[r.SkyAtmosphere.AerialPerspectiveLUT.SampleCountMaxPerSlice:4]]
[2022.06.24-03.31.06:521][  0]LogConfig: Setting CVar [[r.SkyAtmosphere.AerialPerspectiveLUT.DepthResolution:16.0]]
[2022.06.24-03.31.06:521][  0]LogConfig: Setting CVar [[r.SkyAtmosphere.FastSkyLUT:1]]
[2022.06.24-03.31.06:521][  0]LogConfig: Setting CVar [[r.SkyAtmosphere.FastSkyLUT.SampleCountMin:4.0]]
[2022.06.24-03.31.06:521][  0]LogConfig: Setting CVar [[r.SkyAtmosphere.FastSkyLUT.SampleCountMax:128.0]]
[2022.06.24-03.31.06:521][  0]LogConfig: Setting CVar [[r.SkyAtmosphere.SampleCountMin:4.0]]
[2022.06.24-03.31.06:521][  0]LogConfig: Setting CVar [[r.SkyAtmosphere.SampleCountMax:128.0]]
[2022.06.24-03.31.06:522][  0]LogConfig: Setting CVar [[r.SkyAtmosphere.TransmittanceLUT.UseSmallFormat:0]]
[2022.06.24-03.31.06:522][  0]LogConfig: Setting CVar [[r.SkyAtmosphere.TransmittanceLUT.SampleCount:10.0]]
[2022.06.24-03.31.06:522][  0]LogConfig: Setting CVar [[r.SkyAtmosphere.MultiScatteringLUT.SampleCount:15.0]]
[2022.06.24-03.31.06:522][  0]LogConfig: Setting CVar [[r.SkyLight.RealTimeReflectionCapture:1]]
[2022.06.24-03.31.06:522][  0]LogConfig: Applying CVar settings from Section [FoliageQuality@3] File [C:/Users/dltkd/UE4_Study_MMO/UEStudyForMMO/Saved/Config/Windows/Scalability.ini]
[2022.06.24-03.31.06:522][  0]LogConfig: Setting CVar [[foliage.DensityScale:1.0]]
[2022.06.24-03.31.06:522][  0]LogConfig: Setting CVar [[grass.DensityScale:1.0]]
[2022.06.24-03.31.06:522][  0]LogConfig: Applying CVar settings from Section [ShadingQuality@3] File [C:/Users/dltkd/UE4_Study_MMO/UEStudyForMMO/Saved/Config/Windows/Scalability.ini]
[2022.06.24-03.31.06:522][  0]LogConfig: Setting CVar [[r.HairStrands.SkyLighting.IntegrationType:2]]
[2022.06.24-03.31.06:522][  0]LogConfig: Setting CVar [[r.HairStrands.SkyAO.SampleCount:4]]
[2022.06.24-03.31.06:522][  0]LogConfig: Setting CVar [[r.HairStrands.Visibility.MSAA.SamplePerPixel:4]]
[2022.06.24-03.31.06:522][  0]LogConfig: Applying CVar settings from Section [Startup] File [../../../Engine/Config/ConsoleVariables.ini]
[2022.06.24-03.31.06:523][  0]LogConfig: Setting CVar [[net.UseAdaptiveNetUpdateFrequency:0]]
[2022.06.24-03.31.06:523][  0]LogConfig: Setting CVar [[p.chaos.AllowCreatePhysxBodies:1]]
[2022.06.24-03.31.06:523][  0]LogConfig: Setting CVar [[fx.SkipVectorVMBackendOptimizations:1]]
[2022.06.24-03.31.06:523][  0]LogConfig: Applying CVar settings from Section [ConsoleVariables] File [C:/Users/dltkd/UE4_Study_MMO/UEStudyForMMO/Saved/Config/Windows/Engine.ini]
[2022.06.24-03.31.06:523][  0]LogConfig: Applying CVar settings from Section [ConsoleVariables] File [C:/Users/dltkd/UE4_Study_MMO/UEStudyForMMO/Saved/Config/Windows/Editor.ini]
[2022.06.24-03.31.06:523][  0]LogInit: Computer: MSI
[2022.06.24-03.31.06:523][  0]LogInit: User: dltkd
[2022.06.24-03.31.06:523][  0]LogInit: CPU Page size=4096, Cores=4
[2022.06.24-03.31.06:523][  0]LogInit: High frequency timer resolution =10.000000 MHz
[2022.06.24-03.31.06:523][  0]LogMemory: Memory total: Physical=7.8GB (8GB approx)
[2022.06.24-03.31.06:523][  0]LogMemory: Platform Memory Stats for Windows
[2022.06.24-03.31.06:523][  0]LogMemory: Process Physical Memory: 144.99 MB used, 145.00 MB peak
[2022.06.24-03.31.06:523][  0]LogMemory: Process Virtual Memory: 114.56 MB used, 114.56 MB peak
[2022.06.24-03.31.06:523][  0]LogMemory: Physical Memory: 5224.03 MB used,  2789.90 MB free, 8013.93 MB total
[2022.06.24-03.31.06:523][  0]LogMemory: Virtual Memory: 134214504.00 MB used,  3227.42 MB free, 134217728.00 MB total
[2022.06.24-03.31.06:555][  0]LogWindows: WindowsPlatformFeatures enabled
[2022.06.24-03.31.06:663][  0]LogInit: Physics initialised using underlying interface: PhysX
[2022.06.24-03.31.06:665][  0]LogInit: Using OS detected language (ko-KR).
[2022.06.24-03.31.06:665][  0]LogInit: Using OS detected locale (ko-KR).
[2022.06.24-03.31.06:683][  0]LogTextLocalizationManager: No specific localization for 'ko-KR' exists, so the 'ko' localization will be used.
[2022.06.24-03.31.06:834][  0]LogInit: Setting process to per monitor DPI aware
[2022.06.24-03.31.06:873][  0]LogWindowsTextInputMethodSystem: Display: IME system deactivated.
[2022.06.24-03.31.06:887][  0]LogSlate: New Slate User Created.  User Index 0, Is Virtual User: 0
[2022.06.24-03.31.06:887][  0]LogSlate: Slate User Registered.  User Index 0, Is Virtual User: 0
[2022.06.24-03.31.07:336][  0]LogD3D11RHI: Loaded GFSDK_Aftermath_Lib.x64.dll
[2022.06.24-03.31.07:357][  0]LogHMD: Failed to initialize OpenVR with code 110
[2022.06.24-03.31.07:357][  0]LogD3D11RHI: D3D11 min allowed feature level: 11_0
[2022.06.24-03.31.07:357][  0]LogD3D11RHI: D3D11 max allowed feature level: 11_0
[2022.06.24-03.31.07:357][  0]LogD3D11RHI: D3D11 adapters:
[2022.06.24-03.31.07:878][  0]LogD3D11RHI:    0. 'NVIDIA GeForce GTX 1650 with Max-Q Design' (Feature Level 11_0)
[2022.06.24-03.31.07:878][  0]LogD3D11RHI:       3962/0/4006 MB DedicatedVideo/DedicatedSystem/SharedSystem, Outputs:1, VendorId:0x10de
[2022.06.24-03.31.07:920][  0]LogD3D11RHI:    1. 'Intel(R) UHD Graphics' (Feature Level 11_0)
[2022.06.24-03.31.07:920][  0]LogD3D11RHI:       128/0/4006 MB DedicatedVideo/DedicatedSystem/SharedSystem, Outputs:0, VendorId:0x8086
[2022.06.24-03.31.07:939][  0]LogD3D11RHI:    2. 'Microsoft Basic Render Driver' (Feature Level 11_0)
[2022.06.24-03.31.07:939][  0]LogD3D11RHI:       0/0/4006 MB DedicatedVideo/DedicatedSystem/SharedSystem, Outputs:0, VendorId:0x1414
[2022.06.24-03.31.07:939][  0]LogD3D11RHI: Chosen D3D11 Adapter:
[2022.06.24-03.31.07:939][  0]LogD3D11RHI:     Description : NVIDIA GeForce GTX 1650 with Max-Q Design
[2022.06.24-03.31.07:939][  0]LogD3D11RHI:     VendorId    : 10de
[2022.06.24-03.31.07:939][  0]LogD3D11RHI:     DeviceId    : 1f9d
[2022.06.24-03.31.07:939][  0]LogD3D11RHI:     SubSysId    : 12f41462
[2022.06.24-03.31.07:939][  0]LogD3D11RHI:     Revision    : 00a1
[2022.06.24-03.31.07:939][  0]LogD3D11RHI:     DedicatedVideoMemory : 4154458112 bytes
[2022.06.24-03.31.07:939][  0]LogD3D11RHI:     DedicatedSystemMemory : 0 bytes
[2022.06.24-03.31.07:939][  0]LogD3D11RHI:     SharedSystemMemory : 4201607168 bytes
[2022.06.24-03.31.07:939][  0]LogD3D11RHI:     AdapterLuid : 0 65133
[2022.06.24-03.31.07:945][  0]LogD3D11RHI: Creating new Direct3DDevice
[2022.06.24-03.31.07:945][  0]LogD3D11RHI:     GPU DeviceId: 0x1f9d (for the marketing name, search the web for "GPU Device Id")
[2022.06.24-03.31.07:945][  0]LogWindows: EnumDisplayDevices:
[2022.06.24-03.31.07:945][  0]LogWindows:    0. 'Intel(R) UHD Graphics' (P:1 D:1)
[2022.06.24-03.31.07:946][  0]LogWindows:    1. 'Intel(R) UHD Graphics' (P:0 D:0)
[2022.06.24-03.31.07:946][  0]LogWindows:    2. 'Intel(R) UHD Graphics' (P:0 D:0)
[2022.06.24-03.31.07:946][  0]LogWindows: DebugString: PrimaryIsNotTheChoosenAdapter PrimaryIsNotTheChoosenAdapter PrimaryIsNotTheChoosenAdapter FoundDriverCount:0 
[2022.06.24-03.31.07:946][  0]LogD3D11RHI:     Adapter Name: NVIDIA GeForce GTX 1650 with Max-Q Design
[2022.06.24-03.31.07:946][  0]LogD3D11RHI:   Driver Version: Unknown (internal:Unknown, unified:Unknown)
[2022.06.24-03.31.07:946][  0]LogD3D11RHI:      Driver Date: Unknown
[2022.06.24-03.31.07:946][  0]LogRHI: Texture pool is 2773 MB (70% of 3962 MB)
[2022.06.24-03.31.07:946][  0]LogD3D11RHI: Creating D3DDevice using adapter:
[2022.06.24-03.31.07:946][  0]LogD3D11RHI:     Description : NVIDIA GeForce GTX 1650 with Max-Q Design
[2022.06.24-03.31.07:946][  0]LogD3D11RHI:     VendorId    : 10de
[2022.06.24-03.31.07:946][  0]LogD3D11RHI:     DeviceId    : 1f9d
[2022.06.24-03.31.07:946][  0]LogD3D11RHI:     SubSysId    : 12f41462
[2022.06.24-03.31.07:947][  0]LogD3D11RHI:     Revision    : 00a1
[2022.06.24-03.31.07:947][  0]LogD3D11RHI:     DedicatedVideoMemory : 4154458112 bytes
[2022.06.24-03.31.07:947][  0]LogD3D11RHI:     DedicatedSystemMemory : 0 bytes
[2022.06.24-03.31.07:947][  0]LogD3D11RHI:     SharedSystemMemory : 4201607168 bytes
[2022.06.24-03.31.07:947][  0]LogD3D11RHI:     AdapterLuid : 0 65133
[2022.06.24-03.31.08:004][  0]LogD3D11RHI: RHI has support for 64 bit atomics
[2022.06.24-03.31.08:004][  0]LogD3D11RHI: Async texture creation enabled
[2022.06.24-03.31.08:004][  0]LogD3D11RHI: Array index from any shader is supported
[2022.06.24-03.31.08:022][  0]LogD3D11RHI: GPU Timing Frequency: 1000.000000 (Debug: 2 1)
[2022.06.24-03.31.08:083][  0]LogRHI: GeForceNow SDK initialized: 1
[2022.06.24-03.31.08:394][  0]LogTargetPlatformManager: Display: Loaded TargetPlatform 'AllDesktop'
[2022.06.24-03.31.08:456][  0]LogTargetPlatformManager: Display: Loaded TargetPlatform 'Android'
[2022.06.24-03.31.08:456][  0]LogTargetPlatformManager: Display: Loaded TargetPlatform 'Android_ASTC'
[2022.06.24-03.31.08:456][  0]LogTargetPlatformManager: Display: Loaded TargetPlatform 'Android_DXT'
[2022.06.24-03.31.08:456][  0]LogTargetPlatformManager: Display: Loaded TargetPlatform 'Android_ETC2'
[2022.06.24-03.31.08:456][  0]LogTargetPlatformManager: Display: Loaded TargetPlatform 'AndroidClient'
[2022.06.24-03.31.08:456][  0]LogTargetPlatformManager: Display: Loaded TargetPlatform 'Android_ASTCClient'
[2022.06.24-03.31.08:456][  0]LogTargetPlatformManager: Display: Loaded TargetPlatform 'Android_DXTClient'
[2022.06.24-03.31.08:456][  0]LogTargetPlatformManager: Display: Loaded TargetPlatform 'Android_ETC2Client'
[2022.06.24-03.31.08:456][  0]LogTargetPlatformManager: Display: Loaded TargetPlatform 'Android_Multi'
[2022.06.24-03.31.08:456][  0]LogTargetPlatformManager: Display: Loaded TargetPlatform 'Android_MultiClient'
[2022.06.24-03.31.08:485][  0]LogTargetPlatformManager: Display: Loaded TargetPlatform 'IOSClient'
[2022.06.24-03.31.08:485][  0]LogTargetPlatformManager: Display: Loaded TargetPlatform 'IOS'
[2022.06.24-03.31.08:499][  0]LogTargetPlatformManager: Display: Loaded TargetPlatform 'Linux'
[2022.06.24-03.31.08:505][  0]LogTargetPlatformManager: Display: Loaded TargetPlatform 'LinuxNoEditor'
[2022.06.24-03.31.08:512][  0]LogTargetPlatformManager: Display: Loaded TargetPlatform 'LinuxClient'
[2022.06.24-03.31.08:518][  0]LogTargetPlatformManager: Display: Loaded TargetPlatform 'LinuxServer'
[2022.06.24-03.31.08:532][  0]LogTargetPlatformManager: Display: Loaded TargetPlatform 'LinuxAArch64NoEditor'
[2022.06.24-03.31.08:538][  0]LogTargetPlatformManager: Display: Loaded TargetPlatform 'LinuxAArch64Client'
[2022.06.24-03.31.08:545][  0]LogTargetPlatformManager: Display: Loaded TargetPlatform 'LinuxAArch64Server'
[2022.06.24-03.31.08:576][  0]LogTargetPlatformManager: Display: Loaded TargetPlatform 'Lumin'
[2022.06.24-03.31.08:576][  0]LogTargetPlatformManager: Display: Loaded TargetPlatform 'LuminClient'
[2022.06.24-03.31.08:587][  0]LogTargetPlatformManager: Display: Loaded TargetPlatform 'MacNoEditor'
[2022.06.24-03.31.08:594][  0]LogTargetPlatformManager: Display: Loaded TargetPlatform 'Mac'
[2022.06.24-03.31.08:600][  0]LogTargetPlatformManager: Display: Loaded TargetPlatform 'MacClient'
[2022.06.24-03.31.08:606][  0]LogTargetPlatformManager: Display: Loaded TargetPlatform 'MacServer'
[2022.06.24-03.31.08:618][  0]LogTargetPlatformManager: Display: Loaded TargetPlatform 'TVOSClient'
[2022.06.24-03.31.08:619][  0]LogTargetPlatformManager: Display: Loaded TargetPlatform 'TVOS'
[2022.06.24-03.31.08:630][  0]LogTargetPlatformManager: Display: Loaded TargetPlatform 'WindowsNoEditor'
[2022.06.24-03.31.08:636][  0]LogTargetPlatformManager: Display: Loaded TargetPlatform 'Windows'
[2022.06.24-03.31.08:642][  0]LogTargetPlatformManager: Display: Loaded TargetPlatform 'WindowsClient'
[2022.06.24-03.31.08:648][  0]LogTargetPlatformManager: Display: Loaded TargetPlatform 'WindowsServer'
[2022.06.24-03.31.08:648][  0]LogTargetPlatformManager: Display: Building Assets For Windows
[2022.06.24-03.31.08:662][  0]LogAudioDebug: Display: Lib vorbis DLL was dynamically loaded.
[2022.06.24-03.31.08:728][  0]LogTextureFormatOodle: Display: Oodle Texture 2.9.0 init RDO Off
[2022.06.24-03.31.08:797][  0]LogRendererCore: Ray tracing is disabled. Reason: r.RayTracing=0.
[2022.06.24-03.31.08:797][  0]LogShaderCompilers: Guid format shader working directory is -12 characters bigger than the processId version (../../../../../../Users/dltkd/UE4_Study_MMO/UEStudyForMMO/Intermediate/Shaders/WorkingDirectory/15692/).
[2022.06.24-03.31.08:797][  0]LogShaderCompilers: Cleaned the shader compiler working directory 'C:/Users/dltkd/AppData/Local/Temp/UnrealShaderWorkingDir/58FCA11B46F290E4CF28F1B7D08C92BA/'.
[2022.06.24-03.31.08:797][  0]LogXGEController: Cannot use XGE Controller as Incredibuild is not installed on this machine.
[2022.06.24-03.31.08:798][  0]LogShaderCompilers: Cannot use XGE Shader Compiler as Incredibuild is not installed on this machine.
[2022.06.24-03.31.08:798][  0]LogShaderCompilers: Display: Using Local Shader Compiler.
[2022.06.24-03.31.09:667][  0]LogDerivedDataCache: Display: Max Cache Size: 512 MB
[2022.06.24-03.31.09:753][  0]LogDerivedDataCache: Loaded boot cache 0.09s 95MB C:/Users/dltkd/AppData/Local/UnrealEngine/4.27/DerivedDataCache/Boot.ddc.
[2022.06.24-03.31.09:753][  0]LogDerivedDataCache: Display: Loaded Boot cache: C:/Users/dltkd/AppData/Local/UnrealEngine/4.27/DerivedDataCache/Boot.ddc
[2022.06.24-03.31.09:753][  0]LogDerivedDataCache: FDerivedDataBackendGraph:  Pak pak cache file ../../../../../../Users/dltkd/UE4_Study_MMO/UEStudyForMMO/DerivedDataCache/DDC.ddp not found, will not use a pak cache.
[2022.06.24-03.31.09:753][  0]LogDerivedDataCache: Unable to find inner node Pak for hierarchical cache Hierarchy.
[2022.06.24-03.31.09:753][  0]LogDerivedDataCache: FDerivedDataBackendGraph:  CompressedPak pak cache file ../../../../../../Users/dltkd/UE4_Study_MMO/UEStudyForMMO/DerivedDataCache/Compressed.ddp not found, will not use a pak cache.
[2022.06.24-03.31.09:753][  0]LogDerivedDataCache: Unable to find inner node CompressedPak for hierarchical cache Hierarchy.
[2022.06.24-03.31.09:770][  0]LogDerivedDataCache: Display: Pak cache opened for reading ../../../Engine/DerivedDataCache/Compressed.ddp.
[2022.06.24-03.31.09:770][  0]LogDerivedDataCache: FDerivedDataBackendGraph:  EnterprisePak pak cache file ../../../Enterprise/DerivedDataCache/Compressed.ddp not found, will not use a pak cache.
[2022.06.24-03.31.09:770][  0]LogDerivedDataCache: Unable to find inner node EnterprisePak for hierarchical cache Hierarchy.
[2022.06.24-03.31.09:793][  0]LogDerivedDataCache: Speed tests for C:/Users/dltkd/AppData/Local/UnrealEngine/Common/DerivedDataCache took 0.02 seconds
[2022.06.24-03.31.09:793][  0]LogDerivedDataCache: Display: Performance to C:/Users/dltkd/AppData/Local/UnrealEngine/Common/DerivedDataCache: Latency=0.09ms. RandomReadSpeed=68.31MBs, RandomWriteSpeed=111.10MBs. Assigned SpeedClass 'Local'
[2022.06.24-03.31.09:794][  0]LogDerivedDataCache: Using Local data cache path C:/Users/dltkd/AppData/Local/UnrealEngine/Common/DerivedDataCache: Writable
[2022.06.24-03.31.09:794][  0]LogDerivedDataCache: Shared data cache path not found in *engine.ini, will not use an Shared cache.
[2022.06.24-03.31.09:794][  0]LogDerivedDataCache: Unable to find inner node Shared for hierarchical cache Hierarchy.
[2022.06.24-03.31.09:836][  0]LogSlate: Using FreeType 2.10.0
[2022.06.24-03.31.09:837][  0]LogSlate: SlateFontServices - WITH_FREETYPE: 1, WITH_HARFBUZZ: 1
[2022.06.24-03.31.09:871][  0]LogAssetRegistry: FAssetRegistry took 0.0031 seconds to start up
[2022.06.24-03.31.10:094][  0]LogInit: Selected Device Profile: [Windows]
[2022.06.24-03.31.10:094][  0]LogInit: Active device profile: [00000157A46DBA00][0000015795332A00 49] Windows
[2022.06.24-03.31.10:094][  0]LogInit: Profiles: [00000157A46DBA00][0000015795332A00 49] Windows, [00000157A46E0800][0000015795336B40 49] WindowsNoEditor, [00000157A46D8800][000001579AC36CC0 49] WindowsServer, [00000157A46E2F00][000001579AC3AE40 49] WindowsClient, [00000157A46DAF00][000001579AC3EFC0 49] IOS, [00000157A46E1300][000001579AC43140 49] iPadAir, [00000157A46D9200][000001579AC472C0 49] iPadAir2, [00000157A5587B00][0000015797719580 49] IPadPro, [00000157A5587C00][00000157977155C0 49] iPadAir3, [00000157A46DB000][000001579771D740 49] iPadAir4, [00000157A5584D00][00000157977218C0 49] iPadMini2, [00000157A46DB100][0000015797725A40 49] iPadMini3, [00000157A5586A00][0000015797729BC0 49] iPadMini4, [00000157A46D9300][000001579772C1C0 49] iPadMini5, [00000157A55C3400][0000015797734480 49] iPhone6, [00000157A55C3500][00000157977304C0 49] iPodTouch6, [00000157A5586100][000001579773C780 49] iPhone7, [00000157A5586200][00000157977387C0 49] iPodTouch7, [00000157A55C0C00][0000015797740940 49] iPhone5S, [00000157A5585400][000001579533AA80 49] iPhone6Plus, [00000157A55C2B00][0000015797744BC0 49] iPhone6S, [00000157A5585900][0000015797748D00 49] iPhone6SPlus, [00000157A55C3F00][00000157A111AE80 49] iPhone7Plus, [00000157A5585F00][00000157A111F000 49] iPhoneSE, [00000157A55C0D00][00000157A1123180 49] iPhone8, [00000157A5585B00][00000157A1127300 49] iPhone8Plus, [00000157A55C2900][00000157A112B480 49] iPhoneX, [00000157A5587600][00000157A112F600 49] iPhoneXS, [00000157A55C0500][00000157A1133780 49] iPhoneXSMax, [00000157A5587900][00000157A1137900 49] iPhoneXR, [00000157A55C1400][00000157A113BA80 49] iPhone11, [00000157A5584A00][00000157A113FC00 49] iPhone11Pro, [00000157A55C1200][00000157A1142200 49] iPhone11ProMax, [00000157A5584100][00000157A1146380 49] iPhoneSE2, [00000157A55C0600][00000157A114A500 49] iPhone12Mini, [00000157A5585600][00000157A114E680 49] iPhone12, [00000157A55C0E00][00000157A1152800 49] iPhone12Pro, [00000157A5587500][00000157A1156980 49] iPhone12ProMax, [00000157A55C2E00][00000157A459EB00 49] iPadPro105, [00000157A5585200][000001579774CC40 49] iPadPro129, [00000157A55C3100][00000157A45A2D80 49] iPadPro97, [00000157A5586D00][00000157A45A6EC0 49] iPadPro2_129, [00000157A55C2300][00000157A45AF040 49] iPad5, [00000157A5586700][00000157A45B31C0 49] iPad6, [00000157A55C1A00][00000157A45B7340 49] iPad7, [00000157A5587400][00000157A45BB4C0 49] iPad8, [00000157A55C3700][00000157A45BF640 49] iPadPro11, [00000157A5586400][00000157A45C37C0 49] iPadPro2_11, [00000157A55C0900][00000157A45C7940 49] iPadPro3_129, [00000157A5586900][00000157A45CBAC0 49] iPadPro4_129, [00000157A55C3300][00000157A45CE0C0 49] AppleTV, [00000157A5587E00][00000157A45D2240 49] AppleTV4K, [00000157A55C1000][00000157A45D63C0 49] TVOS, [00000157A5587800][00000157A45DA540 49] Mac, [00000157A55C2000][00000157A45DE6C0 49] MacClient, [00000157A5587000][00000157A45E2840 49] MacNoEditor, [00000157A55C0400][00000157A45E69C0 49] MacServer, [00000157A5584700][00000157A45EAB40 49] Linux, [00000157A55C1500][00000157A45EECC0 49] LinuxAArch64, [00000157A5586600][00000157A45AAE00 49] LinuxNoEditor, [00000157A46E2700][00000157A45F2F40 49] LinuxAArch64NoEditor, [00000157A4755400][00000157A45F7080 49] LinuxClient, [00000157A46E2500][00000157A45FB1C0 49] LinuxAArch64Client, [00000157A4756F00][00000157A4603340 49] LinuxServer, [00000157A46E1A00][00000157A46074C0 49] LinuxAArch64Server, [00000157A4754900][00000157A460B640 49] Android, [00000157A46E0F00][00000157A460F7C0 49] Android_Low, [00000157A4755F00][00000157A4613940 49] Android_Mid, [00000157A46E2A00][00000157A4617AC0 49] Android_High, [00000157A4756300][00000157A461A0C0 49] Android_Default, [00000157A46E3100][00000157A461E240 49] Android_Adreno4xx, [00000157A4756200][00000157A46223C0 49] Android_Adreno5xx_Low, [00000157A46E3900][00000157A4626540 49] Android_Adreno5xx, [00000157A4755A00][00000157A462A6C0 49] Android_Adreno6xx, [00000157A46E3F00][00000157A462E840 49] Android_Adreno6xx_Vulkan, [00000157A4755600][00000157A46329C0 49] Android_Mali_T6xx, [00000157A46E2400][00000157A4636B40 49] Android_Mali_T7xx, [00000157A4754B00][00000157A463ACC0 49] Android_Mali_T8xx, [00000157A46E0400][00000157A463EE40 49] Android_Mali_G71, [00000157A4754D00][00000157A45FEF80 49] Android_Mali_G72, [00000157A46E2900][00000157A46430C0 49] Android_Mali_G72_Vulkan, [00000157A4754500][00000157A4647200 49] Android_Mali_G76, [00000157A46E0700][00000157A464B340 49] Android_Mali_G76_Vulkan, [00000157A4755500][00000157A56654C0 49] Android_Mali_G77, [00000157A5587D00][00000157A5669640 49] Android_Mali_G77_Vulkan, [00000157A4756E00][00000157A566D7C0 49] Android_Mali_G78, [00000157A5584400][00000157A5671940 49] Android_Mali_G78_Vulkan, [00000157A4755300][00000157A5675AC0 49] Android_Mali_G710, [00000157A5584C00][00000157A56780C0 49] Android_Mali_G710_Vulkan, [00000157A4754A00][00000157A567C240 49] Android_Vulkan_SM5, [00000157A5586000][00000157A56803C0 49] Android_PowerVR_G6xxx, [00000157A4754600][00000157A5684540 49] Android_PowerVR_GT7xxx, [00000157A5587100][00000157A56886C0 49] Android_PowerVR_GE8xxx, [00000157A4756100][00000157A568C840 49] Android_PowerVR_GM9xxx, [00000157A5587200][00000157A56909C0 49] Android_PowerVR_GM9xxx_Vulkan, [00000157A4757300][00000157A5694B40 49] Android_TegraK1, [00000157A5585800][00000157A5698CC0 49] Android_Unknown_Vulkan, [00000157A4756500][00000157A569CE40 49] Lumin, [00000157A5585000][00000157A56A0FC0 49] Lumin_Desktop, [00000157A4755B00][00000157A56A5140 49] HoloLens, 
[2022.06.24-03.31.10:236][  0]LogMeshReduction: Using QuadricMeshReduction for automatic static mesh reduction
[2022.06.24-03.31.10:236][  0]LogMeshReduction: Using SimplygonMeshReduction for automatic skeletal mesh reduction
[2022.06.24-03.31.10:236][  0]LogMeshReduction: Using ProxyLODMeshReduction for automatic mesh merging
[2022.06.24-03.31.10:236][  0]LogMeshReduction: No distributed automatic mesh merging module available
[2022.06.24-03.31.10:236][  0]LogMeshMerging: No distributed automatic mesh merging module available
[2022.06.24-03.31.10:256][  0]LogNetVersion: UEStudyForMMO 1.0.0, NetCL: 17155196, EngineNetVer: 17, GameNetVer: 0 (Checksum: 1811843857)
[2022.06.24-03.31.10:857][  0]LogTexture: Default maximum texture size for cubemaps generated from long-lat sources has been changed from 512 to unlimited. In order to preserve old behaiour for '/Engine/MapTemplates/Sky/DaylightAmbientCubemap.DaylightAmbientCubemap', its maximum texture size has been explicitly set to 512.
[2022.06.24-03.31.10:944][  0]LogHMD: PokeAHoleMaterial loaded successfully
[2022.06.24-03.31.10:954][  0]LogUObjectArray: 17178 objects as part of root set at end of initial load.
[2022.06.24-03.31.10:954][  0]LogUObjectAllocator: 4302048 out of 0 bytes used by permanent object pool.
[2022.06.24-03.31.10:954][  0]LogUObjectArray: CloseDisregardForGC: 0/0 objects in disregard for GC pool
[2022.06.24-03.31.11:744][  0]LogNiagaraDebuggerClient: Niagara Debugger Client Initialized | Session: BD9265DA493358EAE9A0F08F287252F6 | Instance: AD8346D64E15EE9C5D5318A4FB53A7EC (MSI-15692).
[2022.06.24-03.31.11:915][  0]LogPython: Using Python 3.7.7
[2022.06.24-03.31.12:817][  0]LogTcpMessaging: Initializing TcpMessaging bridge
[2022.06.24-03.31.12:828][  0]LogUdpMessaging: Initializing bridge on interface 0.0.0.0:0 to multicast group 230.0.0.1:6666.
[2022.06.24-03.31.13:097][  0]LogTemp: Warning: WeaponSocket is exist
[2022.06.24-03.31.14:818][  0]LogWindows: Error: === Critical error: ===
[2022.06.24-03.31.14:818][  0]LogWindows: Error: 
[2022.06.24-03.31.14:818][  0]LogWindows: Error: Fatal error!
[2022.06.24-03.31.14:818][  0]LogWindows: Error: 
[2022.06.24-03.31.14:818][  0]LogWindows: Error: Unhandled Exception: EXCEPTION_ACCESS_VIOLATION reading address 0x0000000000000508
[2022.06.24-03.31.14:818][  0]LogWindows: Error: 
[2022.06.24-03.31.14:818][  0]LogWindows: Error: [Callstack] 0x00007ffad609978f UE4Editor-UMG.dll!UnknownFunction []
[2022.06.24-03.31.14:818][  0]LogWindows: Error: [Callstack] 0x00007ffab253484a UE4Editor-UEStudyForMMO.dll!AMyCharacter::AMyCharacter() [C:\Users\dltkd\UE4_Study_MMO\UEStudyForMMO\Source\UEStudyForMMO\MyCharacter.cpp:23]
[2022.06.24-03.31.14:818][  0]LogWindows: Error: [Callstack] 0x00007ffad64b61d3 UE4Editor-CoreUObject.dll!UnknownFunction []
[2022.06.24-03.31.14:818][  0]LogWindows: Error: [Callstack] 0x00007ffad67d8faf UE4Editor-CoreUObject.dll!UnknownFunction []
[2022.06.24-03.31.14:818][  0]LogWindows: Error: [Callstack] 0x00007ffad67b5411 UE4Editor-CoreUObject.dll!UnknownFunction []
[2022.06.24-03.31.14:818][  0]LogWindows: Error: [Callstack] 0x00007ffad667ddc5 UE4Editor-CoreUObject.dll!UnknownFunction []
[2022.06.24-03.31.14:818][  0]LogWindows: Error: [Callstack] 0x00007ffacec51bea UE4Editor-Core.dll!UnknownFunction []
[2022.06.24-03.31.14:818][  0]LogWindows: Error: [Callstack] 0x00007ffacec715a3 UE4Editor-Core.dll!UnknownFunction []
[2022.06.24-03.31.14:818][  0]LogWindows: Error: [Callstack] 0x00007ffb2cce6433 UE4Editor-Projects.dll!UnknownFunction []
[2022.06.24-03.31.14:818][  0]LogWindows: Error: [Callstack] 0x00007ffb2cce674f UE4Editor-Projects.dll!UnknownFunction []
[2022.06.24-03.31.14:818][  0]LogWindows: Error: [Callstack] 0x00007ff6d9205642 UE4Editor.exe!UnknownFunction []
[2022.06.24-03.31.14:818][  0]LogWindows: Error: [Callstack] 0x00007ff6d9209000 UE4Editor.exe!UnknownFunction []
[2022.06.24-03.31.14:818][  0]LogWindows: Error: [Callstack] 0x00007ff6d9200d2c UE4Editor.exe!UnknownFunction []
[2022.06.24-03.31.14:818][  0]LogWindows: Error: [Callstack] 0x00007ff6d92010ba UE4Editor.exe!UnknownFunction []
[2022.06.24-03.31.14:818][  0]LogWindows: Error: [Callstack] 0x00007ff6d92040dd UE4Editor.exe!UnknownFunction []
[2022.06.24-03.31.14:818][  0]LogWindows: Error: [Callstack] 0x00007ff6d9215984 UE4Editor.exe!UnknownFunction []
[2022.06.24-03.31.14:818][  0]LogWindows: Error: [Callstack] 0x00007ff6d921853a UE4Editor.exe!UnknownFunction []
[2022.06.24-03.31.14:818][  0]LogWindows: Error: [Callstack] 0x00007ffb6aef7034 KERNEL32.DLL!UnknownFunction []
[2022.06.24-03.31.14:818][  0]LogWindows: Error: [Callstack] 0x00007ffb6ce82651 ntdll.dll!UnknownFunction []
[2022.06.24-03.31.14:818][  0]LogWindows: Error: 
[2022.06.24-03.31.14:831][  0]LogExit: Executing StaticShutdownAfterError
[2022.06.24-03.31.14:835][  0]LogWindows: FPlatformMisc::RequestExit(1)
[2022.06.24-03.31.14:835][  0]LogWindows: FPlatformMisc::RequestExitWithStatus(1, 3)
[2022.06.24-03.31.14:835][  0]LogCore: Engine exit requested (reason: Win RequestExit)
[2022.06.24-03.31.14:843][  0]Log file closed, 06/24/22 12:31:14
